================================================================================
AGENT 5: Copy YAMLs & Engine Tester
================================================================================

Found 87 generated YAML files

Step 1: Copying YAMLs to service directories...
--------------------------------------------------------------------------------
âœ… accessanalyzer                 â†’ ../services/accessanalyzer/rules/accessanalyzer.yaml
âœ… acm                            â†’ ../services/acm/rules/acm.yaml
âœ… apigateway                     â†’ ../services/apigateway/rules/apigateway.yaml
âœ… apigatewayv2                   â†’ ../services/apigatewayv2/rules/apigatewayv2.yaml
âœ… appstream                      â†’ ../services/appstream/rules/appstream.yaml
âœ… appsync                        â†’ ../services/appsync/rules/appsync.yaml
âœ… athena                         â†’ ../services/athena/rules/athena.yaml
âœ… autoscaling                    â†’ ../services/autoscaling/rules/autoscaling.yaml
âœ… backup                         â†’ ../services/backup/rules/backup.yaml
âœ… batch                          â†’ ../services/batch/rules/batch.yaml
âœ… bedrock                        â†’ ../services/bedrock/rules/bedrock.yaml
âœ… budgets                        â†’ ../services/budgets/rules/budgets.yaml
âœ… cloudformation                 â†’ ../services/cloudformation/rules/cloudformation.yaml
âœ… cloudfront                     â†’ ../services/cloudfront/rules/cloudfront.yaml
âœ… cloudtrail                     â†’ ../services/cloudtrail/rules/cloudtrail.yaml
âœ… cloudwatch                     â†’ ../services/cloudwatch/rules/cloudwatch.yaml
âœ… codeartifact                   â†’ ../services/codeartifact/rules/codeartifact.yaml
âœ… codebuild                      â†’ ../services/codebuild/rules/codebuild.yaml
âœ… cognito                        â†’ ../services/cognito/rules/cognito.yaml
âœ… config                         â†’ ../services/config/rules/config.yaml
âœ… controltower                   â†’ ../services/controltower/rules/controltower.yaml
âœ… datasync                       â†’ ../services/datasync/rules/datasync.yaml
âœ… detective                      â†’ ../services/detective/rules/detective.yaml
âœ… directconnect                  â†’ ../services/directconnect/rules/directconnect.yaml
âœ… dms                            â†’ ../services/dms/rules/dms.yaml
âœ… docdb                          â†’ ../services/docdb/rules/docdb.yaml
âœ… drs                            â†’ ../services/drs/rules/drs.yaml
âœ… dynamodb                       â†’ ../services/dynamodb/rules/dynamodb.yaml
âœ… ebs                            â†’ ../services/ebs/rules/ebs.yaml
âœ… ec2                            â†’ ../services/ec2/rules/ec2.yaml
âœ… ecr                            â†’ ../services/ecr/rules/ecr.yaml
âœ… ecs                            â†’ ../services/ecs/rules/ecs.yaml
âœ… efs                            â†’ ../services/efs/rules/efs.yaml
âœ… eip                            â†’ ../services/eip/rules/eip.yaml
âœ… eks                            â†’ ../services/eks/rules/eks.yaml
âœ… elasticache                    â†’ ../services/elasticache/rules/elasticache.yaml
âœ… elasticbeanstalk               â†’ ../services/elasticbeanstalk/rules/elasticbeanstalk.yaml
âœ… elb                            â†’ ../services/elb/rules/elb.yaml
âœ… elbv2                          â†’ ../services/elbv2/rules/elbv2.yaml
âœ… emr                            â†’ ../services/emr/rules/emr.yaml
âœ… firehose                       â†’ ../services/firehose/rules/firehose.yaml
âœ… fsx                            â†’ ../services/fsx/rules/fsx.yaml
âœ… glacier                        â†’ ../services/glacier/rules/glacier.yaml
âœ… globalaccelerator              â†’ ../services/globalaccelerator/rules/globalaccelerator.yaml
âœ… glue                           â†’ ../services/glue/rules/glue.yaml
âœ… guardduty                      â†’ ../services/guardduty/rules/guardduty.yaml
âœ… iam                            â†’ ../services/iam/rules/iam.yaml
âœ… inspector                      â†’ ../services/inspector/rules/inspector.yaml
âœ… kafka                          â†’ ../services/kafka/rules/kafka.yaml
âœ… keyspaces                      â†’ ../services/keyspaces/rules/keyspaces.yaml
âœ… kinesis                        â†’ ../services/kinesis/rules/kinesis.yaml
âœ… kinesisanalytics               â†’ ../services/kinesisanalytics/rules/kinesisanalytics.yaml
âœ… kms                            â†’ ../services/kms/rules/kms.yaml
âœ… lakeformation                  â†’ ../services/lakeformation/rules/lakeformation.yaml
âœ… lambda                         â†’ ../services/lambda/rules/lambda.yaml
âœ… lightsail                      â†’ ../services/lightsail/rules/lightsail.yaml
âœ… mq                             â†’ ../services/mq/rules/mq.yaml
âœ… neptune                        â†’ ../services/neptune/rules/neptune.yaml
âœ… opensearch                     â†’ ../services/opensearch/rules/opensearch.yaml
âœ… organizations                  â†’ ../services/organizations/rules/organizations.yaml
âœ… parameterstore                 â†’ ../services/parameterstore/rules/parameterstore.yaml
âœ… quicksight                     â†’ ../services/quicksight/rules/quicksight.yaml
âœ… rds                            â†’ ../services/rds/rules/rds.yaml
âœ… redshift                       â†’ ../services/redshift/rules/redshift.yaml
âœ… route53                        â†’ ../services/route53/rules/route53.yaml
âœ… s3                             â†’ ../services/s3/rules/s3.yaml
âœ… sagemaker                      â†’ ../services/sagemaker/rules/sagemaker.yaml
âœ… savingsplans                   â†’ ../services/savingsplans/rules/savingsplans.yaml
âœ… secretsmanager                 â†’ ../services/secretsmanager/rules/secretsmanager.yaml
âœ… securityhub                    â†’ ../services/securityhub/rules/securityhub.yaml
âœ… servicecatalog                 â†’ ../services/servicecatalog/rules/servicecatalog.yaml
âœ… ses                            â†’ ../services/ses/rules/ses.yaml
âœ… shield                         â†’ ../services/shield/rules/shield.yaml
âœ… sns                            â†’ ../services/sns/rules/sns.yaml
âœ… sqs                            â†’ ../services/sqs/rules/sqs.yaml
âœ… ssm                            â†’ ../services/ssm/rules/ssm.yaml
âœ… stepfunctions                  â†’ ../services/stepfunctions/rules/stepfunctions.yaml
âœ… storagegateway                 â†’ ../services/storagegateway/rules/storagegateway.yaml
âœ… transfer                       â†’ ../services/transfer/rules/transfer.yaml
âœ… vpc                            â†’ ../services/vpc/rules/vpc.yaml
âœ… vpcflowlogs                    â†’ ../services/vpcflowlogs/rules/vpcflowlogs.yaml
âœ… waf                            â†’ ../services/waf/rules/waf.yaml
âœ… wafv2                          â†’ ../services/wafv2/rules/wafv2.yaml
âœ… wellarchitected                â†’ ../services/wellarchitected/rules/wellarchitected.yaml
âœ… workflows                      â†’ ../services/workflows/rules/workflows.yaml
âœ… workspaces                     â†’ ../services/workspaces/rules/workspaces.yaml
âœ… xray                           â†’ ../services/xray/rules/xray.yaml

Copied: 87/87

Step 2: Engine testing...
--------------------------------------------------------------------------------
âœ… AWS credentials found
Testing ALL 87 services...

ğŸ“¦ accessanalyzer
   Running engine... âœ… 54 checks
   Errors: 2
      - 2025-12-13 11:54:54 WARNING Failed get_access_preview: An error occurred (ValidationException) when 
      - WARNING:compliance-boto3:Failed get_access_preview: An error occurred (ValidationException) when cal
ğŸ“¦ acm
   Running engine... âœ… 55 checks
   Errors: 2
      - 2025-12-13 11:55:14 WARNING Failed describe_certificate: An error occurred (ValidationException) whe
      - WARNING:compliance-boto3:Failed describe_certificate: An error occurred (ValidationException) when c
ğŸ“¦ apigateway
   Running engine... âœ… 56 checks
   Errors: 8
      - 2025-12-13 11:55:32 WARNING Failed get_authorizers: An error occurred (NotFoundException) when calli
      - WARNING:compliance-boto3:Failed get_authorizers: An error occurred (NotFoundException) when calling 
ğŸ“¦ apigatewayv2
   Running engine... âœ… 56 checks
   Errors: 4
      - 2025-12-13 11:56:32 WARNING Failed get_stages: An error occurred (NotFoundException) when calling th
      - WARNING:compliance-boto3:Failed get_stages: An error occurred (NotFoundException) when calling the G
ğŸ“¦ appstream
   Running engine... âŒ Errors found
   Errors: 1
      - Traceback (most recent call last):
ğŸ“¦ appsync
   Running engine... âŒ Errors found
   Errors: 1
      - Traceback (most recent call last):
ğŸ“¦ athena
   Running engine... âœ… 57 checks
   Errors: 2
      - 2025-12-13 11:57:07 WARNING Failed get_work_group: An error occurred (InvalidRequestException) when 
      - WARNING:compliance-boto3:Failed get_work_group: An error occurred (InvalidRequestException) when cal
ğŸ“¦ autoscaling
   Running engine... âœ… 57 checks
ğŸ“¦ backup
   Running engine... âŒ Errors found
   Errors: 1
      - Traceback (most recent call last):
ğŸ“¦ batch
   Running engine... âœ… 57 checks
ğŸ“¦ bedrock
   Running engine... âœ… 57 checks
   Errors: 2
      - 2025-12-13 11:57:33 WARNING Failed list_automated_reasoning_policy_build_workflows: An error occurre
      - WARNING:compliance-boto3:Failed list_automated_reasoning_policy_build_workflows: An error occurred (
ğŸ“¦ budgets
   Running engine... âŒ Errors found
   Errors: 1
      - Traceback (most recent call last):
ğŸ“¦ cloudformation
   Running engine... âœ… 57 checks
ğŸ“¦ cloudfront
   Running engine... âœ… 59 checks
   Errors: 12
      - 2025-12-13 11:57:55 WARNING Failed get_distribution_config: An error occurred (NoSuchDistribution) w
      - WARNING:compliance-boto3:Failed get_distribution_config: An error occurred (NoSuchDistribution) when
ğŸ“¦ cloudtrail
   Running engine... âŒ Errors found
   Errors: 1
      - Traceback (most recent call last):
ğŸ“¦ cloudwatch
   Running engine... âŒ Errors found
   Errors: 1
      - Traceback (most recent call last):
ğŸ“¦ codeartifact
   Running engine... âŒ Errors found
   Errors: 1
      - Traceback (most recent call last):
ğŸ“¦ codebuild
   Running engine... âŒ Errors found
   Errors: 1
      - Traceback (most recent call last):
ğŸ“¦ cognito
   Running engine... âŒ Errors found
   Errors: 1
      - Traceback (most recent call last):
ğŸ“¦ config
   Running engine... âŒ Errors found
   Errors: 1
      - Traceback (most recent call last):
ğŸ“¦ controltower
   Running engine... âŒ Errors found
   Errors: 1
      - Traceback (most recent call last):
ğŸ“¦ datasync
   Running engine... âŒ Errors found
   Errors: 1
      - Traceback (most recent call last):
ğŸ“¦ detective
   Running engine... âŒ Errors found
   Errors: 1
      - Traceback (most recent call last):
ğŸ“¦ directconnect
   Running engine... âœ… 59 checks
   Errors: 2
      - 2025-12-13 11:59:41 WARNING Failed create_bgp_peer: An error occurred (DirectConnectClientException)
      - WARNING:compliance-boto3:Failed create_bgp_peer: An error occurred (DirectConnectClientException) wh
ğŸ“¦ dms
   Running engine... âœ… 0 checks
   Errors: 2
      - 2025-12-13 12:00:05 WARNING Failed create_instance_profile: An error occurred (AccessDeniedFault) wh
      - WARNING:compliance-boto3:Failed create_instance_profile: An error occurred (AccessDeniedFault) when 
ğŸ“¦ docdb
   Running engine... âœ… 0 checks
ğŸ“¦ drs
   Running engine... âŒ Errors found
   Errors: 1
      - Traceback (most recent call last):
ğŸ“¦ dynamodb
   Running engine... âœ… 1 checks
   Errors: 12
      - 2025-12-13 12:00:53 WARNING Failed describe_continuous_backups: An error occurred (ValidationExcepti
      - WARNING:compliance-boto3:Failed describe_continuous_backups: An error occurred (ValidationException)
ğŸ“¦ ebs
   Running engine... âœ… 2 checks
   Errors: 6
      - 2025-12-13 12:02:18 WARNING Failed list_snapshot_blocks: An error occurred (ValidationException) whe
      - WARNING:compliance-boto3:Failed list_snapshot_blocks: An error occurred (ValidationException) when c
ğŸ“¦ ec2
   Running engine... âŒ Errors found
   Errors: 1
      - Timeout after 120 seconds
ğŸ“¦ ecr
   Running engine... âœ… 5 checks
   Errors: 4
      - 2025-12-13 12:05:11 WARNING Failed delete_signing_configuration: An error occurred (SigningConfigura
      - WARNING:compliance-boto3:Failed delete_signing_configuration: An error occurred (SigningConfiguratio
ğŸ“¦ ecs
   Running engine... âœ… 6 checks
   Errors: 4
      - 2025-12-13 12:05:46 WARNING Failed register_container_instance: An error occurred (InvalidParameterE
      - WARNING:compliance-boto3:Failed register_container_instance: An error occurred (InvalidParameterExce
ğŸ“¦ efs
   Running engine... âœ… 6 checks
   Errors: 4
      - 2025-12-13 12:06:28 WARNING Failed describe_mount_targets: An error occurred (BadRequest) when calli
      - WARNING:compliance-boto3:Failed describe_mount_targets: An error occurred (BadRequest) when calling 
ğŸ“¦ eip
   Running engine... âŒ Errors found
   Errors: 1
      - Traceback (most recent call last):
ğŸ“¦ eks
   Running engine... âŒ Errors found
   Errors: 1
      - Timeout after 120 seconds
ğŸ“¦ elasticache
   Running engine... âœ… 8 checks
ğŸ“¦ elasticbeanstalk
   Running engine... âœ… 9 checks
   Errors: 6
      - 2025-12-13 12:09:02 WARNING Failed describe_configuration_options: An error occurred (InvalidParamet
      - WARNING:compliance-boto3:Failed describe_configuration_options: An error occurred (InvalidParameterV
ğŸ“¦ elb
   Running engine... âŒ Errors found
   Errors: 1
      - Traceback (most recent call last):
ğŸ“¦ elbv2
   Running engine... âœ… 10 checks
   Errors: 6
      - 2025-12-13 12:09:57 WARNING Failed describe_listeners: An error occurred (ValidationError) when call
      - WARNING:compliance-boto3:Failed describe_listeners: An error occurred (ValidationError) when calling
ğŸ“¦ emr
   Running engine... âœ… 10 checks
   Errors: 2
      - 2025-12-13 12:10:57 WARNING Failed list_instances: An error occurred (ValidationException) when call
      - WARNING:compliance-boto3:Failed list_instances: An error occurred (ValidationException) when calling
ğŸ“¦ firehose
   Running engine... âœ… 11 checks
   Errors: 2
      - 2025-12-13 12:11:18 WARNING Failed describe_delivery_stream: An error occurred (ValidationException)
      - WARNING:compliance-boto3:Failed describe_delivery_stream: An error occurred (ValidationException) wh
ğŸ“¦ fsx
   Running engine... âœ… 11 checks
   Errors: 2
      - 2025-12-13 12:11:38 WARNING Failed create_backup: An error occurred (BadRequest) when calling the Cr
      - WARNING:compliance-boto3:Failed create_backup: An error occurred (BadRequest) when calling the Creat
ğŸ“¦ glacier
   Running engine... âŒ Errors found
   Errors: 1
      - Traceback (most recent call last):
ğŸ“¦ globalaccelerator
   Running engine... âŒ Errors found
   Errors: 1
      - Timeout after 120 seconds
ğŸ“¦ glue
   Running engine... âœ… 13 checks
ğŸ“¦ guardduty
   Running engine... âœ… 15 checks
   Errors: 10
      - 2025-12-13 12:14:06 WARNING Failed describe_organization_configuration: An error occurred (BadReques
      - WARNING:compliance-boto3:Failed describe_organization_configuration: An error occurred (BadRequestEx
ğŸ“¦ iam
   Running engine... âœ… 16 checks
   Errors: 8
      - 2025-12-13 12:15:27 WARNING Failed create_access_key: An error occurred (LimitExceeded) when calling
      - WARNING:compliance-boto3:Failed create_access_key: An error occurred (LimitExceeded) when calling th
ğŸ“¦ inspector
   Running engine... âŒ Errors found
   Errors: 1
      - Traceback (most recent call last):
ğŸ“¦ kafka
   Running engine... âŒ Errors found
   Errors: 1
      - Traceback (most recent call last):
ğŸ“¦ keyspaces
   Running engine... âœ… 16 checks
ğŸ“¦ kinesis
   Running engine... âœ… 17 checks
   Errors: 4
      - 2025-12-13 12:16:43 WARNING Failed describe_stream: An error occurred (InvalidArgumentException) whe
      - WARNING:compliance-boto3:Failed describe_stream: An error occurred (InvalidArgumentException) when c
ğŸ“¦ kinesisanalytics
   Running engine... âŒ Errors found
   Errors: 1
      - Traceback (most recent call last):
ğŸ“¦ kms
   Running engine... âœ… 17 checks
   Errors: 2
      - 2025-12-13 12:17:23 WARNING Failed list_grants: An error occurred (NotFoundException) when calling t
      - WARNING:compliance-boto3:Failed list_grants: An error occurred (NotFoundException) when calling the 
ğŸ“¦ lakeformation
   Running engine... âŒ Errors found
   Errors: 1
      - Traceback (most recent call last):
ğŸ“¦ lambda
   Running engine... âœ… 17 checks
   Errors: 4
      - 2025-12-13 12:17:43 WARNING Failed create_function_url_config: An error occurred (ValidationExceptio
      - WARNING:compliance-boto3:Failed create_function_url_config: An error occurred (ValidationException) 
ğŸ“¦ lightsail
   Running engine... âœ… 18 checks
   Errors: 2
      - 2025-12-13 12:18:22 WARNING Failed create_container_service_registry_login: An error occurred (Inval
      - WARNING:compliance-boto3:Failed create_container_service_registry_login: An error occurred (InvalidI
ğŸ“¦ mq
   Running engine... âŒ Errors found
   Errors: 1
      - Traceback (most recent call last):
ğŸ“¦ neptune
   Running engine... âœ… 18 checks
   Errors: 2
      - 2025-12-13 12:18:59 WARNING Failed describe_orderable_db_instance_options: An error occurred (Invali
      - WARNING:compliance-boto3:Failed describe_orderable_db_instance_options: An error occurred (InvalidPa
ğŸ“¦ opensearch
   Running engine... âœ… 19 checks
   Errors: 2
      - 2025-12-13 12:19:21 WARNING Failed create_domain: An error occurred (ValidationException) when calli
      - WARNING:compliance-boto3:Failed create_domain: An error occurred (ValidationException) when calling 
ğŸ“¦ organizations
   Running engine... âŒ Errors found
   Errors: 1
      - Traceback (most recent call last):
ğŸ“¦ parameterstore
   Running engine... âŒ Errors found
   Errors: 1
      - Traceback (most recent call last):
ğŸ“¦ quicksight
   Running engine... âŒ Errors found
   Errors: 1
      - Traceback (most recent call last):
ğŸ“¦ rds
   Running engine... âœ… 21 checks
   Errors: 8
      - 2025-12-13 12:19:52 WARNING Failed delete_db_instance_automated_backup: An error occurred (InvalidPa
      - WARNING:compliance-boto3:Failed delete_db_instance_automated_backup: An error occurred (InvalidParam
ğŸ“¦ redshift
   Running engine... âœ… 21 checks
   Errors: 4
      - 2025-12-13 12:21:26 WARNING Failed describe_cluster_security_groups: An error occurred (InvalidParam
      - WARNING:compliance-boto3:Failed describe_cluster_security_groups: An error occurred (InvalidParamete
ğŸ“¦ route53
   Running engine... âœ… 22 checks
   Errors: 6
      - 2025-12-13 12:22:14 WARNING Failed list_resource_record_sets: An error occurred (NoSuchHostedZone) w
      - WARNING:compliance-boto3:Failed list_resource_record_sets: An error occurred (NoSuchHostedZone) when
ğŸ“¦ s3
   Running engine... âŒ Errors found
   Errors: 1
      - Timeout after 120 seconds
ğŸ“¦ sagemaker
   Running engine... âŒ Errors found
   Errors: 1
      - Traceback (most recent call last):
ğŸ“¦ savingsplans
   Running engine... âŒ Errors found
   Errors: 1
      - Traceback (most recent call last):
ğŸ“¦ secretsmanager
   Running engine... âœ… 24 checks
ğŸ“¦ securityhub
   Running engine... âŒ Errors found
   Errors: 1
      - Traceback (most recent call last):
ğŸ“¦ servicecatalog
   Running engine... âŒ Errors found
   Errors: 1
      - Traceback (most recent call last):
ğŸ“¦ ses
   Running engine... âŒ Errors found
   Errors: 1
      - Traceback (most recent call last):
ğŸ“¦ shield
   Running engine... âŒ Errors found
   Errors: 1
      - Traceback (most recent call last):
ğŸ“¦ sns
   Running engine... âŒ Errors found
   Errors: 1
      - Traceback (most recent call last):
ğŸ“¦ sqs
   Running engine... âŒ Errors found
   Errors: 1
      - Traceback (most recent call last):
ğŸ“¦ ssm
   Running engine... âŒ Errors found
   Errors: 1
      - Traceback (most recent call last):
ğŸ“¦ stepfunctions
   Running engine... âŒ Errors found
   Errors: 1
      - Traceback (most recent call last):
ğŸ“¦ storagegateway
   Running engine... âŒ Errors found
   Errors: 1
      - Traceback (most recent call last):
ğŸ“¦ transfer
   Running engine... âŒ Errors found
   Errors: 1
      - Traceback (most recent call last):
ğŸ“¦ vpc
   Running engine... âœ… 24 checks
   Errors: 4
      - 2025-12-13 12:24:59 ERROR Regional service vpc in us-east-1 failed: Unknown service: 'vpc'. Valid se
      - ERROR:compliance-boto3:Regional service vpc in us-east-1 failed: Unknown service: 'vpc'. Valid servi
ğŸ“¦ vpcflowlogs
   Running engine... âŒ Errors found
   Errors: 1
      - Traceback (most recent call last):
ğŸ“¦ waf
   Running engine... âŒ Errors found
   Errors: 1
      - Timeout after 120 seconds
ğŸ“¦ wafv2
   Running engine... âŒ Errors found
   Errors: 1
      - Timeout after 120 seconds
ğŸ“¦ wellarchitected
   Running engine... âŒ Errors found
   Errors: 1
      - Traceback (most recent call last):
ğŸ“¦ workflows
   Running engine... âŒ Errors found
   Errors: 1
      - Traceback (most recent call last):
ğŸ“¦ workspaces
   Running engine... âœ… 29 checks
ğŸ“¦ xray
   Running engine... âŒ Errors found
   Errors: 1
      - Traceback (most recent call last):

================================================================================
AGENT 5 COMPLETE
================================================================================

âœ… Copied 87 YAMLs to ../services/*/rules/
ğŸ”¬ Tested 87 services
   âœ… Successful: 40
   âŒ With errors: 47
   Total checks: 1010

Next: Agent 6 will analyze errors

YAMLs are now in place for engine to use!
