{
  "appstream": {
    "success": true,
    "checks_count": 50,
    "errors": [],
    "output": "l\n2025-12-13 17:50:49 INFO \nParallelism:\nINFO:compliance_scan_scan_20251213_122049:\nParallelism:\n2025-12-13 17:50:49 INFO   Account workers: 3\nINFO:compliance_scan_scan_20251213_122049:  Account workers: 3\n2025-12-13 17:50:49 INFO   Service/region workers: 10\nINFO:compliance_scan_scan_20251213_122049:  Service/region workers: 10\n2025-12-13 17:50:49 INFO   Max concurrent tasks: 30\nINFO:compliance_scan_scan_20251213_122049:  Max concurrent tasks: 30\n2025-12-13 17:50:49 INFO \nScanning 1 accounts in parallel (max 3)...\nINFO:compliance_scan_scan_20251213_122049:\nScanning 1 accounts in parallel (max 3)...\nINFO:__main__:  Scan tasks: 1\nINFO:botocore.credentials:Found credentials in shared credentials file: ~/.aws/credentials\n2025-12-13 17:50:50 INFO [1/1] \u2713 Account-588989875114 (588989875114): 0 checks\nINFO:compliance_scan_scan_20251213_122049:[1/1] \u2713 Account-588989875114 (588989875114): 0 checks\n2025-12-13 17:50:50 INFO \n================================================================================\nINFO:compliance_scan_scan_20251213_122049:\n================================================================================\n2025-12-13 17:50:50 INFO SCAN COMPLETE\nINFO:compliance_scan_scan_20251213_122049:SCAN COMPLETE\n2025-12-13 17:50:50 INFO ================================================================================\nINFO:compliance_scan_scan_20251213_122049:================================================================================\n2025-12-13 17:50:50 INFO Total checks: 0\nINFO:compliance_scan_scan_20251213_122049:Total checks: 0\n2025-12-13 17:50:50 INFO   PASS: 0\nINFO:compliance_scan_scan_20251213_122049:  PASS: 0\n2025-12-13 17:50:50 INFO   FAIL: 0\nINFO:compliance_scan_scan_20251213_122049:  FAIL: 0\n2025-12-13 17:50:50 INFO \nReport: /Users/apple/Desktop/threat-engine/aws_compliance_python_engine/output/scan_20251213_122049\nINFO:compliance_scan_scan_20251213_122049:\nReport: /Users/apple/Desktop/threat-engine/aws_compliance_python_engine/output/scan_20251213_122049\n"
  },
  "appsync": {
    "success": true,
    "checks_count": 50,
    "errors": [],
    "output": "l\n2025-12-13 17:50:51 INFO \nParallelism:\nINFO:compliance_scan_scan_20251213_122051:\nParallelism:\n2025-12-13 17:50:51 INFO   Account workers: 3\nINFO:compliance_scan_scan_20251213_122051:  Account workers: 3\n2025-12-13 17:50:51 INFO   Service/region workers: 10\nINFO:compliance_scan_scan_20251213_122051:  Service/region workers: 10\n2025-12-13 17:50:51 INFO   Max concurrent tasks: 30\nINFO:compliance_scan_scan_20251213_122051:  Max concurrent tasks: 30\n2025-12-13 17:50:51 INFO \nScanning 1 accounts in parallel (max 3)...\nINFO:compliance_scan_scan_20251213_122051:\nScanning 1 accounts in parallel (max 3)...\nINFO:__main__:  Scan tasks: 1\nINFO:botocore.credentials:Found credentials in shared credentials file: ~/.aws/credentials\n2025-12-13 17:50:52 INFO [1/1] \u2713 Account-588989875114 (588989875114): 0 checks\nINFO:compliance_scan_scan_20251213_122051:[1/1] \u2713 Account-588989875114 (588989875114): 0 checks\n2025-12-13 17:50:52 INFO \n================================================================================\nINFO:compliance_scan_scan_20251213_122051:\n================================================================================\n2025-12-13 17:50:52 INFO SCAN COMPLETE\nINFO:compliance_scan_scan_20251213_122051:SCAN COMPLETE\n2025-12-13 17:50:52 INFO ================================================================================\nINFO:compliance_scan_scan_20251213_122051:================================================================================\n2025-12-13 17:50:52 INFO Total checks: 0\nINFO:compliance_scan_scan_20251213_122051:Total checks: 0\n2025-12-13 17:50:52 INFO   PASS: 0\nINFO:compliance_scan_scan_20251213_122051:  PASS: 0\n2025-12-13 17:50:52 INFO   FAIL: 0\nINFO:compliance_scan_scan_20251213_122051:  FAIL: 0\n2025-12-13 17:50:52 INFO \nReport: /Users/apple/Desktop/threat-engine/aws_compliance_python_engine/output/scan_20251213_122051\nINFO:compliance_scan_scan_20251213_122051:\nReport: /Users/apple/Desktop/threat-engine/aws_compliance_python_engine/output/scan_20251213_122051\n"
  },
  "backup": {
    "success": true,
    "checks_count": 51,
    "errors": [
      "2025-12-13 17:51:09 WARNING Failed list_recovery_points_by_backup_vault: An error occurred (AccessDeniedException) when calling the ListRecoveryPointsByBackupVault operation: Insufficient privileges to perform this action.",
      "WARNING:compliance-boto3:Failed list_recovery_points_by_backup_vault: An error occurred (AccessDeniedException) when calling the ListRecoveryPointsByBackupVault operation: Insufficient privileges to perform this action.",
      "2025-12-13 17:51:22 WARNING Failed describe_backup_vault: An error occurred (AccessDeniedException) when calling the DescribeBackupVault operation: Insufficient privileges to perform this action.",
      "WARNING:compliance-boto3:Failed describe_backup_vault: An error occurred (AccessDeniedException) when calling the DescribeBackupVault operation: Insufficient privileges to perform this action."
    ],
    "output": "Exception) when calling the ListRecoveryPointsByBackupVault operation: Insufficient privileges to perform this action.\nWARNING:compliance-boto3:Failed list_recovery_points_by_backup_vault: An error occurred (AccessDeniedException) when calling the ListRecoveryPointsByBackupVault operation: Insufficient privileges to perform this action.\n2025-12-13 17:51:22 WARNING Failed describe_backup_vault: An error occurred (AccessDeniedException) when calling the DescribeBackupVault operation: Insufficient privileges to perform this action.\nWARNING:compliance-boto3:Failed describe_backup_vault: An error occurred (AccessDeniedException) when calling the DescribeBackupVault operation: Insufficient privileges to perform this action.\n2025-12-13 17:51:22 INFO [1/1] \u2713 Account-588989875114 (588989875114): 3 checks\nINFO:compliance_scan_scan_20251213_122052:[1/1] \u2713 Account-588989875114 (588989875114): 3 checks\n2025-12-13 17:51:22 INFO \n================================================================================\nINFO:compliance_scan_scan_20251213_122052:\n================================================================================\n2025-12-13 17:51:22 INFO SCAN COMPLETE\nINFO:compliance_scan_scan_20251213_122052:SCAN COMPLETE\n2025-12-13 17:51:22 INFO ================================================================================\nINFO:compliance_scan_scan_20251213_122052:================================================================================\n2025-12-13 17:51:22 INFO Total checks: 3\nINFO:compliance_scan_scan_20251213_122052:Total checks: 3\n2025-12-13 17:51:22 INFO   PASS: 0\nINFO:compliance_scan_scan_20251213_122052:  PASS: 0\n2025-12-13 17:51:22 INFO   FAIL: 3\nINFO:compliance_scan_scan_20251213_122052:  FAIL: 3\n2025-12-13 17:51:22 INFO \nReport: /Users/apple/Desktop/threat-engine/aws_compliance_python_engine/output/scan_20251213_122052\nINFO:compliance_scan_scan_20251213_122052:\nReport: /Users/apple/Desktop/threat-engine/aws_compliance_python_engine/output/scan_20251213_122052\n"
  },
  "budgets": {
    "success": true,
    "checks_count": 51,
    "errors": [
      "2025-12-13 17:51:35 WARNING Failed delete_budget_action: Parameter validation failed:",
      "WARNING:compliance-boto3:Failed delete_budget_action: Parameter validation failed:",
      "2025-12-13 17:51:49 WARNING Failed describe_notifications_for_budget: An error occurred (ValidationException) when calling the DescribeNotificationsForBudget operation: 2 validation errors detected: Value at 'accountId' failed to satisfy constraint: Member must satisfy regular expression pattern; Value at 'accountId' failed to satisfy constraint: Member must have length less than or equal to 12",
      "WARNING:compliance-boto3:Failed describe_notifications_for_budget: An error occurred (ValidationException) when calling the DescribeNotificationsForBudget operation: 2 validation errors detected: Value at 'accountId' failed to satisfy constraint: Member must satisfy regular expression pattern; Value at 'accountId' failed to satisfy constraint: Member must have length less than or equal to 12"
    ],
    "output": "get: An error occurred (ValidationException) when calling the DescribeNotificationsForBudget operation: 2 validation errors detected: Value at 'accountId' failed to satisfy constraint: Member must satisfy regular expression pattern; Value at 'accountId' failed to satisfy constraint: Member must have length less than or equal to 12\nWARNING:compliance-boto3:Failed describe_notifications_for_budget: An error occurred (ValidationException) when calling the DescribeNotificationsForBudget operation: 2 validation errors detected: Value at 'accountId' failed to satisfy constraint: Member must satisfy regular expression pattern; Value at 'accountId' failed to satisfy constraint: Member must have length less than or equal to 12\n2025-12-13 17:51:50 INFO [1/1] \u2713 Account-588989875114 (588989875114): 4 checks\nINFO:compliance_scan_scan_20251213_122123:[1/1] \u2713 Account-588989875114 (588989875114): 4 checks\n2025-12-13 17:51:50 INFO \n================================================================================\nINFO:compliance_scan_scan_20251213_122123:\n================================================================================\n2025-12-13 17:51:50 INFO SCAN COMPLETE\nINFO:compliance_scan_scan_20251213_122123:SCAN COMPLETE\n2025-12-13 17:51:50 INFO ================================================================================\nINFO:compliance_scan_scan_20251213_122123:================================================================================\n2025-12-13 17:51:50 INFO Total checks: 4\nINFO:compliance_scan_scan_20251213_122123:Total checks: 4\n2025-12-13 17:51:50 INFO   PASS: 0\nINFO:compliance_scan_scan_20251213_122123:  PASS: 0\n2025-12-13 17:51:50 INFO   FAIL: 4\nINFO:compliance_scan_scan_20251213_122123:  FAIL: 4\n2025-12-13 17:51:50 INFO \nReport: /Users/apple/Desktop/threat-engine/aws_compliance_python_engine/output/scan_20251213_122123\nINFO:compliance_scan_scan_20251213_122123:\nReport: /Users/apple/Desktop/threat-engine/aws_compliance_python_engine/output/scan_20251213_122123\n"
  },
  "cloudtrail": {
    "success": true,
    "checks_count": 52,
    "errors": [
      "2025-12-13 17:52:10 WARNING Failed get_event_selectors: An error occurred (InvalidTrailNameException) when calling the GetEventSelectors operation: Trail name must start with a letter or number.",
      "WARNING:compliance-boto3:Failed get_event_selectors: An error occurred (InvalidTrailNameException) when calling the GetEventSelectors operation: Trail name must start with a letter or number."
    ],
    "output": ":compliance_scan_scan_20251213_122150:  Max concurrent tasks: 30\n2025-12-13 17:51:50 INFO \nScanning 1 accounts in parallel (max 3)...\nINFO:compliance_scan_scan_20251213_122150:\nScanning 1 accounts in parallel (max 3)...\nINFO:__main__:  Scan tasks: 1\nINFO:botocore.credentials:Found credentials in shared credentials file: ~/.aws/credentials\n2025-12-13 17:52:10 WARNING Failed get_event_selectors: An error occurred (InvalidTrailNameException) when calling the GetEventSelectors operation: Trail name must start with a letter or number.\nWARNING:compliance-boto3:Failed get_event_selectors: An error occurred (InvalidTrailNameException) when calling the GetEventSelectors operation: Trail name must start with a letter or number.\n2025-12-13 17:52:10 INFO [1/1] \u2713 Account-588989875114 (588989875114): 3 checks\nINFO:compliance_scan_scan_20251213_122150:[1/1] \u2713 Account-588989875114 (588989875114): 3 checks\n2025-12-13 17:52:10 INFO \n================================================================================\nINFO:compliance_scan_scan_20251213_122150:\n================================================================================\n2025-12-13 17:52:10 INFO SCAN COMPLETE\nINFO:compliance_scan_scan_20251213_122150:SCAN COMPLETE\n2025-12-13 17:52:10 INFO ================================================================================\nINFO:compliance_scan_scan_20251213_122150:================================================================================\n2025-12-13 17:52:10 INFO Total checks: 3\nINFO:compliance_scan_scan_20251213_122150:Total checks: 3\n2025-12-13 17:52:10 INFO   PASS: 0\nINFO:compliance_scan_scan_20251213_122150:  PASS: 0\n2025-12-13 17:52:10 INFO   FAIL: 3\nINFO:compliance_scan_scan_20251213_122150:  FAIL: 3\n2025-12-13 17:52:10 INFO \nReport: /Users/apple/Desktop/threat-engine/aws_compliance_python_engine/output/scan_20251213_122150\nINFO:compliance_scan_scan_20251213_122150:\nReport: /Users/apple/Desktop/threat-engine/aws_compliance_python_engine/output/scan_20251213_122150\n"
  },
  "cloudwatch": {
    "success": true,
    "checks_count": 52,
    "errors": [],
    "output": "l\n2025-12-13 17:52:10 INFO \nParallelism:\nINFO:compliance_scan_scan_20251213_122210:\nParallelism:\n2025-12-13 17:52:10 INFO   Account workers: 3\nINFO:compliance_scan_scan_20251213_122210:  Account workers: 3\n2025-12-13 17:52:10 INFO   Service/region workers: 10\nINFO:compliance_scan_scan_20251213_122210:  Service/region workers: 10\n2025-12-13 17:52:10 INFO   Max concurrent tasks: 30\nINFO:compliance_scan_scan_20251213_122210:  Max concurrent tasks: 30\n2025-12-13 17:52:10 INFO \nScanning 1 accounts in parallel (max 3)...\nINFO:compliance_scan_scan_20251213_122210:\nScanning 1 accounts in parallel (max 3)...\nINFO:__main__:  Scan tasks: 1\nINFO:botocore.credentials:Found credentials in shared credentials file: ~/.aws/credentials\n2025-12-13 17:52:14 INFO [1/1] \u2713 Account-588989875114 (588989875114): 4 checks\nINFO:compliance_scan_scan_20251213_122210:[1/1] \u2713 Account-588989875114 (588989875114): 4 checks\n2025-12-13 17:52:14 INFO \n================================================================================\nINFO:compliance_scan_scan_20251213_122210:\n================================================================================\n2025-12-13 17:52:14 INFO SCAN COMPLETE\nINFO:compliance_scan_scan_20251213_122210:SCAN COMPLETE\n2025-12-13 17:52:14 INFO ================================================================================\nINFO:compliance_scan_scan_20251213_122210:================================================================================\n2025-12-13 17:52:14 INFO Total checks: 4\nINFO:compliance_scan_scan_20251213_122210:Total checks: 4\n2025-12-13 17:52:14 INFO   PASS: 3\nINFO:compliance_scan_scan_20251213_122210:  PASS: 3\n2025-12-13 17:52:14 INFO   FAIL: 1\nINFO:compliance_scan_scan_20251213_122210:  FAIL: 1\n2025-12-13 17:52:14 INFO \nReport: /Users/apple/Desktop/threat-engine/aws_compliance_python_engine/output/scan_20251213_122210\nINFO:compliance_scan_scan_20251213_122210:\nReport: /Users/apple/Desktop/threat-engine/aws_compliance_python_engine/output/scan_20251213_122210\n"
  },
  "codeartifact": {
    "success": true,
    "checks_count": 52,
    "errors": [
      "2025-12-13 17:52:28 WARNING Failed associate_external_connection: An error occurred (ValidationException) when calling the AssociateExternalConnection operation: 3 validation errors detected: Value '{{ item.FIELD_NAME }}' at 'externalConnection' failed to satisfy constraint: Member must satisfy regular expression pattern: [A-Za-z0-9][A-Za-z0-9._\\-:]{1,99}; Value '{{ item.FIELD_NAME }}' at 'domain' failed to satisfy constraint: Member must satisfy regular expression pattern: [a-z][a-z0-9\\-]{0,48}[a-z0-9]; Value '{{ item.FIELD_NAME }}' at 'repository' failed to satisfy constraint: Member must satisfy regular expression pattern: [A-Za-z0-9][A-Za-z0-9._\\-]{1,99}",
      "WARNING:compliance-boto3:Failed associate_external_connection: An error occurred (ValidationException) when calling the AssociateExternalConnection operation: 3 validation errors detected: Value '{{ item.FIELD_NAME }}' at 'externalConnection' failed to satisfy constraint: Member must satisfy regular expression pattern: [A-Za-z0-9][A-Za-z0-9._\\-:]{1,99}; Value '{{ item.FIELD_NAME }}' at 'domain' failed to satisfy constraint: Member must satisfy regular expression pattern: [a-z][a-z0-9\\-]{0,48}[a-z0-9]; Value '{{ item.FIELD_NAME }}' at 'repository' failed to satisfy constraint: Member must satisfy regular expression pattern: [A-Za-z0-9][A-Za-z0-9._\\-]{1,99}"
    ],
    "output": "fy regular expression pattern: [A-Za-z0-9][A-Za-z0-9._\\-]{1,99}\nWARNING:compliance-boto3:Failed associate_external_connection: An error occurred (ValidationException) when calling the AssociateExternalConnection operation: 3 validation errors detected: Value '{{ item.FIELD_NAME }}' at 'externalConnection' failed to satisfy constraint: Member must satisfy regular expression pattern: [A-Za-z0-9][A-Za-z0-9._\\-:]{1,99}; Value '{{ item.FIELD_NAME }}' at 'domain' failed to satisfy constraint: Member must satisfy regular expression pattern: [a-z][a-z0-9\\-]{0,48}[a-z0-9]; Value '{{ item.FIELD_NAME }}' at 'repository' failed to satisfy constraint: Member must satisfy regular expression pattern: [A-Za-z0-9][A-Za-z0-9._\\-]{1,99}\n2025-12-13 17:52:28 INFO [1/1] \u2713 Account-588989875114 (588989875114): 1 checks\nINFO:compliance_scan_scan_20251213_122214:[1/1] \u2713 Account-588989875114 (588989875114): 1 checks\n2025-12-13 17:52:28 INFO \n================================================================================\nINFO:compliance_scan_scan_20251213_122214:\n================================================================================\n2025-12-13 17:52:28 INFO SCAN COMPLETE\nINFO:compliance_scan_scan_20251213_122214:SCAN COMPLETE\n2025-12-13 17:52:28 INFO ================================================================================\nINFO:compliance_scan_scan_20251213_122214:================================================================================\n2025-12-13 17:52:28 INFO Total checks: 1\nINFO:compliance_scan_scan_20251213_122214:Total checks: 1\n2025-12-13 17:52:28 INFO   PASS: 0\nINFO:compliance_scan_scan_20251213_122214:  PASS: 0\n2025-12-13 17:52:28 INFO   FAIL: 1\nINFO:compliance_scan_scan_20251213_122214:  FAIL: 1\n2025-12-13 17:52:28 INFO \nReport: /Users/apple/Desktop/threat-engine/aws_compliance_python_engine/output/scan_20251213_122214\nINFO:compliance_scan_scan_20251213_122214:\nReport: /Users/apple/Desktop/threat-engine/aws_compliance_python_engine/output/scan_20251213_122214\n"
  },
  "codebuild": {
    "success": true,
    "checks_count": 53,
    "errors": [
      "2025-12-13 17:52:48 WARNING Failed retry_build: An error occurred (InvalidInputException) when calling the RetryBuild operation: Build ID or ARN is required",
      "WARNING:compliance-boto3:Failed retry_build: An error occurred (InvalidInputException) when calling the RetryBuild operation: Build ID or ARN is required",
      "2025-12-13 17:53:00 WARNING Failed batch_get_fleets: Parameter validation failed:",
      "WARNING:compliance-boto3:Failed batch_get_fleets: Parameter validation failed:"
    ],
    "output": "uild operation: Build ID or ARN is required\n2025-12-13 17:53:00 WARNING Failed batch_get_fleets: Parameter validation failed:\nInvalid type for parameter names, value: {{ item.id }}, type: <class 'str'>, valid types: <class 'list'>, <class 'tuple'>\nWARNING:compliance-boto3:Failed batch_get_fleets: Parameter validation failed:\nInvalid type for parameter names, value: {{ item.id }}, type: <class 'str'>, valid types: <class 'list'>, <class 'tuple'>\n2025-12-13 17:53:00 WARNING Error evaluating aws.codebuild.project.codebuild_older_90_days_configured: could not convert string to float: ''\nWARNING:compliance-boto3:Error evaluating aws.codebuild.project.codebuild_older_90_days_configured: could not convert string to float: ''\n2025-12-13 17:53:00 INFO [1/1] \u2713 Account-588989875114 (588989875114): 1 checks\nINFO:compliance_scan_scan_20251213_122229:[1/1] \u2713 Account-588989875114 (588989875114): 1 checks\n2025-12-13 17:53:00 INFO \n================================================================================\nINFO:compliance_scan_scan_20251213_122229:\n================================================================================\n2025-12-13 17:53:00 INFO SCAN COMPLETE\nINFO:compliance_scan_scan_20251213_122229:SCAN COMPLETE\n2025-12-13 17:53:00 INFO ================================================================================\nINFO:compliance_scan_scan_20251213_122229:================================================================================\n2025-12-13 17:53:00 INFO Total checks: 1\nINFO:compliance_scan_scan_20251213_122229:Total checks: 1\n2025-12-13 17:53:00 INFO   PASS: 0\nINFO:compliance_scan_scan_20251213_122229:  PASS: 0\n2025-12-13 17:53:00 INFO   FAIL: 0\nINFO:compliance_scan_scan_20251213_122229:  FAIL: 0\n2025-12-13 17:53:00 INFO \nReport: /Users/apple/Desktop/threat-engine/aws_compliance_python_engine/output/scan_20251213_122229\nINFO:compliance_scan_scan_20251213_122229:\nReport: /Users/apple/Desktop/threat-engine/aws_compliance_python_engine/output/scan_20251213_122229\n"
  },
  "cognito": {
    "success": true,
    "checks_count": 54,
    "errors": [
      "2025-12-13 17:53:15 WARNING Failed update_managed_login_branding: An error occurred (InvalidParameterException) when calling the UpdateManagedLoginBranding operation: UserPoolId must not be null",
      "WARNING:compliance-boto3:Failed update_managed_login_branding: An error occurred (InvalidParameterException) when calling the UpdateManagedLoginBranding operation: UserPoolId must not be null",
      "2025-12-13 17:53:29 WARNING Failed admin_list_groups_for_user: An error occurred (InvalidParameterException) when calling the AdminListGroupsForUser operation: 2 validation errors detected: Value '{{ item.user_pool_id }}' at 'userPoolId' failed to satisfy constraint: Member must satisfy regular expression pattern: [\\w-]+_[0-9a-zA-Z]+; Value at 'username' failed to satisfy constraint: Member must satisfy regular expression pattern: [\\p{L}\\p{M}\\p{S}\\p{N}\\p{P}]+",
      "WARNING:compliance-boto3:Failed admin_list_groups_for_user: An error occurred (InvalidParameterException) when calling the AdminListGroupsForUser operation: 2 validation errors detected: Value '{{ item.user_pool_id }}' at 'userPoolId' failed to satisfy constraint: Member must satisfy regular expression pattern: [\\w-]+_[0-9a-zA-Z]+; Value at 'username' failed to satisfy constraint: Member must satisfy regular expression pattern: [\\p{L}\\p{M}\\p{S}\\p{N}\\p{P}]+",
      "2025-12-13 17:53:43 WARNING Failed create_user_pool: An error occurred (InvalidParameterException) when calling the CreateUserPool operation: 1 validation error detected: Value '{{ item.id }}' at 'poolName' failed to satisfy constraint: Member must satisfy regular expression pattern: [\\w\\s+=,.@-]+",
      "WARNING:compliance-boto3:Failed create_user_pool: An error occurred (InvalidParameterException) when calling the CreateUserPool operation: 1 validation error detected: Value '{{ item.id }}' at 'poolName' failed to satisfy constraint: Member must satisfy regular expression pattern: [\\w\\s+=,.@-]+",
      "2025-12-13 17:53:57 WARNING Failed admin_create_user: An error occurred (InvalidParameterException) when calling the AdminCreateUser operation: 2 validation errors detected: Value '{{ item.user_pool_id }}' at 'userPoolId' failed to satisfy constraint: Member must satisfy regular expression pattern: [\\w-]+_[0-9a-zA-Z]+; Value at 'username' failed to satisfy constraint: Member must satisfy regular expression pattern: [\\p{L}\\p{M}\\p{S}\\p{N}\\p{P}]+",
      "WARNING:compliance-boto3:Failed admin_create_user: An error occurred (InvalidParameterException) when calling the AdminCreateUser operation: 2 validation errors detected: Value '{{ item.user_pool_id }}' at 'userPoolId' failed to satisfy constraint: Member must satisfy regular expression pattern: [\\w-]+_[0-9a-zA-Z]+; Value at 'username' failed to satisfy constraint: Member must satisfy regular expression pattern: [\\p{L}\\p{M}\\p{S}\\p{N}\\p{P}]+",
      "2025-12-13 17:54:09 WARNING Failed create_user_import_job: Parameter validation failed:",
      "WARNING:compliance-boto3:Failed create_user_import_job: Parameter validation failed:"
    ],
    "output": "curred (InvalidParameterException) when calling the AdminCreateUser operation: 2 validation errors detected: Value '{{ item.user_pool_id }}' at 'userPoolId' failed to satisfy constraint: Member must satisfy regular expression pattern: [\\w-]+_[0-9a-zA-Z]+; Value at 'username' failed to satisfy constraint: Member must satisfy regular expression pattern: [\\p{L}\\p{M}\\p{S}\\p{N}\\p{P}]+\n2025-12-13 17:54:09 WARNING Failed create_user_import_job: Parameter validation failed:\nInvalid length for parameter CloudWatchLogsRoleArn, value: 13, valid min length: 20\nWARNING:compliance-boto3:Failed create_user_import_job: Parameter validation failed:\nInvalid length for parameter CloudWatchLogsRoleArn, value: 13, valid min length: 20\n2025-12-13 17:54:09 INFO [1/1] \u2713 Account-588989875114 (588989875114): 10 checks\nINFO:compliance_scan_scan_20251213_122300:[1/1] \u2713 Account-588989875114 (588989875114): 10 checks\n2025-12-13 17:54:09 INFO \n================================================================================\nINFO:compliance_scan_scan_20251213_122300:\n================================================================================\n2025-12-13 17:54:09 INFO SCAN COMPLETE\nINFO:compliance_scan_scan_20251213_122300:SCAN COMPLETE\n2025-12-13 17:54:09 INFO ================================================================================\nINFO:compliance_scan_scan_20251213_122300:================================================================================\n2025-12-13 17:54:09 INFO Total checks: 10\nINFO:compliance_scan_scan_20251213_122300:Total checks: 10\n2025-12-13 17:54:09 INFO   PASS: 1\nINFO:compliance_scan_scan_20251213_122300:  PASS: 1\n2025-12-13 17:54:09 INFO   FAIL: 9\nINFO:compliance_scan_scan_20251213_122300:  FAIL: 9\n2025-12-13 17:54:09 INFO \nReport: /Users/apple/Desktop/threat-engine/aws_compliance_python_engine/output/scan_20251213_122300\nINFO:compliance_scan_scan_20251213_122300:\nReport: /Users/apple/Desktop/threat-engine/aws_compliance_python_engine/output/scan_20251213_122300\n"
  },
  "config": {
    "success": true,
    "checks_count": 54,
    "errors": [
      "2025-12-13 17:54:24 WARNING Failed describe_remediation_configurations: Parameter validation failed:",
      "WARNING:compliance-boto3:Failed describe_remediation_configurations: Parameter validation failed:"
    ],
    "output": " in parallel (max 3)...\nINFO:compliance_scan_scan_20251213_122409:\nScanning 1 accounts in parallel (max 3)...\nINFO:__main__:  Scan tasks: 1\nINFO:botocore.credentials:Found credentials in shared credentials file: ~/.aws/credentials\n2025-12-13 17:54:24 WARNING Failed describe_remediation_configurations: Parameter validation failed:\nInvalid type for parameter ConfigRuleNames, value: {{ item.config_rule_name }}, type: <class 'str'>, valid types: <class 'list'>, <class 'tuple'>\nWARNING:compliance-boto3:Failed describe_remediation_configurations: Parameter validation failed:\nInvalid type for parameter ConfigRuleNames, value: {{ item.config_rule_name }}, type: <class 'str'>, valid types: <class 'list'>, <class 'tuple'>\n2025-12-13 17:54:24 INFO [1/1] \u2713 Account-588989875114 (588989875114): 18 checks\nINFO:compliance_scan_scan_20251213_122409:[1/1] \u2713 Account-588989875114 (588989875114): 18 checks\n2025-12-13 17:54:24 INFO \n================================================================================\nINFO:compliance_scan_scan_20251213_122409:\n================================================================================\n2025-12-13 17:54:24 INFO SCAN COMPLETE\nINFO:compliance_scan_scan_20251213_122409:SCAN COMPLETE\n2025-12-13 17:54:24 INFO ================================================================================\nINFO:compliance_scan_scan_20251213_122409:================================================================================\n2025-12-13 17:54:24 INFO Total checks: 18\nINFO:compliance_scan_scan_20251213_122409:Total checks: 18\n2025-12-13 17:54:24 INFO   PASS: 12\nINFO:compliance_scan_scan_20251213_122409:  PASS: 12\n2025-12-13 17:54:24 INFO   FAIL: 6\nINFO:compliance_scan_scan_20251213_122409:  FAIL: 6\n2025-12-13 17:54:24 INFO \nReport: /Users/apple/Desktop/threat-engine/aws_compliance_python_engine/output/scan_20251213_122409\nINFO:compliance_scan_scan_20251213_122409:\nReport: /Users/apple/Desktop/threat-engine/aws_compliance_python_engine/output/scan_20251213_122409\n"
  },
  "controltower": {
    "success": true,
    "checks_count": 54,
    "errors": [
      "2025-12-13 17:54:39 WARNING Failed list_enabled_baselines: An error occurred (ValidationException) when calling the ListEnabledBaselines operation: AWS Control Tower could not complete the operation because it could not assume the 'AWSControlTowerAdmin' role. Check the configuration for this role and try again.",
      "WARNING:compliance-boto3:Failed list_enabled_baselines: An error occurred (ValidationException) when calling the ListEnabledBaselines operation: AWS Control Tower could not complete the operation because it could not assume the 'AWSControlTowerAdmin' role. Check the configuration for this role and try again."
    ],
    "output": "Scan tasks: 1\nINFO:botocore.credentials:Found credentials in shared credentials file: ~/.aws/credentials\n2025-12-13 17:54:39 WARNING Failed list_enabled_baselines: An error occurred (ValidationException) when calling the ListEnabledBaselines operation: AWS Control Tower could not complete the operation because it could not assume the 'AWSControlTowerAdmin' role. Check the configuration for this role and try again.\nWARNING:compliance-boto3:Failed list_enabled_baselines: An error occurred (ValidationException) when calling the ListEnabledBaselines operation: AWS Control Tower could not complete the operation because it could not assume the 'AWSControlTowerAdmin' role. Check the configuration for this role and try again.\n2025-12-13 17:54:40 INFO [1/1] \u2713 Account-588989875114 (588989875114): 0 checks\nINFO:compliance_scan_scan_20251213_122424:[1/1] \u2713 Account-588989875114 (588989875114): 0 checks\n2025-12-13 17:54:40 INFO \n================================================================================\nINFO:compliance_scan_scan_20251213_122424:\n================================================================================\n2025-12-13 17:54:40 INFO SCAN COMPLETE\nINFO:compliance_scan_scan_20251213_122424:SCAN COMPLETE\n2025-12-13 17:54:40 INFO ================================================================================\nINFO:compliance_scan_scan_20251213_122424:================================================================================\n2025-12-13 17:54:40 INFO Total checks: 0\nINFO:compliance_scan_scan_20251213_122424:Total checks: 0\n2025-12-13 17:54:40 INFO   PASS: 0\nINFO:compliance_scan_scan_20251213_122424:  PASS: 0\n2025-12-13 17:54:40 INFO   FAIL: 0\nINFO:compliance_scan_scan_20251213_122424:  FAIL: 0\n2025-12-13 17:54:40 INFO \nReport: /Users/apple/Desktop/threat-engine/aws_compliance_python_engine/output/scan_20251213_122424\nINFO:compliance_scan_scan_20251213_122424:\nReport: /Users/apple/Desktop/threat-engine/aws_compliance_python_engine/output/scan_20251213_122424\n"
  },
  "datasync": {
    "success": true,
    "checks_count": 54,
    "errors": [],
    "output": "l\n2025-12-13 17:54:40 INFO \nParallelism:\nINFO:compliance_scan_scan_20251213_122440:\nParallelism:\n2025-12-13 17:54:40 INFO   Account workers: 3\nINFO:compliance_scan_scan_20251213_122440:  Account workers: 3\n2025-12-13 17:54:40 INFO   Service/region workers: 10\nINFO:compliance_scan_scan_20251213_122440:  Service/region workers: 10\n2025-12-13 17:54:40 INFO   Max concurrent tasks: 30\nINFO:compliance_scan_scan_20251213_122440:  Max concurrent tasks: 30\n2025-12-13 17:54:40 INFO \nScanning 1 accounts in parallel (max 3)...\nINFO:compliance_scan_scan_20251213_122440:\nScanning 1 accounts in parallel (max 3)...\nINFO:__main__:  Scan tasks: 1\nINFO:botocore.credentials:Found credentials in shared credentials file: ~/.aws/credentials\n2025-12-13 17:54:41 INFO [1/1] \u2713 Account-588989875114 (588989875114): 0 checks\nINFO:compliance_scan_scan_20251213_122440:[1/1] \u2713 Account-588989875114 (588989875114): 0 checks\n2025-12-13 17:54:41 INFO \n================================================================================\nINFO:compliance_scan_scan_20251213_122440:\n================================================================================\n2025-12-13 17:54:41 INFO SCAN COMPLETE\nINFO:compliance_scan_scan_20251213_122440:SCAN COMPLETE\n2025-12-13 17:54:41 INFO ================================================================================\nINFO:compliance_scan_scan_20251213_122440:================================================================================\n2025-12-13 17:54:41 INFO Total checks: 0\nINFO:compliance_scan_scan_20251213_122440:Total checks: 0\n2025-12-13 17:54:41 INFO   PASS: 0\nINFO:compliance_scan_scan_20251213_122440:  PASS: 0\n2025-12-13 17:54:41 INFO   FAIL: 0\nINFO:compliance_scan_scan_20251213_122440:  FAIL: 0\n2025-12-13 17:54:41 INFO \nReport: /Users/apple/Desktop/threat-engine/aws_compliance_python_engine/output/scan_20251213_122440\nINFO:compliance_scan_scan_20251213_122440:\nReport: /Users/apple/Desktop/threat-engine/aws_compliance_python_engine/output/scan_20251213_122440\n"
  },
  "detective": {
    "success": true,
    "checks_count": 54,
    "errors": [],
    "output": "l\n2025-12-13 17:54:42 INFO \nParallelism:\nINFO:compliance_scan_scan_20251213_122442:\nParallelism:\n2025-12-13 17:54:42 INFO   Account workers: 3\nINFO:compliance_scan_scan_20251213_122442:  Account workers: 3\n2025-12-13 17:54:42 INFO   Service/region workers: 10\nINFO:compliance_scan_scan_20251213_122442:  Service/region workers: 10\n2025-12-13 17:54:42 INFO   Max concurrent tasks: 30\nINFO:compliance_scan_scan_20251213_122442:  Max concurrent tasks: 30\n2025-12-13 17:54:42 INFO \nScanning 1 accounts in parallel (max 3)...\nINFO:compliance_scan_scan_20251213_122442:\nScanning 1 accounts in parallel (max 3)...\nINFO:__main__:  Scan tasks: 1\nINFO:botocore.credentials:Found credentials in shared credentials file: ~/.aws/credentials\n2025-12-13 17:54:43 INFO [1/1] \u2713 Account-588989875114 (588989875114): 0 checks\nINFO:compliance_scan_scan_20251213_122442:[1/1] \u2713 Account-588989875114 (588989875114): 0 checks\n2025-12-13 17:54:43 INFO \n================================================================================\nINFO:compliance_scan_scan_20251213_122442:\n================================================================================\n2025-12-13 17:54:43 INFO SCAN COMPLETE\nINFO:compliance_scan_scan_20251213_122442:SCAN COMPLETE\n2025-12-13 17:54:43 INFO ================================================================================\nINFO:compliance_scan_scan_20251213_122442:================================================================================\n2025-12-13 17:54:43 INFO Total checks: 0\nINFO:compliance_scan_scan_20251213_122442:Total checks: 0\n2025-12-13 17:54:43 INFO   PASS: 0\nINFO:compliance_scan_scan_20251213_122442:  PASS: 0\n2025-12-13 17:54:43 INFO   FAIL: 0\nINFO:compliance_scan_scan_20251213_122442:  FAIL: 0\n2025-12-13 17:54:43 INFO \nReport: /Users/apple/Desktop/threat-engine/aws_compliance_python_engine/output/scan_20251213_122442\nINFO:compliance_scan_scan_20251213_122442:\nReport: /Users/apple/Desktop/threat-engine/aws_compliance_python_engine/output/scan_20251213_122442\n"
  },
  "drs": {
    "success": true,
    "checks_count": 54,
    "errors": [
      "2025-12-13 17:54:58 WARNING Failed create_launch_configuration_template: An error occurred (UninitializedAccountException) when calling the CreateLaunchConfigurationTemplate operation: Account not initialized",
      "WARNING:compliance-boto3:Failed create_launch_configuration_template: An error occurred (UninitializedAccountException) when calling the CreateLaunchConfigurationTemplate operation: Account not initialized"
    ],
    "output": "13_122443:  Max concurrent tasks: 30\n2025-12-13 17:54:43 INFO \nScanning 1 accounts in parallel (max 3)...\nINFO:compliance_scan_scan_20251213_122443:\nScanning 1 accounts in parallel (max 3)...\nINFO:__main__:  Scan tasks: 1\nINFO:botocore.credentials:Found credentials in shared credentials file: ~/.aws/credentials\n2025-12-13 17:54:58 WARNING Failed create_launch_configuration_template: An error occurred (UninitializedAccountException) when calling the CreateLaunchConfigurationTemplate operation: Account not initialized\nWARNING:compliance-boto3:Failed create_launch_configuration_template: An error occurred (UninitializedAccountException) when calling the CreateLaunchConfigurationTemplate operation: Account not initialized\n2025-12-13 17:54:58 INFO [1/1] \u2713 Account-588989875114 (588989875114): 0 checks\nINFO:compliance_scan_scan_20251213_122443:[1/1] \u2713 Account-588989875114 (588989875114): 0 checks\n2025-12-13 17:54:58 INFO \n================================================================================\nINFO:compliance_scan_scan_20251213_122443:\n================================================================================\n2025-12-13 17:54:58 INFO SCAN COMPLETE\nINFO:compliance_scan_scan_20251213_122443:SCAN COMPLETE\n2025-12-13 17:54:58 INFO ================================================================================\nINFO:compliance_scan_scan_20251213_122443:================================================================================\n2025-12-13 17:54:58 INFO Total checks: 0\nINFO:compliance_scan_scan_20251213_122443:Total checks: 0\n2025-12-13 17:54:58 INFO   PASS: 0\nINFO:compliance_scan_scan_20251213_122443:  PASS: 0\n2025-12-13 17:54:58 INFO   FAIL: 0\nINFO:compliance_scan_scan_20251213_122443:  FAIL: 0\n2025-12-13 17:54:58 INFO \nReport: /Users/apple/Desktop/threat-engine/aws_compliance_python_engine/output/scan_20251213_122443\nINFO:compliance_scan_scan_20251213_122443:\nReport: /Users/apple/Desktop/threat-engine/aws_compliance_python_engine/output/scan_20251213_122443\n"
  },
  "ec2": {
    "success": false,
    "checks_count": 0,
    "errors": [
      "Timeout after 300 seconds"
    ],
    "output": ""
  },
  "eip": {
    "success": true,
    "checks_count": 0,
    "errors": [],
    "output": "l\n2025-12-13 17:59:59 INFO \nParallelism:\nINFO:compliance_scan_scan_20251213_122959:\nParallelism:\n2025-12-13 17:59:59 INFO   Account workers: 3\nINFO:compliance_scan_scan_20251213_122959:  Account workers: 3\n2025-12-13 17:59:59 INFO   Service/region workers: 10\nINFO:compliance_scan_scan_20251213_122959:  Service/region workers: 10\n2025-12-13 17:59:59 INFO   Max concurrent tasks: 30\nINFO:compliance_scan_scan_20251213_122959:  Max concurrent tasks: 30\n2025-12-13 17:59:59 INFO \nScanning 1 accounts in parallel (max 3)...\nINFO:compliance_scan_scan_20251213_122959:\nScanning 1 accounts in parallel (max 3)...\nINFO:__main__:  Scan tasks: 1\nINFO:botocore.credentials:Found credentials in shared credentials file: ~/.aws/credentials\n2025-12-13 18:00:01 INFO [1/1] \u2713 Account-588989875114 (588989875114): 0 checks\nINFO:compliance_scan_scan_20251213_122959:[1/1] \u2713 Account-588989875114 (588989875114): 0 checks\n2025-12-13 18:00:01 INFO \n================================================================================\nINFO:compliance_scan_scan_20251213_122959:\n================================================================================\n2025-12-13 18:00:01 INFO SCAN COMPLETE\nINFO:compliance_scan_scan_20251213_122959:SCAN COMPLETE\n2025-12-13 18:00:01 INFO ================================================================================\nINFO:compliance_scan_scan_20251213_122959:================================================================================\n2025-12-13 18:00:01 INFO Total checks: 0\nINFO:compliance_scan_scan_20251213_122959:Total checks: 0\n2025-12-13 18:00:01 INFO   PASS: 0\nINFO:compliance_scan_scan_20251213_122959:  PASS: 0\n2025-12-13 18:00:01 INFO   FAIL: 0\nINFO:compliance_scan_scan_20251213_122959:  FAIL: 0\n2025-12-13 18:00:01 INFO \nReport: /Users/apple/Desktop/threat-engine/aws_compliance_python_engine/output/scan_20251213_122959\nINFO:compliance_scan_scan_20251213_122959:\nReport: /Users/apple/Desktop/threat-engine/aws_compliance_python_engine/output/scan_20251213_122959\n"
  },
  "elb": {
    "success": true,
    "checks_count": 0,
    "errors": [
      "2025-12-13 18:00:28 WARNING Failed describe_load_balancer_attributes: An error occurred (ValidationError) when calling the DescribeLoadBalancerAttributes operation: LoadBalancer name cannot contain characters that are not letters, or digits or the dash.",
      "WARNING:compliance-boto3:Failed describe_load_balancer_attributes: An error occurred (ValidationError) when calling the DescribeLoadBalancerAttributes operation: LoadBalancer name cannot contain characters that are not letters, or digits or the dash."
    ],
    "output": "max 3)...\nINFO:compliance_scan_scan_20251213_123001:\nScanning 1 accounts in parallel (max 3)...\nINFO:__main__:  Scan tasks: 1\nINFO:botocore.credentials:Found credentials in shared credentials file: ~/.aws/credentials\n2025-12-13 18:00:28 WARNING Failed describe_load_balancer_attributes: An error occurred (ValidationError) when calling the DescribeLoadBalancerAttributes operation: LoadBalancer name cannot contain characters that are not letters, or digits or the dash.\nWARNING:compliance-boto3:Failed describe_load_balancer_attributes: An error occurred (ValidationError) when calling the DescribeLoadBalancerAttributes operation: LoadBalancer name cannot contain characters that are not letters, or digits or the dash.\n2025-12-13 18:00:28 INFO [1/1] \u2713 Account-588989875114 (588989875114): 27 checks\nINFO:compliance_scan_scan_20251213_123001:[1/1] \u2713 Account-588989875114 (588989875114): 27 checks\n2025-12-13 18:00:28 INFO \n================================================================================\nINFO:compliance_scan_scan_20251213_123001:\n================================================================================\n2025-12-13 18:00:28 INFO SCAN COMPLETE\nINFO:compliance_scan_scan_20251213_123001:SCAN COMPLETE\n2025-12-13 18:00:28 INFO ================================================================================\nINFO:compliance_scan_scan_20251213_123001:================================================================================\n2025-12-13 18:00:28 INFO Total checks: 27\nINFO:compliance_scan_scan_20251213_123001:Total checks: 27\n2025-12-13 18:00:28 INFO   PASS: 9\nINFO:compliance_scan_scan_20251213_123001:  PASS: 9\n2025-12-13 18:00:28 INFO   FAIL: 18\nINFO:compliance_scan_scan_20251213_123001:  FAIL: 18\n2025-12-13 18:00:28 INFO \nReport: /Users/apple/Desktop/threat-engine/aws_compliance_python_engine/output/scan_20251213_123001\nINFO:compliance_scan_scan_20251213_123001:\nReport: /Users/apple/Desktop/threat-engine/aws_compliance_python_engine/output/scan_20251213_123001\n"
  },
  "glacier": {
    "success": true,
    "checks_count": 1,
    "errors": [
      "2025-12-13 18:00:44 WARNING Failed get_vault_access_policy: An error occurred (ResourceNotFoundException) when calling the GetVaultAccessPolicy operation: Vault not found for ARN: {{ item.FIELD_NAME }}",
      "WARNING:compliance-boto3:Failed get_vault_access_policy: An error occurred (ResourceNotFoundException) when calling the GetVaultAccessPolicy operation: Vault not found for ARN: {{ item.FIELD_NAME }}",
      "2025-12-13 18:00:58 WARNING Failed list_provisioned_capacity: An error occurred (AccessDeniedException) when calling the ListProvisionedCapacity operation: User: arn:aws:iam::588989875114:user/administrator is not authorized to perform: glacier:ListProvisionedCapacity on resource: arn:aws:glacier:us-east-1:{{ item.FIELD_NAME }}:priority-capacity/",
      "WARNING:compliance-boto3:Failed list_provisioned_capacity: An error occurred (AccessDeniedException) when calling the ListProvisionedCapacity operation: User: arn:aws:iam::588989875114:user/administrator is not authorized to perform: glacier:ListProvisionedCapacity on resource: arn:aws:glacier:us-east-1:{{ item.FIELD_NAME }}:priority-capacity/",
      "2025-12-13 18:01:11 WARNING Failed get_vault_notifications: An error occurred (ResourceNotFoundException) when calling the GetVaultNotifications operation: Vault not found for ARN: {{ item.FIELD_NAME }}",
      "WARNING:compliance-boto3:Failed get_vault_notifications: An error occurred (ResourceNotFoundException) when calling the GetVaultNotifications operation: Vault not found for ARN: {{ item.FIELD_NAME }}"
    ],
    "output": "iled list_provisioned_capacity: An error occurred (AccessDeniedException) when calling the ListProvisionedCapacity operation: User: arn:aws:iam::588989875114:user/administrator is not authorized to perform: glacier:ListProvisionedCapacity on resource: arn:aws:glacier:us-east-1:{{ item.FIELD_NAME }}:priority-capacity/\n2025-12-13 18:01:11 WARNING Failed get_vault_notifications: An error occurred (ResourceNotFoundException) when calling the GetVaultNotifications operation: Vault not found for ARN: {{ item.FIELD_NAME }}\nWARNING:compliance-boto3:Failed get_vault_notifications: An error occurred (ResourceNotFoundException) when calling the GetVaultNotifications operation: Vault not found for ARN: {{ item.FIELD_NAME }}\n2025-12-13 18:01:11 INFO [1/1] \u2713 Account-588989875114 (588989875114): 11 checks\nINFO:compliance_scan_scan_20251213_123029:[1/1] \u2713 Account-588989875114 (588989875114): 11 checks\n2025-12-13 18:01:11 INFO \n================================================================================\nINFO:compliance_scan_scan_20251213_123029:\n================================================================================\n2025-12-13 18:01:11 INFO SCAN COMPLETE\nINFO:compliance_scan_scan_20251213_123029:SCAN COMPLETE\n2025-12-13 18:01:11 INFO ================================================================================\nINFO:compliance_scan_scan_20251213_123029:================================================================================\n2025-12-13 18:01:11 INFO Total checks: 11\nINFO:compliance_scan_scan_20251213_123029:Total checks: 11\n2025-12-13 18:01:11 INFO   PASS: 0\nINFO:compliance_scan_scan_20251213_123029:  PASS: 0\n2025-12-13 18:01:11 INFO   FAIL: 11\nINFO:compliance_scan_scan_20251213_123029:  FAIL: 11\n2025-12-13 18:01:11 INFO \nReport: /Users/apple/Desktop/threat-engine/aws_compliance_python_engine/output/scan_20251213_123029\nINFO:compliance_scan_scan_20251213_123029:\nReport: /Users/apple/Desktop/threat-engine/aws_compliance_python_engine/output/scan_20251213_123029\n"
  },
  "inspector": {
    "success": true,
    "checks_count": 1,
    "errors": [
      "2025-12-13 18:01:32 WARNING Failed get_exclusions_preview: An error occurred (InvalidInputException) when calling the GetExclusionsPreview operation: Invalid Assessment ARN: {{ item.id }} (Reason: Invalid format ARN: {{ item.id }})",
      "WARNING:compliance-boto3:Failed get_exclusions_preview: An error occurred (InvalidInputException) when calling the GetExclusionsPreview operation: Invalid Assessment ARN: {{ item.id }} (Reason: Invalid format ARN: {{ item.id }})",
      "2025-12-13 18:01:44 WARNING Failed describe_assessment_runs: Parameter validation failed:",
      "WARNING:compliance-boto3:Failed describe_assessment_runs: Parameter validation failed:",
      "2025-12-13 18:01:56 WARNING Failed describe_assessment_targets: Parameter validation failed:",
      "WARNING:compliance-boto3:Failed describe_assessment_targets: Parameter validation failed:"
    ],
    "output": "r'>, valid types: <class 'list'>, <class 'tuple'>\nWARNING:compliance-boto3:Failed describe_assessment_runs: Parameter validation failed:\nInvalid type for parameter assessmentRunArns, value: {{ item.id }}, type: <class 'str'>, valid types: <class 'list'>, <class 'tuple'>\n2025-12-13 18:01:56 WARNING Failed describe_assessment_targets: Parameter validation failed:\nInvalid type for parameter assessmentTargetArns, value: {{ item.id }}, type: <class 'str'>, valid types: <class 'list'>, <class 'tuple'>\nWARNING:compliance-boto3:Failed describe_assessment_targets: Parameter validation failed:\nInvalid type for parameter assessmentTargetArns, value: {{ item.id }}, type: <class 'str'>, valid types: <class 'list'>, <class 'tuple'>\n2025-12-13 18:01:56 INFO [1/1] \u2713 Account-588989875114 (588989875114): 7 checks\nINFO:compliance_scan_scan_20251213_123112:[1/1] \u2713 Account-588989875114 (588989875114): 7 checks\n2025-12-13 18:01:56 INFO \n================================================================================\nINFO:compliance_scan_scan_20251213_123112:\n================================================================================\n2025-12-13 18:01:56 INFO SCAN COMPLETE\nINFO:compliance_scan_scan_20251213_123112:SCAN COMPLETE\n2025-12-13 18:01:56 INFO ================================================================================\nINFO:compliance_scan_scan_20251213_123112:================================================================================\n2025-12-13 18:01:56 INFO Total checks: 7\nINFO:compliance_scan_scan_20251213_123112:Total checks: 7\n2025-12-13 18:01:56 INFO   PASS: 0\nINFO:compliance_scan_scan_20251213_123112:  PASS: 0\n2025-12-13 18:01:56 INFO   FAIL: 7\nINFO:compliance_scan_scan_20251213_123112:  FAIL: 7\n2025-12-13 18:01:56 INFO \nReport: /Users/apple/Desktop/threat-engine/aws_compliance_python_engine/output/scan_20251213_123112\nINFO:compliance_scan_scan_20251213_123112:\nReport: /Users/apple/Desktop/threat-engine/aws_compliance_python_engine/output/scan_20251213_123112\n"
  },
  "kafka": {
    "success": true,
    "checks_count": 1,
    "errors": [],
    "output": "l\n2025-12-13 18:01:57 INFO \nParallelism:\nINFO:compliance_scan_scan_20251213_123157:\nParallelism:\n2025-12-13 18:01:57 INFO   Account workers: 3\nINFO:compliance_scan_scan_20251213_123157:  Account workers: 3\n2025-12-13 18:01:57 INFO   Service/region workers: 10\nINFO:compliance_scan_scan_20251213_123157:  Service/region workers: 10\n2025-12-13 18:01:57 INFO   Max concurrent tasks: 30\nINFO:compliance_scan_scan_20251213_123157:  Max concurrent tasks: 30\n2025-12-13 18:01:57 INFO \nScanning 1 accounts in parallel (max 3)...\nINFO:compliance_scan_scan_20251213_123157:\nScanning 1 accounts in parallel (max 3)...\nINFO:__main__:  Scan tasks: 1\nINFO:botocore.credentials:Found credentials in shared credentials file: ~/.aws/credentials\n2025-12-13 18:01:58 INFO [1/1] \u2713 Account-588989875114 (588989875114): 0 checks\nINFO:compliance_scan_scan_20251213_123157:[1/1] \u2713 Account-588989875114 (588989875114): 0 checks\n2025-12-13 18:01:58 INFO \n================================================================================\nINFO:compliance_scan_scan_20251213_123157:\n================================================================================\n2025-12-13 18:01:58 INFO SCAN COMPLETE\nINFO:compliance_scan_scan_20251213_123157:SCAN COMPLETE\n2025-12-13 18:01:58 INFO ================================================================================\nINFO:compliance_scan_scan_20251213_123157:================================================================================\n2025-12-13 18:01:58 INFO Total checks: 0\nINFO:compliance_scan_scan_20251213_123157:Total checks: 0\n2025-12-13 18:01:58 INFO   PASS: 0\nINFO:compliance_scan_scan_20251213_123157:  PASS: 0\n2025-12-13 18:01:58 INFO   FAIL: 0\nINFO:compliance_scan_scan_20251213_123157:  FAIL: 0\n2025-12-13 18:01:58 INFO \nReport: /Users/apple/Desktop/threat-engine/aws_compliance_python_engine/output/scan_20251213_123157\nINFO:compliance_scan_scan_20251213_123157:\nReport: /Users/apple/Desktop/threat-engine/aws_compliance_python_engine/output/scan_20251213_123157\n"
  },
  "kinesisanalytics": {
    "success": true,
    "checks_count": 2,
    "errors": [
      "2025-12-13 18:02:18 WARNING Failed describe_application: An error occurred (ValidationException) when calling the DescribeApplication operation: 1 validation error detected: Value '{{ item.application_name }}' at 'applicationName' failed to satisfy constraint: Member must satisfy regular expression pattern: [a-zA-Z0-9_.-]+",
      "WARNING:compliance-boto3:Failed describe_application: An error occurred (ValidationException) when calling the DescribeApplication operation: 1 validation error detected: Value '{{ item.application_name }}' at 'applicationName' failed to satisfy constraint: Member must satisfy regular expression pattern: [a-zA-Z0-9_.-]+"
    ],
    "output": "ore.credentials:Found credentials in shared credentials file: ~/.aws/credentials\n2025-12-13 18:02:18 WARNING Failed describe_application: An error occurred (ValidationException) when calling the DescribeApplication operation: 1 validation error detected: Value '{{ item.application_name }}' at 'applicationName' failed to satisfy constraint: Member must satisfy regular expression pattern: [a-zA-Z0-9_.-]+\nWARNING:compliance-boto3:Failed describe_application: An error occurred (ValidationException) when calling the DescribeApplication operation: 1 validation error detected: Value '{{ item.application_name }}' at 'applicationName' failed to satisfy constraint: Member must satisfy regular expression pattern: [a-zA-Z0-9_.-]+\n2025-12-13 18:02:18 INFO [1/1] \u2713 Account-588989875114 (588989875114): 2 checks\nINFO:compliance_scan_scan_20251213_123158:[1/1] \u2713 Account-588989875114 (588989875114): 2 checks\n2025-12-13 18:02:18 INFO \n================================================================================\nINFO:compliance_scan_scan_20251213_123158:\n================================================================================\n2025-12-13 18:02:18 INFO SCAN COMPLETE\nINFO:compliance_scan_scan_20251213_123158:SCAN COMPLETE\n2025-12-13 18:02:18 INFO ================================================================================\nINFO:compliance_scan_scan_20251213_123158:================================================================================\n2025-12-13 18:02:18 INFO Total checks: 2\nINFO:compliance_scan_scan_20251213_123158:Total checks: 2\n2025-12-13 18:02:18 INFO   PASS: 0\nINFO:compliance_scan_scan_20251213_123158:  PASS: 0\n2025-12-13 18:02:18 INFO   FAIL: 2\nINFO:compliance_scan_scan_20251213_123158:  FAIL: 2\n2025-12-13 18:02:18 INFO \nReport: /Users/apple/Desktop/threat-engine/aws_compliance_python_engine/output/scan_20251213_123158\nINFO:compliance_scan_scan_20251213_123158:\nReport: /Users/apple/Desktop/threat-engine/aws_compliance_python_engine/output/scan_20251213_123158\n"
  },
  "lakeformation": {
    "success": true,
    "checks_count": 2,
    "errors": [],
    "output": "-12-13 18:02:18 INFO \nParallelism:\nINFO:compliance_scan_scan_20251213_123218:\nParallelism:\n2025-12-13 18:02:18 INFO   Account workers: 3\nINFO:compliance_scan_scan_20251213_123218:  Account workers: 3\n2025-12-13 18:02:18 INFO   Service/region workers: 10\nINFO:compliance_scan_scan_20251213_123218:  Service/region workers: 10\n2025-12-13 18:02:18 INFO   Max concurrent tasks: 30\nINFO:compliance_scan_scan_20251213_123218:  Max concurrent tasks: 30\n2025-12-13 18:02:18 INFO \nScanning 1 accounts in parallel (max 3)...\nINFO:compliance_scan_scan_20251213_123218:\nScanning 1 accounts in parallel (max 3)...\nINFO:__main__:  Scan tasks: 1\nINFO:botocore.credentials:Found credentials in shared credentials file: ~/.aws/credentials\n2025-12-13 18:02:20 INFO [1/1] \u2713 Account-588989875114 (588989875114): 24 checks\nINFO:compliance_scan_scan_20251213_123218:[1/1] \u2713 Account-588989875114 (588989875114): 24 checks\n2025-12-13 18:02:20 INFO \n================================================================================\nINFO:compliance_scan_scan_20251213_123218:\n================================================================================\n2025-12-13 18:02:20 INFO SCAN COMPLETE\nINFO:compliance_scan_scan_20251213_123218:SCAN COMPLETE\n2025-12-13 18:02:20 INFO ================================================================================\nINFO:compliance_scan_scan_20251213_123218:================================================================================\n2025-12-13 18:02:20 INFO Total checks: 24\nINFO:compliance_scan_scan_20251213_123218:Total checks: 24\n2025-12-13 18:02:20 INFO   PASS: 0\nINFO:compliance_scan_scan_20251213_123218:  PASS: 0\n2025-12-13 18:02:20 INFO   FAIL: 24\nINFO:compliance_scan_scan_20251213_123218:  FAIL: 24\n2025-12-13 18:02:20 INFO \nReport: /Users/apple/Desktop/threat-engine/aws_compliance_python_engine/output/scan_20251213_123218\nINFO:compliance_scan_scan_20251213_123218:\nReport: /Users/apple/Desktop/threat-engine/aws_compliance_python_engine/output/scan_20251213_123218\n"
  },
  "mq": {
    "success": true,
    "checks_count": 2,
    "errors": [],
    "output": "l\n2025-12-13 18:02:20 INFO \nParallelism:\nINFO:compliance_scan_scan_20251213_123220:\nParallelism:\n2025-12-13 18:02:20 INFO   Account workers: 3\nINFO:compliance_scan_scan_20251213_123220:  Account workers: 3\n2025-12-13 18:02:20 INFO   Service/region workers: 10\nINFO:compliance_scan_scan_20251213_123220:  Service/region workers: 10\n2025-12-13 18:02:20 INFO   Max concurrent tasks: 30\nINFO:compliance_scan_scan_20251213_123220:  Max concurrent tasks: 30\n2025-12-13 18:02:20 INFO \nScanning 1 accounts in parallel (max 3)...\nINFO:compliance_scan_scan_20251213_123220:\nScanning 1 accounts in parallel (max 3)...\nINFO:__main__:  Scan tasks: 1\nINFO:botocore.credentials:Found credentials in shared credentials file: ~/.aws/credentials\n2025-12-13 18:02:21 INFO [1/1] \u2713 Account-588989875114 (588989875114): 0 checks\nINFO:compliance_scan_scan_20251213_123220:[1/1] \u2713 Account-588989875114 (588989875114): 0 checks\n2025-12-13 18:02:21 INFO \n================================================================================\nINFO:compliance_scan_scan_20251213_123220:\n================================================================================\n2025-12-13 18:02:21 INFO SCAN COMPLETE\nINFO:compliance_scan_scan_20251213_123220:SCAN COMPLETE\n2025-12-13 18:02:21 INFO ================================================================================\nINFO:compliance_scan_scan_20251213_123220:================================================================================\n2025-12-13 18:02:21 INFO Total checks: 0\nINFO:compliance_scan_scan_20251213_123220:Total checks: 0\n2025-12-13 18:02:21 INFO   PASS: 0\nINFO:compliance_scan_scan_20251213_123220:  PASS: 0\n2025-12-13 18:02:21 INFO   FAIL: 0\nINFO:compliance_scan_scan_20251213_123220:  FAIL: 0\n2025-12-13 18:02:21 INFO \nReport: /Users/apple/Desktop/threat-engine/aws_compliance_python_engine/output/scan_20251213_123220\nINFO:compliance_scan_scan_20251213_123220:\nReport: /Users/apple/Desktop/threat-engine/aws_compliance_python_engine/output/scan_20251213_123220\n"
  },
  "organizations": {
    "success": true,
    "checks_count": 3,
    "errors": [
      "2025-12-13 18:02:42 WARNING Failed create_organization: An error occurred (AlreadyInOrganizationException) when calling the CreateOrganization operation: The AWS account is already a member of an organization.",
      "WARNING:compliance-boto3:Failed create_organization: An error occurred (AlreadyInOrganizationException) when calling the CreateOrganization operation: The AWS account is already a member of an organization.",
      "2025-12-13 18:03:03 WARNING Failed describe_resource_policy: An error occurred (ResourcePolicyNotFoundException) when calling the DescribeResourcePolicy operation: No resource-based policy found.",
      "WARNING:compliance-boto3:Failed describe_resource_policy: An error occurred (ResourcePolicyNotFoundException) when calling the DescribeResourcePolicy operation: No resource-based policy found.",
      "2025-12-13 18:03:25 WARNING Failed enable_all_features: An error occurred (HandshakeConstraintViolationException) when calling the EnableAllFeatures operation: All features are already enabled on this organization.",
      "WARNING:compliance-boto3:Failed enable_all_features: An error occurred (HandshakeConstraintViolationException) when calling the EnableAllFeatures operation: All features are already enabled on this organization."
    ],
    "output": "ations.organization.organizations_max_age_90_days_or_less_configured: could not convert string to float: '2022-11-18 16:17:51.627000+05:30'\nWARNING:compliance-boto3:Error evaluating aws.organizations.organization.organizations_max_age_90_days_or_less_configured: could not convert string to float: '2022-11-18 16:17:51.627000+05:30'\n2025-12-13 18:03:25 WARNING Error evaluating aws.organizations.organization.organizations_max_age_90_days_or_less_configured: could not convert string to float: '2024-10-26 18:27:39.357000+05:30'\nWARNING:compliance-boto3:Error evaluating aws.organizations.organization.organizations_max_age_90_days_or_less_configured: could not convert string to float: '2024-10-26 18:27:39.357000+05:30'\n2025-12-13 18:03:25 INFO [1/1] \u2713 Account-588989875114 (588989875114): 36 checks\nINFO:compliance_scan_scan_20251213_123222:[1/1] \u2713 Account-588989875114 (588989875114): 36 checks\n2025-12-13 18:03:25 INFO \n================================================================================\nINFO:compliance_scan_scan_20251213_123222:\n================================================================================\n2025-12-13 18:03:25 INFO SCAN COMPLETE\nINFO:compliance_scan_scan_20251213_123222:SCAN COMPLETE\n2025-12-13 18:03:25 INFO ================================================================================\nINFO:compliance_scan_scan_20251213_123222:================================================================================\n2025-12-13 18:03:25 INFO Total checks: 36\nINFO:compliance_scan_scan_20251213_123222:Total checks: 36\n2025-12-13 18:03:25 INFO   PASS: 20\nINFO:compliance_scan_scan_20251213_123222:  PASS: 20\n2025-12-13 18:03:25 INFO   FAIL: 6\nINFO:compliance_scan_scan_20251213_123222:  FAIL: 6\n2025-12-13 18:03:25 INFO \nReport: /Users/apple/Desktop/threat-engine/aws_compliance_python_engine/output/scan_20251213_123222\nINFO:compliance_scan_scan_20251213_123222:\nReport: /Users/apple/Desktop/threat-engine/aws_compliance_python_engine/output/scan_20251213_123222\n"
  },
  "parameterstore": {
    "success": true,
    "checks_count": 3,
    "errors": [],
    "output": "l\n2025-12-13 18:03:25 INFO \nParallelism:\nINFO:compliance_scan_scan_20251213_123325:\nParallelism:\n2025-12-13 18:03:25 INFO   Account workers: 3\nINFO:compliance_scan_scan_20251213_123325:  Account workers: 3\n2025-12-13 18:03:25 INFO   Service/region workers: 10\nINFO:compliance_scan_scan_20251213_123325:  Service/region workers: 10\n2025-12-13 18:03:25 INFO   Max concurrent tasks: 30\nINFO:compliance_scan_scan_20251213_123325:  Max concurrent tasks: 30\n2025-12-13 18:03:25 INFO \nScanning 1 accounts in parallel (max 3)...\nINFO:compliance_scan_scan_20251213_123325:\nScanning 1 accounts in parallel (max 3)...\nINFO:__main__:  Scan tasks: 1\nINFO:botocore.credentials:Found credentials in shared credentials file: ~/.aws/credentials\n2025-12-13 18:03:27 INFO [1/1] \u2713 Account-588989875114 (588989875114): 0 checks\nINFO:compliance_scan_scan_20251213_123325:[1/1] \u2713 Account-588989875114 (588989875114): 0 checks\n2025-12-13 18:03:27 INFO \n================================================================================\nINFO:compliance_scan_scan_20251213_123325:\n================================================================================\n2025-12-13 18:03:27 INFO SCAN COMPLETE\nINFO:compliance_scan_scan_20251213_123325:SCAN COMPLETE\n2025-12-13 18:03:27 INFO ================================================================================\nINFO:compliance_scan_scan_20251213_123325:================================================================================\n2025-12-13 18:03:27 INFO Total checks: 0\nINFO:compliance_scan_scan_20251213_123325:Total checks: 0\n2025-12-13 18:03:27 INFO   PASS: 0\nINFO:compliance_scan_scan_20251213_123325:  PASS: 0\n2025-12-13 18:03:27 INFO   FAIL: 0\nINFO:compliance_scan_scan_20251213_123325:  FAIL: 0\n2025-12-13 18:03:27 INFO \nReport: /Users/apple/Desktop/threat-engine/aws_compliance_python_engine/output/scan_20251213_123325\nINFO:compliance_scan_scan_20251213_123325:\nReport: /Users/apple/Desktop/threat-engine/aws_compliance_python_engine/output/scan_20251213_123325\n"
  },
  "quicksight": {
    "success": true,
    "checks_count": 5,
    "errors": [
      "2025-12-13 18:03:42 WARNING Failed describe_account_settings: An error occurred (ValidationException) when calling the DescribeAccountSettings operation: 2 validation errors detected: Value '{{ item.FIELD_NAME }}' at 'awsAccountId' failed to satisfy constraint: AWS account ID is a 12-digit number, such as 123456789012. Value '{{ item.FIELD_NAME }}' at 'awsAccountId' failed to satisfy constraint: AWS account ID is a 12-digit number, such as 123456789012. ",
      "WARNING:compliance-boto3:Failed describe_account_settings: An error occurred (ValidationException) when calling the DescribeAccountSettings operation: 2 validation errors detected: Value '{{ item.FIELD_NAME }}' at 'awsAccountId' failed to satisfy constraint: AWS account ID is a 12-digit number, such as 123456789012. Value '{{ item.FIELD_NAME }}' at 'awsAccountId' failed to satisfy constraint: AWS account ID is a 12-digit number, such as 123456789012. ",
      "2025-12-13 18:03:56 WARNING Failed describe_account_subscription: An error occurred (AccessDeniedException) when calling the DescribeAccountSubscription operation: User: arn:aws:iam::588989875114:user/administrator is not authorized to perform: quicksight:DescribeAccountSubscription on resource: arn:aws:quicksight:us-east-1:{{ item.FIELD_NAME }}:*",
      "WARNING:compliance-boto3:Failed describe_account_subscription: An error occurred (AccessDeniedException) when calling the DescribeAccountSubscription operation: User: arn:aws:iam::588989875114:user/administrator is not authorized to perform: quicksight:DescribeAccountSubscription on resource: arn:aws:quicksight:us-east-1:{{ item.FIELD_NAME }}:*",
      "2025-12-13 18:04:10 WARNING Failed create_group: An error occurred (AccessDeniedException) when calling the CreateGroup operation: User: arn:aws:iam::588989875114:user/administrator is not authorized to perform: quicksight:CreateGroup on resource: arn:aws:quicksight:us-east-1:{{ item.FIELD_NAME }}:group/{{ item.FIELD_NAME }}/{{ item.FIELD_NAME }}",
      "WARNING:compliance-boto3:Failed create_group: An error occurred (AccessDeniedException) when calling the CreateGroup operation: User: arn:aws:iam::588989875114:user/administrator is not authorized to perform: quicksight:CreateGroup on resource: arn:aws:quicksight:us-east-1:{{ item.FIELD_NAME }}:group/{{ item.FIELD_NAME }}/{{ item.FIELD_NAME }}",
      "2025-12-13 18:04:24 WARNING Failed describe_data_set: An error occurred (ValidationException) when calling the DescribeDataSet operation: 2 validation errors detected: Value '{{ item.FIELD_NAME }}' at 'awsAccountId' failed to satisfy constraint: Member must have length less than or equal to 12; Value '{{ item.FIELD_NAME }}' at 'awsAccountId' failed to satisfy constraint: Member must satisfy regular expression pattern: ^[0-9]{12}$",
      "WARNING:compliance-boto3:Failed describe_data_set: An error occurred (ValidationException) when calling the DescribeDataSet operation: 2 validation errors detected: Value '{{ item.FIELD_NAME }}' at 'awsAccountId' failed to satisfy constraint: Member must have length less than or equal to 12; Value '{{ item.FIELD_NAME }}' at 'awsAccountId' failed to satisfy constraint: Member must satisfy regular expression pattern: ^[0-9]{12}$",
      "2025-12-13 18:04:37 WARNING Failed describe_action_connector: An error occurred (InvalidParameterValueException) when calling the DescribeActionConnector operation: One or more parameters are invalid. Please review your input",
      "WARNING:compliance-boto3:Failed describe_action_connector: An error occurred (InvalidParameterValueException) when calling the DescribeActionConnector operation: One or more parameters are invalid. Please review your input",
      "2025-12-13 18:04:51 WARNING Failed describe_action_connector_permissions: An error occurred (InvalidParameterValueException) when calling the DescribeActionConnectorPermissions operation: One or more parameters are invalid. Please review your input",
      "WARNING:compliance-boto3:Failed describe_action_connector_permissions: An error occurred (InvalidParameterValueException) when calling the DescribeActionConnectorPermissions operation: One or more parameters are invalid. Please review your input",
      "2025-12-13 18:05:06 WARNING Failed describe_user: An error occurred (AccessDeniedException) when calling the DescribeUser operation: User: arn:aws:iam::588989875114:user/administrator is not authorized to perform: quicksight:DescribeUser on resource: arn:aws:quicksight:us-east-1:{{ item.FIELD_NAME }}:user/{{ item.FIELD_NAME }}/{{ item.FIELD_NAME }}",
      "WARNING:compliance-boto3:Failed describe_user: An error occurred (AccessDeniedException) when calling the DescribeUser operation: User: arn:aws:iam::588989875114:user/administrator is not authorized to perform: quicksight:DescribeUser on resource: arn:aws:quicksight:us-east-1:{{ item.FIELD_NAME }}:user/{{ item.FIELD_NAME }}/{{ item.FIELD_NAME }}"
    ],
    "output": "ease review your input\n2025-12-13 18:05:06 WARNING Failed describe_user: An error occurred (AccessDeniedException) when calling the DescribeUser operation: User: arn:aws:iam::588989875114:user/administrator is not authorized to perform: quicksight:DescribeUser on resource: arn:aws:quicksight:us-east-1:{{ item.FIELD_NAME }}:user/{{ item.FIELD_NAME }}/{{ item.FIELD_NAME }}\nWARNING:compliance-boto3:Failed describe_user: An error occurred (AccessDeniedException) when calling the DescribeUser operation: User: arn:aws:iam::588989875114:user/administrator is not authorized to perform: quicksight:DescribeUser on resource: arn:aws:quicksight:us-east-1:{{ item.FIELD_NAME }}:user/{{ item.FIELD_NAME }}/{{ item.FIELD_NAME }}\n2025-12-13 18:05:06 INFO [1/1] \u2713 Account-588989875114 (588989875114): 15 checks\nINFO:compliance_scan_scan_20251213_123327:[1/1] \u2713 Account-588989875114 (588989875114): 15 checks\n2025-12-13 18:05:06 INFO \n================================================================================\nINFO:compliance_scan_scan_20251213_123327:\n================================================================================\n2025-12-13 18:05:06 INFO SCAN COMPLETE\nINFO:compliance_scan_scan_20251213_123327:SCAN COMPLETE\n2025-12-13 18:05:06 INFO ================================================================================\nINFO:compliance_scan_scan_20251213_123327:================================================================================\n2025-12-13 18:05:06 INFO Total checks: 15\nINFO:compliance_scan_scan_20251213_123327:Total checks: 15\n2025-12-13 18:05:06 INFO   PASS: 0\nINFO:compliance_scan_scan_20251213_123327:  PASS: 0\n2025-12-13 18:05:06 INFO   FAIL: 15\nINFO:compliance_scan_scan_20251213_123327:  FAIL: 15\n2025-12-13 18:05:06 INFO \nReport: /Users/apple/Desktop/threat-engine/aws_compliance_python_engine/output/scan_20251213_123327\nINFO:compliance_scan_scan_20251213_123327:\nReport: /Users/apple/Desktop/threat-engine/aws_compliance_python_engine/output/scan_20251213_123327\n"
  },
  "sagemaker": {
    "success": true,
    "checks_count": 8,
    "errors": [
      "2025-12-13 18:05:30 WARNING Failed describe_hyper_parameter_tuning_job: An error occurred (ValidationException) when calling the DescribeHyperParameterTuningJob operation: 2 validation errors detected: Value '{{ item.hyper_parameter_tuning_job_name }}' at 'hyperParameterTuningJobName' failed to satisfy constraint: Member must have length less than or equal to 32; Value '{{ item.hyper_parameter_tuning_job_name }}' at 'hyperParameterTuningJobName' failed to satisfy constraint: Member must satisfy regular expression pattern: [a-zA-Z0-9](-*[a-zA-Z0-9]){0,31}",
      "WARNING:compliance-boto3:Failed describe_hyper_parameter_tuning_job: An error occurred (ValidationException) when calling the DescribeHyperParameterTuningJob operation: 2 validation errors detected: Value '{{ item.hyper_parameter_tuning_job_name }}' at 'hyperParameterTuningJobName' failed to satisfy constraint: Member must have length less than or equal to 32; Value '{{ item.hyper_parameter_tuning_job_name }}' at 'hyperParameterTuningJobName' failed to satisfy constraint: Member must satisfy regular expression pattern: [a-zA-Z0-9](-*[a-zA-Z0-9]){0,31}",
      "2025-12-13 18:07:37 WARNING Failed describe_device_fleet: An error occurred (ThrottlingException) when calling the DescribeDeviceFleet operation (reached max retries: 5): Rate exceeded",
      "WARNING:compliance-boto3:Failed describe_device_fleet: An error occurred (ThrottlingException) when calling the DescribeDeviceFleet operation (reached max retries: 5): Rate exceeded",
      "2025-12-13 18:07:57 WARNING Failed describe_endpoint_config: An error occurred (ValidationException) when calling the DescribeEndpointConfig operation: 1 validation error detected: Value '{{ item.name }}' at 'endpointConfigName' failed to satisfy constraint: Member must satisfy regular expression pattern: [a-zA-Z0-9](-*[a-zA-Z0-9]){0,62}",
      "WARNING:compliance-boto3:Failed describe_endpoint_config: An error occurred (ValidationException) when calling the DescribeEndpointConfig operation: 1 validation error detected: Value '{{ item.name }}' at 'endpointConfigName' failed to satisfy constraint: Member must satisfy regular expression pattern: [a-zA-Z0-9](-*[a-zA-Z0-9]){0,62}",
      "2025-12-13 18:08:16 WARNING Failed describe_cluster: An error occurred (ValidationException) when calling the DescribeCluster operation: 1 validation error detected: Value '{{ item.name }}' at 'clusterName' failed to satisfy constraint: Member must satisfy regular expression pattern: (arn:aws[a-z\\-]*:sagemaker:[a-z0-9\\-]*:[0-9]{12}:cluster/[a-z0-9]{12})|([a-zA-Z0-9](-*[a-zA-Z0-9]){0,62})",
      "WARNING:compliance-boto3:Failed describe_cluster: An error occurred (ValidationException) when calling the DescribeCluster operation: 1 validation error detected: Value '{{ item.name }}' at 'clusterName' failed to satisfy constraint: Member must satisfy regular expression pattern: (arn:aws[a-z\\-]*:sagemaker:[a-z0-9\\-]*:[0-9]{12}:cluster/[a-z0-9]{12})|([a-zA-Z0-9](-*[a-zA-Z0-9]){0,62})",
      "2025-12-13 18:08:35 WARNING Failed describe_model_package: An error occurred (ValidationException) when calling the DescribeModelPackage operation: 1 validation error detected: Value '{{ item.model_package_name }}' at 'modelPackageName' failed to satisfy constraint: Member must satisfy regular expression pattern: (arn:aws[a-z\\-]*:sagemaker:[a-z0-9\\-]*:[0-9]{12}:[a-z\\-]*\\/)?([a-zA-Z0-9]([a-zA-Z0-9-]){0,62})(?<!-)(\\/[0-9]{1,9})?",
      "WARNING:compliance-boto3:Failed describe_model_package: An error occurred (ValidationException) when calling the DescribeModelPackage operation: 1 validation error detected: Value '{{ item.model_package_name }}' at 'modelPackageName' failed to satisfy constraint: Member must satisfy regular expression pattern: (arn:aws[a-z\\-]*:sagemaker:[a-z0-9\\-]*:[0-9]{12}:[a-z\\-]*\\/)?([a-zA-Z0-9]([a-zA-Z0-9-]){0,62})(?<!-)(\\/[0-9]{1,9})?"
    ],
    "output": "operation: 1 validation error detected: Value '{{ item.model_package_name }}' at 'modelPackageName' failed to satisfy constraint: Member must satisfy regular expression pattern: (arn:aws[a-z\\-]*:sagemaker:[a-z0-9\\-]*:[0-9]{12}:[a-z\\-]*\\/)?([a-zA-Z0-9]([a-zA-Z0-9-]){0,62})(?<!-)(\\/[0-9]{1,9})?\nWARNING:compliance-boto3:Failed describe_model_package: An error occurred (ValidationException) when calling the DescribeModelPackage operation: 1 validation error detected: Value '{{ item.model_package_name }}' at 'modelPackageName' failed to satisfy constraint: Member must satisfy regular expression pattern: (arn:aws[a-z\\-]*:sagemaker:[a-z0-9\\-]*:[0-9]{12}:[a-z\\-]*\\/)?([a-zA-Z0-9]([a-zA-Z0-9-]){0,62})(?<!-)(\\/[0-9]{1,9})?\n2025-12-13 18:08:35 INFO [1/1] \u2713 Account-588989875114 (588989875114): 26 checks\nINFO:compliance_scan_scan_20251213_123506:[1/1] \u2713 Account-588989875114 (588989875114): 26 checks\n2025-12-13 18:08:35 INFO \n================================================================================\nINFO:compliance_scan_scan_20251213_123506:\n================================================================================\n2025-12-13 18:08:35 INFO SCAN COMPLETE\nINFO:compliance_scan_scan_20251213_123506:SCAN COMPLETE\n2025-12-13 18:08:35 INFO ================================================================================\nINFO:compliance_scan_scan_20251213_123506:================================================================================\n2025-12-13 18:08:35 INFO Total checks: 26\nINFO:compliance_scan_scan_20251213_123506:Total checks: 26\n2025-12-13 18:08:35 INFO   PASS: 0\nINFO:compliance_scan_scan_20251213_123506:  PASS: 0\n2025-12-13 18:08:35 INFO   FAIL: 26\nINFO:compliance_scan_scan_20251213_123506:  FAIL: 26\n2025-12-13 18:08:35 INFO \nReport: /Users/apple/Desktop/threat-engine/aws_compliance_python_engine/output/scan_20251213_123506\nINFO:compliance_scan_scan_20251213_123506:\nReport: /Users/apple/Desktop/threat-engine/aws_compliance_python_engine/output/scan_20251213_123506\n"
  },
  "savingsplans": {
    "success": true,
    "checks_count": 8,
    "errors": [],
    "output": "l\n2025-12-13 18:08:35 INFO \nParallelism:\nINFO:compliance_scan_scan_20251213_123835:\nParallelism:\n2025-12-13 18:08:35 INFO   Account workers: 3\nINFO:compliance_scan_scan_20251213_123835:  Account workers: 3\n2025-12-13 18:08:35 INFO   Service/region workers: 10\nINFO:compliance_scan_scan_20251213_123835:  Service/region workers: 10\n2025-12-13 18:08:35 INFO   Max concurrent tasks: 30\nINFO:compliance_scan_scan_20251213_123835:  Max concurrent tasks: 30\n2025-12-13 18:08:35 INFO \nScanning 1 accounts in parallel (max 3)...\nINFO:compliance_scan_scan_20251213_123835:\nScanning 1 accounts in parallel (max 3)...\nINFO:__main__:  Scan tasks: 1\nINFO:botocore.credentials:Found credentials in shared credentials file: ~/.aws/credentials\n2025-12-13 18:08:37 INFO [1/1] \u2713 Account-588989875114 (588989875114): 0 checks\nINFO:compliance_scan_scan_20251213_123835:[1/1] \u2713 Account-588989875114 (588989875114): 0 checks\n2025-12-13 18:08:37 INFO \n================================================================================\nINFO:compliance_scan_scan_20251213_123835:\n================================================================================\n2025-12-13 18:08:37 INFO SCAN COMPLETE\nINFO:compliance_scan_scan_20251213_123835:SCAN COMPLETE\n2025-12-13 18:08:37 INFO ================================================================================\nINFO:compliance_scan_scan_20251213_123835:================================================================================\n2025-12-13 18:08:37 INFO Total checks: 0\nINFO:compliance_scan_scan_20251213_123835:Total checks: 0\n2025-12-13 18:08:37 INFO   PASS: 0\nINFO:compliance_scan_scan_20251213_123835:  PASS: 0\n2025-12-13 18:08:37 INFO   FAIL: 0\nINFO:compliance_scan_scan_20251213_123835:  FAIL: 0\n2025-12-13 18:08:37 INFO \nReport: /Users/apple/Desktop/threat-engine/aws_compliance_python_engine/output/scan_20251213_123835\nINFO:compliance_scan_scan_20251213_123835:\nReport: /Users/apple/Desktop/threat-engine/aws_compliance_python_engine/output/scan_20251213_123835\n"
  },
  "securityhub": {
    "success": true,
    "checks_count": 9,
    "errors": [
      "2025-12-13 18:08:53 WARNING Failed describe_organization_configuration: An error occurred (InvalidAccessException) when calling the DescribeOrganizationConfiguration operation: Account 588989875114 is not an administrator for this organization",
      "WARNING:compliance-boto3:Failed describe_organization_configuration: An error occurred (InvalidAccessException) when calling the DescribeOrganizationConfiguration operation: Account 588989875114 is not an administrator for this organization",
      "2025-12-13 18:09:07 WARNING Failed list_configuration_policies: An error occurred (AccessDeniedException) when calling the ListConfigurationPolicies operation: Must be a Security Hub delegated administrator with Central Configuration enabled",
      "WARNING:compliance-boto3:Failed list_configuration_policies: An error occurred (AccessDeniedException) when calling the ListConfigurationPolicies operation: Must be a Security Hub delegated administrator with Central Configuration enabled",
      "2025-12-13 18:09:20 WARNING Failed create_configuration_policy: Parameter validation failed:",
      "WARNING:compliance-boto3:Failed create_configuration_policy: Parameter validation failed:"
    ],
    "output": "rity Hub delegated administrator with Central Configuration enabled\nWARNING:compliance-boto3:Failed list_configuration_policies: An error occurred (AccessDeniedException) when calling the ListConfigurationPolicies operation: Must be a Security Hub delegated administrator with Central Configuration enabled\n2025-12-13 18:09:20 WARNING Failed create_configuration_policy: Parameter validation failed:\nInvalid type for parameter ConfigurationPolicy, value: {{ item.id }}, type: <class 'str'>, valid types: <class 'dict'>\nWARNING:compliance-boto3:Failed create_configuration_policy: Parameter validation failed:\nInvalid type for parameter ConfigurationPolicy, value: {{ item.id }}, type: <class 'str'>, valid types: <class 'dict'>\n2025-12-13 18:09:20 INFO [1/1] \u2713 Account-588989875114 (588989875114): 1 checks\nINFO:compliance_scan_scan_20251213_123837:[1/1] \u2713 Account-588989875114 (588989875114): 1 checks\n2025-12-13 18:09:20 INFO \n================================================================================\nINFO:compliance_scan_scan_20251213_123837:\n================================================================================\n2025-12-13 18:09:20 INFO SCAN COMPLETE\nINFO:compliance_scan_scan_20251213_123837:SCAN COMPLETE\n2025-12-13 18:09:20 INFO ================================================================================\nINFO:compliance_scan_scan_20251213_123837:================================================================================\n2025-12-13 18:09:20 INFO Total checks: 1\nINFO:compliance_scan_scan_20251213_123837:Total checks: 1\n2025-12-13 18:09:20 INFO   PASS: 0\nINFO:compliance_scan_scan_20251213_123837:  PASS: 0\n2025-12-13 18:09:20 INFO   FAIL: 1\nINFO:compliance_scan_scan_20251213_123837:  FAIL: 1\n2025-12-13 18:09:20 INFO \nReport: /Users/apple/Desktop/threat-engine/aws_compliance_python_engine/output/scan_20251213_123837\nINFO:compliance_scan_scan_20251213_123837:\nReport: /Users/apple/Desktop/threat-engine/aws_compliance_python_engine/output/scan_20251213_123837\n"
  },
  "servicecatalog": {
    "success": true,
    "checks_count": 9,
    "errors": [],
    "output": "l\n2025-12-13 18:09:20 INFO \nParallelism:\nINFO:compliance_scan_scan_20251213_123920:\nParallelism:\n2025-12-13 18:09:20 INFO   Account workers: 3\nINFO:compliance_scan_scan_20251213_123920:  Account workers: 3\n2025-12-13 18:09:20 INFO   Service/region workers: 10\nINFO:compliance_scan_scan_20251213_123920:  Service/region workers: 10\n2025-12-13 18:09:20 INFO   Max concurrent tasks: 30\nINFO:compliance_scan_scan_20251213_123920:  Max concurrent tasks: 30\n2025-12-13 18:09:20 INFO \nScanning 1 accounts in parallel (max 3)...\nINFO:compliance_scan_scan_20251213_123920:\nScanning 1 accounts in parallel (max 3)...\nINFO:__main__:  Scan tasks: 1\nINFO:botocore.credentials:Found credentials in shared credentials file: ~/.aws/credentials\n2025-12-13 18:09:22 INFO [1/1] \u2713 Account-588989875114 (588989875114): 0 checks\nINFO:compliance_scan_scan_20251213_123920:[1/1] \u2713 Account-588989875114 (588989875114): 0 checks\n2025-12-13 18:09:22 INFO \n================================================================================\nINFO:compliance_scan_scan_20251213_123920:\n================================================================================\n2025-12-13 18:09:22 INFO SCAN COMPLETE\nINFO:compliance_scan_scan_20251213_123920:SCAN COMPLETE\n2025-12-13 18:09:22 INFO ================================================================================\nINFO:compliance_scan_scan_20251213_123920:================================================================================\n2025-12-13 18:09:22 INFO Total checks: 0\nINFO:compliance_scan_scan_20251213_123920:Total checks: 0\n2025-12-13 18:09:22 INFO   PASS: 0\nINFO:compliance_scan_scan_20251213_123920:  PASS: 0\n2025-12-13 18:09:22 INFO   FAIL: 0\nINFO:compliance_scan_scan_20251213_123920:  FAIL: 0\n2025-12-13 18:09:22 INFO \nReport: /Users/apple/Desktop/threat-engine/aws_compliance_python_engine/output/scan_20251213_123920\nINFO:compliance_scan_scan_20251213_123920:\nReport: /Users/apple/Desktop/threat-engine/aws_compliance_python_engine/output/scan_20251213_123920\n"
  },
  "ses": {
    "success": true,
    "checks_count": 9,
    "errors": [],
    "output": "l\n2025-12-13 18:09:22 INFO \nParallelism:\nINFO:compliance_scan_scan_20251213_123922:\nParallelism:\n2025-12-13 18:09:22 INFO   Account workers: 3\nINFO:compliance_scan_scan_20251213_123922:  Account workers: 3\n2025-12-13 18:09:22 INFO   Service/region workers: 10\nINFO:compliance_scan_scan_20251213_123922:  Service/region workers: 10\n2025-12-13 18:09:22 INFO   Max concurrent tasks: 30\nINFO:compliance_scan_scan_20251213_123922:  Max concurrent tasks: 30\n2025-12-13 18:09:22 INFO \nScanning 1 accounts in parallel (max 3)...\nINFO:compliance_scan_scan_20251213_123922:\nScanning 1 accounts in parallel (max 3)...\nINFO:__main__:  Scan tasks: 1\nINFO:botocore.credentials:Found credentials in shared credentials file: ~/.aws/credentials\n2025-12-13 18:09:24 INFO [1/1] \u2713 Account-588989875114 (588989875114): 0 checks\nINFO:compliance_scan_scan_20251213_123922:[1/1] \u2713 Account-588989875114 (588989875114): 0 checks\n2025-12-13 18:09:24 INFO \n================================================================================\nINFO:compliance_scan_scan_20251213_123922:\n================================================================================\n2025-12-13 18:09:24 INFO SCAN COMPLETE\nINFO:compliance_scan_scan_20251213_123922:SCAN COMPLETE\n2025-12-13 18:09:24 INFO ================================================================================\nINFO:compliance_scan_scan_20251213_123922:================================================================================\n2025-12-13 18:09:24 INFO Total checks: 0\nINFO:compliance_scan_scan_20251213_123922:Total checks: 0\n2025-12-13 18:09:24 INFO   PASS: 0\nINFO:compliance_scan_scan_20251213_123922:  PASS: 0\n2025-12-13 18:09:24 INFO   FAIL: 0\nINFO:compliance_scan_scan_20251213_123922:  FAIL: 0\n2025-12-13 18:09:24 INFO \nReport: /Users/apple/Desktop/threat-engine/aws_compliance_python_engine/output/scan_20251213_123922\nINFO:compliance_scan_scan_20251213_123922:\nReport: /Users/apple/Desktop/threat-engine/aws_compliance_python_engine/output/scan_20251213_123922\n"
  },
  "shield": {
    "success": true,
    "checks_count": 10,
    "errors": [
      "2025-12-13 18:09:44 WARNING Failed describe_protection: An error occurred (InvalidParameterException) when calling the DescribeProtection operation: Invalid parameter. You must provide one value, either protectionId or resourceArn, but not both.",
      "WARNING:compliance-boto3:Failed describe_protection: An error occurred (InvalidParameterException) when calling the DescribeProtection operation: Invalid parameter. You must provide one value, either protectionId or resourceArn, but not both.",
      "2025-12-13 18:10:05 WARNING Failed describe_subscription: An error occurred (ResourceNotFoundException) when calling the DescribeSubscription operation: The subscription does not exist.",
      "WARNING:compliance-boto3:Failed describe_subscription: An error occurred (ResourceNotFoundException) when calling the DescribeSubscription operation: The subscription does not exist."
    ],
    "output": "tection operation: Invalid parameter. You must provide one value, either protectionId or resourceArn, but not both.\nWARNING:compliance-boto3:Failed describe_protection: An error occurred (InvalidParameterException) when calling the DescribeProtection operation: Invalid parameter. You must provide one value, either protectionId or resourceArn, but not both.\n2025-12-13 18:10:05 WARNING Failed describe_subscription: An error occurred (ResourceNotFoundException) when calling the DescribeSubscription operation: The subscription does not exist.\nWARNING:compliance-boto3:Failed describe_subscription: An error occurred (ResourceNotFoundException) when calling the DescribeSubscription operation: The subscription does not exist.\n2025-12-13 18:10:05 INFO [1/1] \u2713 Account-588989875114 (588989875114): 0 checks\nINFO:compliance_scan_scan_20251213_123924:[1/1] \u2713 Account-588989875114 (588989875114): 0 checks\n2025-12-13 18:10:05 INFO \n================================================================================\nINFO:compliance_scan_scan_20251213_123924:\n================================================================================\n2025-12-13 18:10:05 INFO SCAN COMPLETE\nINFO:compliance_scan_scan_20251213_123924:SCAN COMPLETE\n2025-12-13 18:10:05 INFO ================================================================================\nINFO:compliance_scan_scan_20251213_123924:================================================================================\n2025-12-13 18:10:05 INFO Total checks: 0\nINFO:compliance_scan_scan_20251213_123924:Total checks: 0\n2025-12-13 18:10:05 INFO   PASS: 0\nINFO:compliance_scan_scan_20251213_123924:  PASS: 0\n2025-12-13 18:10:05 INFO   FAIL: 0\nINFO:compliance_scan_scan_20251213_123924:  FAIL: 0\n2025-12-13 18:10:05 INFO \nReport: /Users/apple/Desktop/threat-engine/aws_compliance_python_engine/output/scan_20251213_123924\nINFO:compliance_scan_scan_20251213_123924:\nReport: /Users/apple/Desktop/threat-engine/aws_compliance_python_engine/output/scan_20251213_123924\n"
  },
  "sns": {
    "success": true,
    "checks_count": 10,
    "errors": [],
    "output": "l\n2025-12-13 18:10:05 INFO \nParallelism:\nINFO:compliance_scan_scan_20251213_124005:\nParallelism:\n2025-12-13 18:10:05 INFO   Account workers: 3\nINFO:compliance_scan_scan_20251213_124005:  Account workers: 3\n2025-12-13 18:10:05 INFO   Service/region workers: 10\nINFO:compliance_scan_scan_20251213_124005:  Service/region workers: 10\n2025-12-13 18:10:05 INFO   Max concurrent tasks: 30\nINFO:compliance_scan_scan_20251213_124005:  Max concurrent tasks: 30\n2025-12-13 18:10:05 INFO \nScanning 1 accounts in parallel (max 3)...\nINFO:compliance_scan_scan_20251213_124005:\nScanning 1 accounts in parallel (max 3)...\nINFO:__main__:  Scan tasks: 1\nINFO:botocore.credentials:Found credentials in shared credentials file: ~/.aws/credentials\n2025-12-13 18:10:08 INFO [1/1] \u2713 Account-588989875114 (588989875114): 0 checks\nINFO:compliance_scan_scan_20251213_124005:[1/1] \u2713 Account-588989875114 (588989875114): 0 checks\n2025-12-13 18:10:08 INFO \n================================================================================\nINFO:compliance_scan_scan_20251213_124005:\n================================================================================\n2025-12-13 18:10:08 INFO SCAN COMPLETE\nINFO:compliance_scan_scan_20251213_124005:SCAN COMPLETE\n2025-12-13 18:10:08 INFO ================================================================================\nINFO:compliance_scan_scan_20251213_124005:================================================================================\n2025-12-13 18:10:08 INFO Total checks: 0\nINFO:compliance_scan_scan_20251213_124005:Total checks: 0\n2025-12-13 18:10:08 INFO   PASS: 0\nINFO:compliance_scan_scan_20251213_124005:  PASS: 0\n2025-12-13 18:10:08 INFO   FAIL: 0\nINFO:compliance_scan_scan_20251213_124005:  FAIL: 0\n2025-12-13 18:10:08 INFO \nReport: /Users/apple/Desktop/threat-engine/aws_compliance_python_engine/output/scan_20251213_124005\nINFO:compliance_scan_scan_20251213_124005:\nReport: /Users/apple/Desktop/threat-engine/aws_compliance_python_engine/output/scan_20251213_124005\n"
  },
  "sqs": {
    "success": true,
    "checks_count": 27,
    "errors": [
      "2025-12-13 18:10:23 WARNING Failed list_message_move_tasks: An error occurred (InvalidParameterValue) when calling the ListMessageMoveTasks operation: You must use this format to specify the SourceArn: arn:<partition>:<service>:<region>:<account-id>:<resource-id>",
      "WARNING:compliance-boto3:Failed list_message_move_tasks: An error occurred (InvalidParameterValue) when calling the ListMessageMoveTasks operation: You must use this format to specify the SourceArn: arn:<partition>:<service>:<region>:<account-id>:<resource-id>",
      "2025-12-13 18:27:20 WARNING Failed receive_message: An error occurred (InvalidAddress) when calling the ReceiveMessage operation: The address {{ item.FIELD_NAME }} is not valid for this endpoint.",
      "WARNING:compliance-boto3:Failed receive_message: An error occurred (InvalidAddress) when calling the ReceiveMessage operation: The address {{ item.FIELD_NAME }} is not valid for this endpoint."
    ],
    "output": " the SourceArn: arn:<partition>:<service>:<region>:<account-id>:<resource-id>\nWARNING:compliance-boto3:Failed list_message_move_tasks: An error occurred (InvalidParameterValue) when calling the ListMessageMoveTasks operation: You must use this format to specify the SourceArn: arn:<partition>:<service>:<region>:<account-id>:<resource-id>\n2025-12-13 18:27:20 WARNING Failed receive_message: An error occurred (InvalidAddress) when calling the ReceiveMessage operation: The address {{ item.FIELD_NAME }} is not valid for this endpoint.\nWARNING:compliance-boto3:Failed receive_message: An error occurred (InvalidAddress) when calling the ReceiveMessage operation: The address {{ item.FIELD_NAME }} is not valid for this endpoint.\n2025-12-13 18:27:20 INFO [1/1] \u2713 Account-588989875114 (588989875114): 5 checks\nINFO:compliance_scan_scan_20251213_124008:[1/1] \u2713 Account-588989875114 (588989875114): 5 checks\n2025-12-13 18:27:20 INFO \n================================================================================\nINFO:compliance_scan_scan_20251213_124008:\n================================================================================\n2025-12-13 18:27:20 INFO SCAN COMPLETE\nINFO:compliance_scan_scan_20251213_124008:SCAN COMPLETE\n2025-12-13 18:27:20 INFO ================================================================================\nINFO:compliance_scan_scan_20251213_124008:================================================================================\n2025-12-13 18:27:20 INFO Total checks: 5\nINFO:compliance_scan_scan_20251213_124008:Total checks: 5\n2025-12-13 18:27:20 INFO   PASS: 0\nINFO:compliance_scan_scan_20251213_124008:  PASS: 0\n2025-12-13 18:27:20 INFO   FAIL: 5\nINFO:compliance_scan_scan_20251213_124008:  FAIL: 5\n2025-12-13 18:27:20 INFO \nReport: /Users/apple/Desktop/threat-engine/aws_compliance_python_engine/output/scan_20251213_124008\nINFO:compliance_scan_scan_20251213_124008:\nReport: /Users/apple/Desktop/threat-engine/aws_compliance_python_engine/output/scan_20251213_124008\n"
  },
  "ssm": {
    "success": true,
    "checks_count": 27,
    "errors": [
      "2025-12-13 18:27:37 WARNING Failed describe_association: An error occurred (ValidationException) when calling the DescribeAssociation operation: Must either provide instance id + document name, or provide association id ",
      "WARNING:compliance-boto3:Failed describe_association: An error occurred (ValidationException) when calling the DescribeAssociation operation: Must either provide instance id + document name, or provide association id ",
      "2025-12-13 18:27:53 WARNING Failed describe_maintenance_window_tasks: An error occurred (ValidationException) when calling the DescribeMaintenanceWindowTasks operation: 1 validation error detected: Value at 'windowId' failed to satisfy constraint: Member must satisfy regular expression pattern: ^mw-[0-9a-f]{17}$",
      "WARNING:compliance-boto3:Failed describe_maintenance_window_tasks: An error occurred (ValidationException) when calling the DescribeMaintenanceWindowTasks operation: 1 validation error detected: Value at 'windowId' failed to satisfy constraint: Member must satisfy regular expression pattern: ^mw-[0-9a-f]{17}$"
    ],
    "output": "ciation operation: Must either provide instance id + document name, or provide association id \n2025-12-13 18:27:53 WARNING Failed describe_maintenance_window_tasks: An error occurred (ValidationException) when calling the DescribeMaintenanceWindowTasks operation: 1 validation error detected: Value at 'windowId' failed to satisfy constraint: Member must satisfy regular expression pattern: ^mw-[0-9a-f]{17}$\nWARNING:compliance-boto3:Failed describe_maintenance_window_tasks: An error occurred (ValidationException) when calling the DescribeMaintenanceWindowTasks operation: 1 validation error detected: Value at 'windowId' failed to satisfy constraint: Member must satisfy regular expression pattern: ^mw-[0-9a-f]{17}$\n2025-12-13 18:27:53 INFO [1/1] \u2713 Account-588989875114 (588989875114): 79 checks\nINFO:compliance_scan_scan_20251213_125721:[1/1] \u2713 Account-588989875114 (588989875114): 79 checks\n2025-12-13 18:27:53 INFO \n================================================================================\nINFO:compliance_scan_scan_20251213_125721:\n================================================================================\n2025-12-13 18:27:53 INFO SCAN COMPLETE\nINFO:compliance_scan_scan_20251213_125721:SCAN COMPLETE\n2025-12-13 18:27:53 INFO ================================================================================\nINFO:compliance_scan_scan_20251213_125721:================================================================================\n2025-12-13 18:27:53 INFO Total checks: 79\nINFO:compliance_scan_scan_20251213_125721:Total checks: 79\n2025-12-13 18:27:53 INFO   PASS: 64\nINFO:compliance_scan_scan_20251213_125721:  PASS: 64\n2025-12-13 18:27:53 INFO   FAIL: 15\nINFO:compliance_scan_scan_20251213_125721:  FAIL: 15\n2025-12-13 18:27:53 INFO \nReport: /Users/apple/Desktop/threat-engine/aws_compliance_python_engine/output/scan_20251213_125721\nINFO:compliance_scan_scan_20251213_125721:\nReport: /Users/apple/Desktop/threat-engine/aws_compliance_python_engine/output/scan_20251213_125721\n"
  },
  "stepfunctions": {
    "success": true,
    "checks_count": 28,
    "errors": [
      "2025-12-13 18:28:08 WARNING Failed list_executions: An error occurred (ValidationException) when calling the ListExecutions operation: Must provide a StateMachine ARN or MapRun ARN",
      "WARNING:compliance-boto3:Failed list_executions: An error occurred (ValidationException) when calling the ListExecutions operation: Must provide a StateMachine ARN or MapRun ARN",
      "2025-12-13 18:28:22 WARNING Failed describe_state_machine: An error occurred (InvalidArn) when calling the DescribeStateMachine operation: Invalid Arn: 'Invalid ARN prefix: {{ item.state_machine_arn }}'",
      "WARNING:compliance-boto3:Failed describe_state_machine: An error occurred (InvalidArn) when calling the DescribeStateMachine operation: Invalid Arn: 'Invalid ARN prefix: {{ item.state_machine_arn }}'",
      "2025-12-13 18:28:36 WARNING Failed describe_activity: An error occurred (InvalidArn) when calling the DescribeActivity operation: Invalid Arn: 'Invalid ARN prefix: {{ item.id }}'",
      "WARNING:compliance-boto3:Failed describe_activity: An error occurred (InvalidArn) when calling the DescribeActivity operation: Invalid Arn: 'Invalid ARN prefix: {{ item.id }}'",
      "2025-12-13 18:28:49 WARNING Failed list_tags_for_resource: An error occurred (InvalidArn) when calling the ListTagsForResource operation: Invalid Arn: 'Invalid ARN prefix: {{ item.id }}'",
      "WARNING:compliance-boto3:Failed list_tags_for_resource: An error occurred (InvalidArn) when calling the ListTagsForResource operation: Invalid Arn: 'Invalid ARN prefix: {{ item.id }}'"
    ],
    "output": "fix: {{ item.id }}'\n2025-12-13 18:28:49 WARNING Failed list_tags_for_resource: An error occurred (InvalidArn) when calling the ListTagsForResource operation: Invalid Arn: 'Invalid ARN prefix: {{ item.id }}'\nWARNING:compliance-boto3:Failed list_tags_for_resource: An error occurred (InvalidArn) when calling the ListTagsForResource operation: Invalid Arn: 'Invalid ARN prefix: {{ item.id }}'\n2025-12-13 18:28:49 WARNING Error evaluating aws.stepfunctions.statemachine.disallowed_attribute_keys_blocked: 'in <string>' requires string as left operand, not list\nWARNING:compliance-boto3:Error evaluating aws.stepfunctions.statemachine.disallowed_attribute_keys_blocked: 'in <string>' requires string as left operand, not list\n2025-12-13 18:28:49 INFO [1/1] \u2713 Account-588989875114 (588989875114): 33 checks\nINFO:compliance_scan_scan_20251213_125753:[1/1] \u2713 Account-588989875114 (588989875114): 33 checks\n2025-12-13 18:28:49 INFO \n================================================================================\nINFO:compliance_scan_scan_20251213_125753:\n================================================================================\n2025-12-13 18:28:49 INFO SCAN COMPLETE\nINFO:compliance_scan_scan_20251213_125753:SCAN COMPLETE\n2025-12-13 18:28:49 INFO ================================================================================\nINFO:compliance_scan_scan_20251213_125753:================================================================================\n2025-12-13 18:28:49 INFO Total checks: 33\nINFO:compliance_scan_scan_20251213_125753:Total checks: 33\n2025-12-13 18:28:49 INFO   PASS: 0\nINFO:compliance_scan_scan_20251213_125753:  PASS: 0\n2025-12-13 18:28:49 INFO   FAIL: 32\nINFO:compliance_scan_scan_20251213_125753:  FAIL: 32\n2025-12-13 18:28:49 INFO \nReport: /Users/apple/Desktop/threat-engine/aws_compliance_python_engine/output/scan_20251213_125753\nINFO:compliance_scan_scan_20251213_125753:\nReport: /Users/apple/Desktop/threat-engine/aws_compliance_python_engine/output/scan_20251213_125753\n"
  },
  "storagegateway": {
    "success": true,
    "checks_count": 29,
    "errors": [
      "2025-12-13 18:28:51 WARNING Failed describe_cachedi_scsi_volumes: 'StorageGateway' object has no attribute 'describe_cachedi_scsi_volumes'",
      "WARNING:compliance-boto3:Failed describe_cachedi_scsi_volumes: 'StorageGateway' object has no attribute 'describe_cachedi_scsi_volumes'",
      "2025-12-13 18:29:03 WARNING Failed describe_gateway_information: Parameter validation failed:",
      "WARNING:compliance-boto3:Failed describe_gateway_information: Parameter validation failed:",
      "2025-12-13 18:29:15 WARNING Failed describe_nfs_file_shares: Parameter validation failed:",
      "WARNING:compliance-boto3:Failed describe_nfs_file_shares: Parameter validation failed:",
      "2025-12-13 18:29:27 WARNING Failed describe_file_system_associations: Parameter validation failed:",
      "WARNING:compliance-boto3:Failed describe_file_system_associations: Parameter validation failed:"
    ],
    "output": "ist'>, <class 'tuple'>\nWARNING:compliance-boto3:Failed describe_nfs_file_shares: Parameter validation failed:\nInvalid type for parameter FileShareARNList, value: {{ item.id }}, type: <class 'str'>, valid types: <class 'list'>, <class 'tuple'>\n2025-12-13 18:29:27 WARNING Failed describe_file_system_associations: Parameter validation failed:\nInvalid type for parameter FileSystemAssociationARNList, value: {{ item.id }}, type: <class 'str'>, valid types: <class 'list'>, <class 'tuple'>\nWARNING:compliance-boto3:Failed describe_file_system_associations: Parameter validation failed:\nInvalid type for parameter FileSystemAssociationARNList, value: {{ item.id }}, type: <class 'str'>, valid types: <class 'list'>, <class 'tuple'>\n2025-12-13 18:29:27 INFO [1/1] \u2713 Account-588989875114 (588989875114): 5 checks\nINFO:compliance_scan_scan_20251213_125850:[1/1] \u2713 Account-588989875114 (588989875114): 5 checks\n2025-12-13 18:29:27 INFO \n================================================================================\nINFO:compliance_scan_scan_20251213_125850:\n================================================================================\n2025-12-13 18:29:27 INFO SCAN COMPLETE\nINFO:compliance_scan_scan_20251213_125850:SCAN COMPLETE\n2025-12-13 18:29:27 INFO ================================================================================\nINFO:compliance_scan_scan_20251213_125850:================================================================================\n2025-12-13 18:29:27 INFO Total checks: 5\nINFO:compliance_scan_scan_20251213_125850:Total checks: 5\n2025-12-13 18:29:27 INFO   PASS: 0\nINFO:compliance_scan_scan_20251213_125850:  PASS: 0\n2025-12-13 18:29:27 INFO   FAIL: 5\nINFO:compliance_scan_scan_20251213_125850:  FAIL: 5\n2025-12-13 18:29:27 INFO \nReport: /Users/apple/Desktop/threat-engine/aws_compliance_python_engine/output/scan_20251213_125850\nINFO:compliance_scan_scan_20251213_125850:\nReport: /Users/apple/Desktop/threat-engine/aws_compliance_python_engine/output/scan_20251213_125850\n"
  },
  "transfer": {
    "success": true,
    "checks_count": 29,
    "errors": [
      "2025-12-13 18:29:43 WARNING Failed describe_security_policy: An error occurred (ValidationException) when calling the DescribeSecurityPolicy operation: 1 validation error detected: Value at 'securityPolicyName' failed to satisfy constraint: Member must satisfy regular expression pattern: Transfer[A-Za-z0-9]*SecurityPolicy-[A-Za-z0-9-]+",
      "WARNING:compliance-boto3:Failed describe_security_policy: An error occurred (ValidationException) when calling the DescribeSecurityPolicy operation: 1 validation error detected: Value at 'securityPolicyName' failed to satisfy constraint: Member must satisfy regular expression pattern: Transfer[A-Za-z0-9]*SecurityPolicy-[A-Za-z0-9-]+"
    ],
    "output": "entials in shared credentials file: ~/.aws/credentials\n2025-12-13 18:29:43 WARNING Failed describe_security_policy: An error occurred (ValidationException) when calling the DescribeSecurityPolicy operation: 1 validation error detected: Value at 'securityPolicyName' failed to satisfy constraint: Member must satisfy regular expression pattern: Transfer[A-Za-z0-9]*SecurityPolicy-[A-Za-z0-9-]+\nWARNING:compliance-boto3:Failed describe_security_policy: An error occurred (ValidationException) when calling the DescribeSecurityPolicy operation: 1 validation error detected: Value at 'securityPolicyName' failed to satisfy constraint: Member must satisfy regular expression pattern: Transfer[A-Za-z0-9]*SecurityPolicy-[A-Za-z0-9-]+\n2025-12-13 18:29:43 INFO [1/1] \u2713 Account-588989875114 (588989875114): 1 checks\nINFO:compliance_scan_scan_20251213_125928:[1/1] \u2713 Account-588989875114 (588989875114): 1 checks\n2025-12-13 18:29:43 INFO \n================================================================================\nINFO:compliance_scan_scan_20251213_125928:\n================================================================================\n2025-12-13 18:29:43 INFO SCAN COMPLETE\nINFO:compliance_scan_scan_20251213_125928:SCAN COMPLETE\n2025-12-13 18:29:43 INFO ================================================================================\nINFO:compliance_scan_scan_20251213_125928:================================================================================\n2025-12-13 18:29:43 INFO Total checks: 1\nINFO:compliance_scan_scan_20251213_125928:Total checks: 1\n2025-12-13 18:29:43 INFO   PASS: 0\nINFO:compliance_scan_scan_20251213_125928:  PASS: 0\n2025-12-13 18:29:43 INFO   FAIL: 1\nINFO:compliance_scan_scan_20251213_125928:  FAIL: 1\n2025-12-13 18:29:43 INFO \nReport: /Users/apple/Desktop/threat-engine/aws_compliance_python_engine/output/scan_20251213_125928\nINFO:compliance_scan_scan_20251213_125928:\nReport: /Users/apple/Desktop/threat-engine/aws_compliance_python_engine/output/scan_20251213_125928\n"
  },
  "vpcflowlogs": {
    "success": false,
    "checks_count": 0,
    "errors": [
      "Traceback (most recent call last):\n  File \"<frozen runpy>\", line 198, in _run_module_as_main\n  File \"<frozen runpy>\", line 88, in _run_code\n  File \"/Users/apple/Desktop/threat-engine/aws_compliance_python_engine/engine/main_scanner.py\", line 589, in <module>\n    main()\n    ~~~~^^\n  File \"/Users/apple/Desktop/threat-engine/aws_compliance_python_engine/engine/main_scanner.py\", line 565, in main\n    results = scan(\n        account=args.account,\n    ...<15 lines>...\n        save_report=not args.no_save\n    )\n  File \"/Users/apple/Desktop/threat-engine/aws_compliance_python_engine/engine/main_scanner.py\", line 309, in scan\n    services_to_scan = resolve_services(service, include_services, exclude_services)\n  File \"/Users/apple/Desktop/threat-engine/aws_compliance_python_engine/engine/main_scanner.py\", line 135, in resolve_services\n    raise ValueError(f\"Service '{service}' not found or not enabled\")\nValueError: Service 'vpcflowlogs' not found or not enabled"
    ],
    "output": "an_scan_20251213_125943:Log file: /Users/apple/Desktop/threat-engine/aws_compliance_python_engine/output/scan_20251213_125943/logs/scan.log\n2025-12-13 18:29:43 INFO Error log: /Users/apple/Desktop/threat-engine/aws_compliance_python_engine/output/scan_20251213_125943/logs/errors.log\nINFO:compliance_scan_scan_20251213_125943:Error log: /Users/apple/Desktop/threat-engine/aws_compliance_python_engine/output/scan_20251213_125943/logs/errors.log\n2025-12-13 18:29:43 INFO ================================================================================\nINFO:compliance_scan_scan_20251213_125943:================================================================================\n2025-12-13 18:29:43 INFO AWS FLEXIBLE COMPLIANCE SCANNER\nINFO:compliance_scan_scan_20251213_125943:AWS FLEXIBLE COMPLIANCE SCANNER\n2025-12-13 18:29:43 INFO ================================================================================\nINFO:compliance_scan_scan_20251213_125943:================================================================================\nTraceback (most recent call last):\n  File \"<frozen runpy>\", line 198, in _run_module_as_main\n  File \"<frozen runpy>\", line 88, in _run_code\n  File \"/Users/apple/Desktop/threat-engine/aws_compliance_python_engine/engine/main_scanner.py\", line 589, in <module>\n    main()\n    ~~~~^^\n  File \"/Users/apple/Desktop/threat-engine/aws_compliance_python_engine/engine/main_scanner.py\", line 565, in main\n    results = scan(\n        account=args.account,\n    ...<15 lines>...\n        save_report=not args.no_save\n    )\n  File \"/Users/apple/Desktop/threat-engine/aws_compliance_python_engine/engine/main_scanner.py\", line 309, in scan\n    services_to_scan = resolve_services(service, include_services, exclude_services)\n  File \"/Users/apple/Desktop/threat-engine/aws_compliance_python_engine/engine/main_scanner.py\", line 135, in resolve_services\n    raise ValueError(f\"Service '{service}' not found or not enabled\")\nValueError: Service 'vpcflowlogs' not found or not enabled\n"
  },
  "wellarchitected": {
    "success": true,
    "checks_count": 29,
    "errors": [],
    "output": "l\n2025-12-13 18:29:43 INFO \nParallelism:\nINFO:compliance_scan_scan_20251213_125943:\nParallelism:\n2025-12-13 18:29:43 INFO   Account workers: 3\nINFO:compliance_scan_scan_20251213_125943:  Account workers: 3\n2025-12-13 18:29:43 INFO   Service/region workers: 10\nINFO:compliance_scan_scan_20251213_125943:  Service/region workers: 10\n2025-12-13 18:29:43 INFO   Max concurrent tasks: 30\nINFO:compliance_scan_scan_20251213_125943:  Max concurrent tasks: 30\n2025-12-13 18:29:43 INFO \nScanning 1 accounts in parallel (max 3)...\nINFO:compliance_scan_scan_20251213_125943:\nScanning 1 accounts in parallel (max 3)...\nINFO:__main__:  Scan tasks: 1\nINFO:botocore.credentials:Found credentials in shared credentials file: ~/.aws/credentials\n2025-12-13 18:29:44 INFO [1/1] \u2713 Account-588989875114 (588989875114): 2 checks\nINFO:compliance_scan_scan_20251213_125943:[1/1] \u2713 Account-588989875114 (588989875114): 2 checks\n2025-12-13 18:29:44 INFO \n================================================================================\nINFO:compliance_scan_scan_20251213_125943:\n================================================================================\n2025-12-13 18:29:44 INFO SCAN COMPLETE\nINFO:compliance_scan_scan_20251213_125943:SCAN COMPLETE\n2025-12-13 18:29:44 INFO ================================================================================\nINFO:compliance_scan_scan_20251213_125943:================================================================================\n2025-12-13 18:29:44 INFO Total checks: 2\nINFO:compliance_scan_scan_20251213_125943:Total checks: 2\n2025-12-13 18:29:44 INFO   PASS: 0\nINFO:compliance_scan_scan_20251213_125943:  PASS: 0\n2025-12-13 18:29:44 INFO   FAIL: 2\nINFO:compliance_scan_scan_20251213_125943:  FAIL: 2\n2025-12-13 18:29:44 INFO \nReport: /Users/apple/Desktop/threat-engine/aws_compliance_python_engine/output/scan_20251213_125943\nINFO:compliance_scan_scan_20251213_125943:\nReport: /Users/apple/Desktop/threat-engine/aws_compliance_python_engine/output/scan_20251213_125943\n"
  },
  "workflows": {
    "success": true,
    "checks_count": 30,
    "errors": [
      "2025-12-13 18:30:00 WARNING Failed describe_activity: An error occurred (InvalidArn) when calling the DescribeActivity operation: Invalid Arn: 'Invalid ARN prefix: {{ item.FIELD_NAME }}'",
      "WARNING:compliance-boto3:Failed describe_activity: An error occurred (InvalidArn) when calling the DescribeActivity operation: Invalid Arn: 'Invalid ARN prefix: {{ item.FIELD_NAME }}'",
      "2025-12-13 18:30:14 WARNING Failed describe_execution: An error occurred (InvalidArn) when calling the DescribeExecution operation: Invalid Arn: 'Invalid ARN prefix: {{ item.FIELD_NAME }}'",
      "WARNING:compliance-boto3:Failed describe_execution: An error occurred (InvalidArn) when calling the DescribeExecution operation: Invalid Arn: 'Invalid ARN prefix: {{ item.FIELD_NAME }}'"
    ],
    "output": "0 WARNING Failed describe_activity: An error occurred (InvalidArn) when calling the DescribeActivity operation: Invalid Arn: 'Invalid ARN prefix: {{ item.FIELD_NAME }}'\nWARNING:compliance-boto3:Failed describe_activity: An error occurred (InvalidArn) when calling the DescribeActivity operation: Invalid Arn: 'Invalid ARN prefix: {{ item.FIELD_NAME }}'\n2025-12-13 18:30:14 WARNING Failed describe_execution: An error occurred (InvalidArn) when calling the DescribeExecution operation: Invalid Arn: 'Invalid ARN prefix: {{ item.FIELD_NAME }}'\nWARNING:compliance-boto3:Failed describe_execution: An error occurred (InvalidArn) when calling the DescribeExecution operation: Invalid Arn: 'Invalid ARN prefix: {{ item.FIELD_NAME }}'\n2025-12-13 18:30:14 INFO [1/1] \u2713 Account-588989875114 (588989875114): 3 checks\nINFO:compliance_scan_scan_20251213_125945:[1/1] \u2713 Account-588989875114 (588989875114): 3 checks\n2025-12-13 18:30:14 INFO \n================================================================================\nINFO:compliance_scan_scan_20251213_125945:\n================================================================================\n2025-12-13 18:30:14 INFO SCAN COMPLETE\nINFO:compliance_scan_scan_20251213_125945:SCAN COMPLETE\n2025-12-13 18:30:14 INFO ================================================================================\nINFO:compliance_scan_scan_20251213_125945:================================================================================\n2025-12-13 18:30:14 INFO Total checks: 3\nINFO:compliance_scan_scan_20251213_125945:Total checks: 3\n2025-12-13 18:30:14 INFO   PASS: 0\nINFO:compliance_scan_scan_20251213_125945:  PASS: 0\n2025-12-13 18:30:14 INFO   FAIL: 3\nINFO:compliance_scan_scan_20251213_125945:  FAIL: 3\n2025-12-13 18:30:14 INFO \nReport: /Users/apple/Desktop/threat-engine/aws_compliance_python_engine/output/scan_20251213_125945\nINFO:compliance_scan_scan_20251213_125945:\nReport: /Users/apple/Desktop/threat-engine/aws_compliance_python_engine/output/scan_20251213_125945\n"
  },
  "xray": {
    "success": true,
    "checks_count": 30,
    "errors": [
      "2025-12-13 18:30:29 WARNING Failed delete_sampling_rule: An error occurred (InvalidRequestException) when calling the DeleteSamplingRule operation: Request must contain either sampling rule name or sampling rule ARN",
      "WARNING:compliance-boto3:Failed delete_sampling_rule: An error occurred (InvalidRequestException) when calling the DeleteSamplingRule operation: Request must contain either sampling rule name or sampling rule ARN",
      "2025-12-13 18:30:41 WARNING Failed batch_get_traces: Parameter validation failed:",
      "WARNING:compliance-boto3:Failed batch_get_traces: Parameter validation failed:"
    ],
    "output": "ration: Request must contain either sampling rule name or sampling rule ARN\n2025-12-13 18:30:41 WARNING Failed batch_get_traces: Parameter validation failed:\nInvalid type for parameter TraceIds, value: {{ item.id }}, type: <class 'str'>, valid types: <class 'list'>, <class 'tuple'>\nWARNING:compliance-boto3:Failed batch_get_traces: Parameter validation failed:\nInvalid type for parameter TraceIds, value: {{ item.id }}, type: <class 'str'>, valid types: <class 'list'>, <class 'tuple'>\n2025-12-13 18:30:41 WARNING Error evaluating aws.xray.trace.retention_days_minimum: could not convert string to float: ''\nWARNING:compliance-boto3:Error evaluating aws.xray.trace.retention_days_minimum: could not convert string to float: ''\n2025-12-13 18:30:41 INFO [1/1] \u2713 Account-588989875114 (588989875114): 5 checks\nINFO:compliance_scan_scan_20251213_130014:[1/1] \u2713 Account-588989875114 (588989875114): 5 checks\n2025-12-13 18:30:41 INFO \n================================================================================\nINFO:compliance_scan_scan_20251213_130014:\n================================================================================\n2025-12-13 18:30:41 INFO SCAN COMPLETE\nINFO:compliance_scan_scan_20251213_130014:SCAN COMPLETE\n2025-12-13 18:30:41 INFO ================================================================================\nINFO:compliance_scan_scan_20251213_130014:================================================================================\n2025-12-13 18:30:41 INFO Total checks: 5\nINFO:compliance_scan_scan_20251213_130014:Total checks: 5\n2025-12-13 18:30:41 INFO   PASS: 0\nINFO:compliance_scan_scan_20251213_130014:  PASS: 0\n2025-12-13 18:30:41 INFO   FAIL: 4\nINFO:compliance_scan_scan_20251213_130014:  FAIL: 4\n2025-12-13 18:30:41 INFO \nReport: /Users/apple/Desktop/threat-engine/aws_compliance_python_engine/output/scan_20251213_130014\nINFO:compliance_scan_scan_20251213_130014:\nReport: /Users/apple/Desktop/threat-engine/aws_compliance_python_engine/output/scan_20251213_130014\n"
  }
}