{
  "appstream": {
    "success": true,
    "checks_count": 31,
    "errors": [],
    "output": "l\n2025-12-13 18:31:01 INFO \nParallelism:\nINFO:compliance_scan_scan_20251213_130101:\nParallelism:\n2025-12-13 18:31:01 INFO   Account workers: 3\nINFO:compliance_scan_scan_20251213_130101:  Account workers: 3\n2025-12-13 18:31:01 INFO   Service/region workers: 10\nINFO:compliance_scan_scan_20251213_130101:  Service/region workers: 10\n2025-12-13 18:31:01 INFO   Max concurrent tasks: 30\nINFO:compliance_scan_scan_20251213_130101:  Max concurrent tasks: 30\n2025-12-13 18:31:01 INFO \nScanning 1 accounts in parallel (max 3)...\nINFO:compliance_scan_scan_20251213_130101:\nScanning 1 accounts in parallel (max 3)...\nINFO:__main__:  Scan tasks: 1\nINFO:botocore.credentials:Found credentials in shared credentials file: ~/.aws/credentials\n2025-12-13 18:31:03 INFO [1/1] \u2713 Account-588989875114 (588989875114): 0 checks\nINFO:compliance_scan_scan_20251213_130101:[1/1] \u2713 Account-588989875114 (588989875114): 0 checks\n2025-12-13 18:31:03 INFO \n================================================================================\nINFO:compliance_scan_scan_20251213_130101:\n================================================================================\n2025-12-13 18:31:03 INFO SCAN COMPLETE\nINFO:compliance_scan_scan_20251213_130101:SCAN COMPLETE\n2025-12-13 18:31:03 INFO ================================================================================\nINFO:compliance_scan_scan_20251213_130101:================================================================================\n2025-12-13 18:31:03 INFO Total checks: 0\nINFO:compliance_scan_scan_20251213_130101:Total checks: 0\n2025-12-13 18:31:03 INFO   PASS: 0\nINFO:compliance_scan_scan_20251213_130101:  PASS: 0\n2025-12-13 18:31:03 INFO   FAIL: 0\nINFO:compliance_scan_scan_20251213_130101:  FAIL: 0\n2025-12-13 18:31:03 INFO \nReport: /Users/apple/Desktop/threat-engine/aws_compliance_python_engine/output/scan_20251213_130101\nINFO:compliance_scan_scan_20251213_130101:\nReport: /Users/apple/Desktop/threat-engine/aws_compliance_python_engine/output/scan_20251213_130101\n"
  },
  "appsync": {
    "success": true,
    "checks_count": 31,
    "errors": [],
    "output": "l\n2025-12-13 18:31:03 INFO \nParallelism:\nINFO:compliance_scan_scan_20251213_130103:\nParallelism:\n2025-12-13 18:31:03 INFO   Account workers: 3\nINFO:compliance_scan_scan_20251213_130103:  Account workers: 3\n2025-12-13 18:31:03 INFO   Service/region workers: 10\nINFO:compliance_scan_scan_20251213_130103:  Service/region workers: 10\n2025-12-13 18:31:03 INFO   Max concurrent tasks: 30\nINFO:compliance_scan_scan_20251213_130103:  Max concurrent tasks: 30\n2025-12-13 18:31:03 INFO \nScanning 1 accounts in parallel (max 3)...\nINFO:compliance_scan_scan_20251213_130103:\nScanning 1 accounts in parallel (max 3)...\nINFO:__main__:  Scan tasks: 1\nINFO:botocore.credentials:Found credentials in shared credentials file: ~/.aws/credentials\n2025-12-13 18:31:04 INFO [1/1] \u2713 Account-588989875114 (588989875114): 0 checks\nINFO:compliance_scan_scan_20251213_130103:[1/1] \u2713 Account-588989875114 (588989875114): 0 checks\n2025-12-13 18:31:04 INFO \n================================================================================\nINFO:compliance_scan_scan_20251213_130103:\n================================================================================\n2025-12-13 18:31:04 INFO SCAN COMPLETE\nINFO:compliance_scan_scan_20251213_130103:SCAN COMPLETE\n2025-12-13 18:31:04 INFO ================================================================================\nINFO:compliance_scan_scan_20251213_130103:================================================================================\n2025-12-13 18:31:04 INFO Total checks: 0\nINFO:compliance_scan_scan_20251213_130103:Total checks: 0\n2025-12-13 18:31:04 INFO   PASS: 0\nINFO:compliance_scan_scan_20251213_130103:  PASS: 0\n2025-12-13 18:31:04 INFO   FAIL: 0\nINFO:compliance_scan_scan_20251213_130103:  FAIL: 0\n2025-12-13 18:31:04 INFO \nReport: /Users/apple/Desktop/threat-engine/aws_compliance_python_engine/output/scan_20251213_130103\nINFO:compliance_scan_scan_20251213_130103:\nReport: /Users/apple/Desktop/threat-engine/aws_compliance_python_engine/output/scan_20251213_130103\n"
  },
  "backup": {
    "success": true,
    "checks_count": 31,
    "errors": [
      "2025-12-13 18:31:22 WARNING Failed list_recovery_points_by_backup_vault: An error occurred (AccessDeniedException) when calling the ListRecoveryPointsByBackupVault operation: Insufficient privileges to perform this action.",
      "WARNING:compliance-boto3:Failed list_recovery_points_by_backup_vault: An error occurred (AccessDeniedException) when calling the ListRecoveryPointsByBackupVault operation: Insufficient privileges to perform this action.",
      "2025-12-13 18:31:35 WARNING Failed describe_backup_vault: An error occurred (AccessDeniedException) when calling the DescribeBackupVault operation: Insufficient privileges to perform this action.",
      "WARNING:compliance-boto3:Failed describe_backup_vault: An error occurred (AccessDeniedException) when calling the DescribeBackupVault operation: Insufficient privileges to perform this action."
    ],
    "output": "Exception) when calling the ListRecoveryPointsByBackupVault operation: Insufficient privileges to perform this action.\nWARNING:compliance-boto3:Failed list_recovery_points_by_backup_vault: An error occurred (AccessDeniedException) when calling the ListRecoveryPointsByBackupVault operation: Insufficient privileges to perform this action.\n2025-12-13 18:31:35 WARNING Failed describe_backup_vault: An error occurred (AccessDeniedException) when calling the DescribeBackupVault operation: Insufficient privileges to perform this action.\nWARNING:compliance-boto3:Failed describe_backup_vault: An error occurred (AccessDeniedException) when calling the DescribeBackupVault operation: Insufficient privileges to perform this action.\n2025-12-13 18:31:35 INFO [1/1] \u2713 Account-588989875114 (588989875114): 3 checks\nINFO:compliance_scan_scan_20251213_130105:[1/1] \u2713 Account-588989875114 (588989875114): 3 checks\n2025-12-13 18:31:35 INFO \n================================================================================\nINFO:compliance_scan_scan_20251213_130105:\n================================================================================\n2025-12-13 18:31:35 INFO SCAN COMPLETE\nINFO:compliance_scan_scan_20251213_130105:SCAN COMPLETE\n2025-12-13 18:31:35 INFO ================================================================================\nINFO:compliance_scan_scan_20251213_130105:================================================================================\n2025-12-13 18:31:35 INFO Total checks: 3\nINFO:compliance_scan_scan_20251213_130105:Total checks: 3\n2025-12-13 18:31:35 INFO   PASS: 0\nINFO:compliance_scan_scan_20251213_130105:  PASS: 0\n2025-12-13 18:31:35 INFO   FAIL: 3\nINFO:compliance_scan_scan_20251213_130105:  FAIL: 3\n2025-12-13 18:31:35 INFO \nReport: /Users/apple/Desktop/threat-engine/aws_compliance_python_engine/output/scan_20251213_130105\nINFO:compliance_scan_scan_20251213_130105:\nReport: /Users/apple/Desktop/threat-engine/aws_compliance_python_engine/output/scan_20251213_130105\n"
  },
  "budgets": {
    "success": true,
    "checks_count": 32,
    "errors": [
      "2025-12-13 18:31:48 WARNING Failed delete_budget_action: Parameter validation failed:",
      "WARNING:compliance-boto3:Failed delete_budget_action: Parameter validation failed:",
      "2025-12-13 18:32:03 WARNING Failed describe_notifications_for_budget: An error occurred (ValidationException) when calling the DescribeNotificationsForBudget operation: 2 validation errors detected: Value at 'accountId' failed to satisfy constraint: Member must satisfy regular expression pattern; Value at 'accountId' failed to satisfy constraint: Member must have length less than or equal to 12",
      "WARNING:compliance-boto3:Failed describe_notifications_for_budget: An error occurred (ValidationException) when calling the DescribeNotificationsForBudget operation: 2 validation errors detected: Value at 'accountId' failed to satisfy constraint: Member must satisfy regular expression pattern; Value at 'accountId' failed to satisfy constraint: Member must have length less than or equal to 12"
    ],
    "output": "get: An error occurred (ValidationException) when calling the DescribeNotificationsForBudget operation: 2 validation errors detected: Value at 'accountId' failed to satisfy constraint: Member must satisfy regular expression pattern; Value at 'accountId' failed to satisfy constraint: Member must have length less than or equal to 12\nWARNING:compliance-boto3:Failed describe_notifications_for_budget: An error occurred (ValidationException) when calling the DescribeNotificationsForBudget operation: 2 validation errors detected: Value at 'accountId' failed to satisfy constraint: Member must satisfy regular expression pattern; Value at 'accountId' failed to satisfy constraint: Member must have length less than or equal to 12\n2025-12-13 18:32:03 INFO [1/1] \u2713 Account-588989875114 (588989875114): 4 checks\nINFO:compliance_scan_scan_20251213_130136:[1/1] \u2713 Account-588989875114 (588989875114): 4 checks\n2025-12-13 18:32:03 INFO \n================================================================================\nINFO:compliance_scan_scan_20251213_130136:\n================================================================================\n2025-12-13 18:32:03 INFO SCAN COMPLETE\nINFO:compliance_scan_scan_20251213_130136:SCAN COMPLETE\n2025-12-13 18:32:03 INFO ================================================================================\nINFO:compliance_scan_scan_20251213_130136:================================================================================\n2025-12-13 18:32:03 INFO Total checks: 4\nINFO:compliance_scan_scan_20251213_130136:Total checks: 4\n2025-12-13 18:32:03 INFO   PASS: 0\nINFO:compliance_scan_scan_20251213_130136:  PASS: 0\n2025-12-13 18:32:03 INFO   FAIL: 4\nINFO:compliance_scan_scan_20251213_130136:  FAIL: 4\n2025-12-13 18:32:03 INFO \nReport: /Users/apple/Desktop/threat-engine/aws_compliance_python_engine/output/scan_20251213_130136\nINFO:compliance_scan_scan_20251213_130136:\nReport: /Users/apple/Desktop/threat-engine/aws_compliance_python_engine/output/scan_20251213_130136\n"
  },
  "cloudtrail": {
    "success": true,
    "checks_count": 32,
    "errors": [
      "2025-12-13 18:32:23 WARNING Failed get_event_selectors: An error occurred (InvalidTrailNameException) when calling the GetEventSelectors operation: Trail name must start with a letter or number.",
      "WARNING:compliance-boto3:Failed get_event_selectors: An error occurred (InvalidTrailNameException) when calling the GetEventSelectors operation: Trail name must start with a letter or number."
    ],
    "output": ":compliance_scan_scan_20251213_130203:  Max concurrent tasks: 30\n2025-12-13 18:32:03 INFO \nScanning 1 accounts in parallel (max 3)...\nINFO:compliance_scan_scan_20251213_130203:\nScanning 1 accounts in parallel (max 3)...\nINFO:__main__:  Scan tasks: 1\nINFO:botocore.credentials:Found credentials in shared credentials file: ~/.aws/credentials\n2025-12-13 18:32:23 WARNING Failed get_event_selectors: An error occurred (InvalidTrailNameException) when calling the GetEventSelectors operation: Trail name must start with a letter or number.\nWARNING:compliance-boto3:Failed get_event_selectors: An error occurred (InvalidTrailNameException) when calling the GetEventSelectors operation: Trail name must start with a letter or number.\n2025-12-13 18:32:24 INFO [1/1] \u2713 Account-588989875114 (588989875114): 3 checks\nINFO:compliance_scan_scan_20251213_130203:[1/1] \u2713 Account-588989875114 (588989875114): 3 checks\n2025-12-13 18:32:24 INFO \n================================================================================\nINFO:compliance_scan_scan_20251213_130203:\n================================================================================\n2025-12-13 18:32:24 INFO SCAN COMPLETE\nINFO:compliance_scan_scan_20251213_130203:SCAN COMPLETE\n2025-12-13 18:32:24 INFO ================================================================================\nINFO:compliance_scan_scan_20251213_130203:================================================================================\n2025-12-13 18:32:24 INFO Total checks: 3\nINFO:compliance_scan_scan_20251213_130203:Total checks: 3\n2025-12-13 18:32:24 INFO   PASS: 0\nINFO:compliance_scan_scan_20251213_130203:  PASS: 0\n2025-12-13 18:32:24 INFO   FAIL: 3\nINFO:compliance_scan_scan_20251213_130203:  FAIL: 3\n2025-12-13 18:32:24 INFO \nReport: /Users/apple/Desktop/threat-engine/aws_compliance_python_engine/output/scan_20251213_130203\nINFO:compliance_scan_scan_20251213_130203:\nReport: /Users/apple/Desktop/threat-engine/aws_compliance_python_engine/output/scan_20251213_130203\n"
  },
  "cloudwatch": {
    "success": true,
    "checks_count": 32,
    "errors": [],
    "output": "l\n2025-12-13 18:32:24 INFO \nParallelism:\nINFO:compliance_scan_scan_20251213_130224:\nParallelism:\n2025-12-13 18:32:24 INFO   Account workers: 3\nINFO:compliance_scan_scan_20251213_130224:  Account workers: 3\n2025-12-13 18:32:24 INFO   Service/region workers: 10\nINFO:compliance_scan_scan_20251213_130224:  Service/region workers: 10\n2025-12-13 18:32:24 INFO   Max concurrent tasks: 30\nINFO:compliance_scan_scan_20251213_130224:  Max concurrent tasks: 30\n2025-12-13 18:32:24 INFO \nScanning 1 accounts in parallel (max 3)...\nINFO:compliance_scan_scan_20251213_130224:\nScanning 1 accounts in parallel (max 3)...\nINFO:__main__:  Scan tasks: 1\nINFO:botocore.credentials:Found credentials in shared credentials file: ~/.aws/credentials\n2025-12-13 18:32:27 INFO [1/1] \u2713 Account-588989875114 (588989875114): 4 checks\nINFO:compliance_scan_scan_20251213_130224:[1/1] \u2713 Account-588989875114 (588989875114): 4 checks\n2025-12-13 18:32:27 INFO \n================================================================================\nINFO:compliance_scan_scan_20251213_130224:\n================================================================================\n2025-12-13 18:32:27 INFO SCAN COMPLETE\nINFO:compliance_scan_scan_20251213_130224:SCAN COMPLETE\n2025-12-13 18:32:27 INFO ================================================================================\nINFO:compliance_scan_scan_20251213_130224:================================================================================\n2025-12-13 18:32:27 INFO Total checks: 4\nINFO:compliance_scan_scan_20251213_130224:Total checks: 4\n2025-12-13 18:32:27 INFO   PASS: 3\nINFO:compliance_scan_scan_20251213_130224:  PASS: 3\n2025-12-13 18:32:27 INFO   FAIL: 1\nINFO:compliance_scan_scan_20251213_130224:  FAIL: 1\n2025-12-13 18:32:27 INFO \nReport: /Users/apple/Desktop/threat-engine/aws_compliance_python_engine/output/scan_20251213_130224\nINFO:compliance_scan_scan_20251213_130224:\nReport: /Users/apple/Desktop/threat-engine/aws_compliance_python_engine/output/scan_20251213_130224\n"
  },
  "codeartifact": {
    "success": true,
    "checks_count": 32,
    "errors": [
      "2025-12-13 18:32:42 WARNING Failed associate_external_connection: An error occurred (ValidationException) when calling the AssociateExternalConnection operation: 3 validation errors detected: Value '{{ item.FIELD_NAME }}' at 'externalConnection' failed to satisfy constraint: Member must satisfy regular expression pattern: [A-Za-z0-9][A-Za-z0-9._\\-:]{1,99}; Value '{{ item.FIELD_NAME }}' at 'domain' failed to satisfy constraint: Member must satisfy regular expression pattern: [a-z][a-z0-9\\-]{0,48}[a-z0-9]; Value '{{ item.FIELD_NAME }}' at 'repository' failed to satisfy constraint: Member must satisfy regular expression pattern: [A-Za-z0-9][A-Za-z0-9._\\-]{1,99}",
      "WARNING:compliance-boto3:Failed associate_external_connection: An error occurred (ValidationException) when calling the AssociateExternalConnection operation: 3 validation errors detected: Value '{{ item.FIELD_NAME }}' at 'externalConnection' failed to satisfy constraint: Member must satisfy regular expression pattern: [A-Za-z0-9][A-Za-z0-9._\\-:]{1,99}; Value '{{ item.FIELD_NAME }}' at 'domain' failed to satisfy constraint: Member must satisfy regular expression pattern: [a-z][a-z0-9\\-]{0,48}[a-z0-9]; Value '{{ item.FIELD_NAME }}' at 'repository' failed to satisfy constraint: Member must satisfy regular expression pattern: [A-Za-z0-9][A-Za-z0-9._\\-]{1,99}"
    ],
    "output": "fy regular expression pattern: [A-Za-z0-9][A-Za-z0-9._\\-]{1,99}\nWARNING:compliance-boto3:Failed associate_external_connection: An error occurred (ValidationException) when calling the AssociateExternalConnection operation: 3 validation errors detected: Value '{{ item.FIELD_NAME }}' at 'externalConnection' failed to satisfy constraint: Member must satisfy regular expression pattern: [A-Za-z0-9][A-Za-z0-9._\\-:]{1,99}; Value '{{ item.FIELD_NAME }}' at 'domain' failed to satisfy constraint: Member must satisfy regular expression pattern: [a-z][a-z0-9\\-]{0,48}[a-z0-9]; Value '{{ item.FIELD_NAME }}' at 'repository' failed to satisfy constraint: Member must satisfy regular expression pattern: [A-Za-z0-9][A-Za-z0-9._\\-]{1,99}\n2025-12-13 18:32:42 INFO [1/1] \u2713 Account-588989875114 (588989875114): 1 checks\nINFO:compliance_scan_scan_20251213_130228:[1/1] \u2713 Account-588989875114 (588989875114): 1 checks\n2025-12-13 18:32:42 INFO \n================================================================================\nINFO:compliance_scan_scan_20251213_130228:\n================================================================================\n2025-12-13 18:32:42 INFO SCAN COMPLETE\nINFO:compliance_scan_scan_20251213_130228:SCAN COMPLETE\n2025-12-13 18:32:42 INFO ================================================================================\nINFO:compliance_scan_scan_20251213_130228:================================================================================\n2025-12-13 18:32:42 INFO Total checks: 1\nINFO:compliance_scan_scan_20251213_130228:Total checks: 1\n2025-12-13 18:32:42 INFO   PASS: 0\nINFO:compliance_scan_scan_20251213_130228:  PASS: 0\n2025-12-13 18:32:42 INFO   FAIL: 1\nINFO:compliance_scan_scan_20251213_130228:  FAIL: 1\n2025-12-13 18:32:42 INFO \nReport: /Users/apple/Desktop/threat-engine/aws_compliance_python_engine/output/scan_20251213_130228\nINFO:compliance_scan_scan_20251213_130228:\nReport: /Users/apple/Desktop/threat-engine/aws_compliance_python_engine/output/scan_20251213_130228\n"
  },
  "codebuild": {
    "success": true,
    "checks_count": 33,
    "errors": [
      "2025-12-13 18:33:03 WARNING Failed retry_build: An error occurred (InvalidInputException) when calling the RetryBuild operation: Build ID or ARN is required",
      "WARNING:compliance-boto3:Failed retry_build: An error occurred (InvalidInputException) when calling the RetryBuild operation: Build ID or ARN is required",
      "2025-12-13 18:33:15 WARNING Failed batch_get_fleets: Parameter validation failed:",
      "WARNING:compliance-boto3:Failed batch_get_fleets: Parameter validation failed:"
    ],
    "output": "uild operation: Build ID or ARN is required\n2025-12-13 18:33:15 WARNING Failed batch_get_fleets: Parameter validation failed:\nInvalid type for parameter names, value: {{ item.id }}, type: <class 'str'>, valid types: <class 'list'>, <class 'tuple'>\nWARNING:compliance-boto3:Failed batch_get_fleets: Parameter validation failed:\nInvalid type for parameter names, value: {{ item.id }}, type: <class 'str'>, valid types: <class 'list'>, <class 'tuple'>\n2025-12-13 18:33:15 WARNING Error evaluating aws.codebuild.project.codebuild_older_90_days_configured: could not convert string to float: ''\nWARNING:compliance-boto3:Error evaluating aws.codebuild.project.codebuild_older_90_days_configured: could not convert string to float: ''\n2025-12-13 18:33:15 INFO [1/1] \u2713 Account-588989875114 (588989875114): 1 checks\nINFO:compliance_scan_scan_20251213_130243:[1/1] \u2713 Account-588989875114 (588989875114): 1 checks\n2025-12-13 18:33:15 INFO \n================================================================================\nINFO:compliance_scan_scan_20251213_130243:\n================================================================================\n2025-12-13 18:33:15 INFO SCAN COMPLETE\nINFO:compliance_scan_scan_20251213_130243:SCAN COMPLETE\n2025-12-13 18:33:15 INFO ================================================================================\nINFO:compliance_scan_scan_20251213_130243:================================================================================\n2025-12-13 18:33:15 INFO Total checks: 1\nINFO:compliance_scan_scan_20251213_130243:Total checks: 1\n2025-12-13 18:33:15 INFO   PASS: 0\nINFO:compliance_scan_scan_20251213_130243:  PASS: 0\n2025-12-13 18:33:15 INFO   FAIL: 0\nINFO:compliance_scan_scan_20251213_130243:  FAIL: 0\n2025-12-13 18:33:15 INFO \nReport: /Users/apple/Desktop/threat-engine/aws_compliance_python_engine/output/scan_20251213_130243\nINFO:compliance_scan_scan_20251213_130243:\nReport: /Users/apple/Desktop/threat-engine/aws_compliance_python_engine/output/scan_20251213_130243\n"
  },
  "cognito": {
    "success": true,
    "checks_count": 34,
    "errors": [
      "2025-12-13 18:33:30 WARNING Failed update_managed_login_branding: An error occurred (InvalidParameterException) when calling the UpdateManagedLoginBranding operation: UserPoolId must not be null",
      "WARNING:compliance-boto3:Failed update_managed_login_branding: An error occurred (InvalidParameterException) when calling the UpdateManagedLoginBranding operation: UserPoolId must not be null",
      "2025-12-13 18:33:44 WARNING Failed admin_list_groups_for_user: An error occurred (InvalidParameterException) when calling the AdminListGroupsForUser operation: 2 validation errors detected: Value '{{ item.user_pool_id }}' at 'userPoolId' failed to satisfy constraint: Member must satisfy regular expression pattern: [\\w-]+_[0-9a-zA-Z]+; Value at 'username' failed to satisfy constraint: Member must satisfy regular expression pattern: [\\p{L}\\p{M}\\p{S}\\p{N}\\p{P}]+",
      "WARNING:compliance-boto3:Failed admin_list_groups_for_user: An error occurred (InvalidParameterException) when calling the AdminListGroupsForUser operation: 2 validation errors detected: Value '{{ item.user_pool_id }}' at 'userPoolId' failed to satisfy constraint: Member must satisfy regular expression pattern: [\\w-]+_[0-9a-zA-Z]+; Value at 'username' failed to satisfy constraint: Member must satisfy regular expression pattern: [\\p{L}\\p{M}\\p{S}\\p{N}\\p{P}]+",
      "2025-12-13 18:33:58 WARNING Failed create_user_pool: An error occurred (InvalidParameterException) when calling the CreateUserPool operation: 1 validation error detected: Value '{{ item.id }}' at 'poolName' failed to satisfy constraint: Member must satisfy regular expression pattern: [\\w\\s+=,.@-]+",
      "WARNING:compliance-boto3:Failed create_user_pool: An error occurred (InvalidParameterException) when calling the CreateUserPool operation: 1 validation error detected: Value '{{ item.id }}' at 'poolName' failed to satisfy constraint: Member must satisfy regular expression pattern: [\\w\\s+=,.@-]+",
      "2025-12-13 18:34:12 WARNING Failed admin_create_user: An error occurred (InvalidParameterException) when calling the AdminCreateUser operation: 2 validation errors detected: Value '{{ item.user_pool_id }}' at 'userPoolId' failed to satisfy constraint: Member must satisfy regular expression pattern: [\\w-]+_[0-9a-zA-Z]+; Value at 'username' failed to satisfy constraint: Member must satisfy regular expression pattern: [\\p{L}\\p{M}\\p{S}\\p{N}\\p{P}]+",
      "WARNING:compliance-boto3:Failed admin_create_user: An error occurred (InvalidParameterException) when calling the AdminCreateUser operation: 2 validation errors detected: Value '{{ item.user_pool_id }}' at 'userPoolId' failed to satisfy constraint: Member must satisfy regular expression pattern: [\\w-]+_[0-9a-zA-Z]+; Value at 'username' failed to satisfy constraint: Member must satisfy regular expression pattern: [\\p{L}\\p{M}\\p{S}\\p{N}\\p{P}]+",
      "2025-12-13 18:34:24 WARNING Failed create_user_import_job: Parameter validation failed:",
      "WARNING:compliance-boto3:Failed create_user_import_job: Parameter validation failed:"
    ],
    "output": "curred (InvalidParameterException) when calling the AdminCreateUser operation: 2 validation errors detected: Value '{{ item.user_pool_id }}' at 'userPoolId' failed to satisfy constraint: Member must satisfy regular expression pattern: [\\w-]+_[0-9a-zA-Z]+; Value at 'username' failed to satisfy constraint: Member must satisfy regular expression pattern: [\\p{L}\\p{M}\\p{S}\\p{N}\\p{P}]+\n2025-12-13 18:34:24 WARNING Failed create_user_import_job: Parameter validation failed:\nInvalid length for parameter CloudWatchLogsRoleArn, value: 13, valid min length: 20\nWARNING:compliance-boto3:Failed create_user_import_job: Parameter validation failed:\nInvalid length for parameter CloudWatchLogsRoleArn, value: 13, valid min length: 20\n2025-12-13 18:34:24 INFO [1/1] \u2713 Account-588989875114 (588989875114): 10 checks\nINFO:compliance_scan_scan_20251213_130315:[1/1] \u2713 Account-588989875114 (588989875114): 10 checks\n2025-12-13 18:34:24 INFO \n================================================================================\nINFO:compliance_scan_scan_20251213_130315:\n================================================================================\n2025-12-13 18:34:24 INFO SCAN COMPLETE\nINFO:compliance_scan_scan_20251213_130315:SCAN COMPLETE\n2025-12-13 18:34:24 INFO ================================================================================\nINFO:compliance_scan_scan_20251213_130315:================================================================================\n2025-12-13 18:34:24 INFO Total checks: 10\nINFO:compliance_scan_scan_20251213_130315:Total checks: 10\n2025-12-13 18:34:24 INFO   PASS: 1\nINFO:compliance_scan_scan_20251213_130315:  PASS: 1\n2025-12-13 18:34:24 INFO   FAIL: 9\nINFO:compliance_scan_scan_20251213_130315:  FAIL: 9\n2025-12-13 18:34:24 INFO \nReport: /Users/apple/Desktop/threat-engine/aws_compliance_python_engine/output/scan_20251213_130315\nINFO:compliance_scan_scan_20251213_130315:\nReport: /Users/apple/Desktop/threat-engine/aws_compliance_python_engine/output/scan_20251213_130315\n"
  },
  "config": {
    "success": true,
    "checks_count": 34,
    "errors": [
      "2025-12-13 18:34:39 WARNING Failed describe_remediation_configurations: Parameter validation failed:",
      "WARNING:compliance-boto3:Failed describe_remediation_configurations: Parameter validation failed:"
    ],
    "output": " in parallel (max 3)...\nINFO:compliance_scan_scan_20251213_130424:\nScanning 1 accounts in parallel (max 3)...\nINFO:__main__:  Scan tasks: 1\nINFO:botocore.credentials:Found credentials in shared credentials file: ~/.aws/credentials\n2025-12-13 18:34:39 WARNING Failed describe_remediation_configurations: Parameter validation failed:\nInvalid type for parameter ConfigRuleNames, value: {{ item.config_rule_name }}, type: <class 'str'>, valid types: <class 'list'>, <class 'tuple'>\nWARNING:compliance-boto3:Failed describe_remediation_configurations: Parameter validation failed:\nInvalid type for parameter ConfigRuleNames, value: {{ item.config_rule_name }}, type: <class 'str'>, valid types: <class 'list'>, <class 'tuple'>\n2025-12-13 18:34:39 INFO [1/1] \u2713 Account-588989875114 (588989875114): 18 checks\nINFO:compliance_scan_scan_20251213_130424:[1/1] \u2713 Account-588989875114 (588989875114): 18 checks\n2025-12-13 18:34:39 INFO \n================================================================================\nINFO:compliance_scan_scan_20251213_130424:\n================================================================================\n2025-12-13 18:34:39 INFO SCAN COMPLETE\nINFO:compliance_scan_scan_20251213_130424:SCAN COMPLETE\n2025-12-13 18:34:39 INFO ================================================================================\nINFO:compliance_scan_scan_20251213_130424:================================================================================\n2025-12-13 18:34:39 INFO Total checks: 18\nINFO:compliance_scan_scan_20251213_130424:Total checks: 18\n2025-12-13 18:34:39 INFO   PASS: 12\nINFO:compliance_scan_scan_20251213_130424:  PASS: 12\n2025-12-13 18:34:39 INFO   FAIL: 6\nINFO:compliance_scan_scan_20251213_130424:  FAIL: 6\n2025-12-13 18:34:39 INFO \nReport: /Users/apple/Desktop/threat-engine/aws_compliance_python_engine/output/scan_20251213_130424\nINFO:compliance_scan_scan_20251213_130424:\nReport: /Users/apple/Desktop/threat-engine/aws_compliance_python_engine/output/scan_20251213_130424\n"
  },
  "controltower": {
    "success": true,
    "checks_count": 34,
    "errors": [
      "2025-12-13 18:34:56 WARNING Failed list_enabled_baselines: An error occurred (ValidationException) when calling the ListEnabledBaselines operation: AWS Control Tower could not complete the operation because it could not assume the 'AWSControlTowerAdmin' role. Check the configuration for this role and try again.",
      "WARNING:compliance-boto3:Failed list_enabled_baselines: An error occurred (ValidationException) when calling the ListEnabledBaselines operation: AWS Control Tower could not complete the operation because it could not assume the 'AWSControlTowerAdmin' role. Check the configuration for this role and try again."
    ],
    "output": "Scan tasks: 1\nINFO:botocore.credentials:Found credentials in shared credentials file: ~/.aws/credentials\n2025-12-13 18:34:56 WARNING Failed list_enabled_baselines: An error occurred (ValidationException) when calling the ListEnabledBaselines operation: AWS Control Tower could not complete the operation because it could not assume the 'AWSControlTowerAdmin' role. Check the configuration for this role and try again.\nWARNING:compliance-boto3:Failed list_enabled_baselines: An error occurred (ValidationException) when calling the ListEnabledBaselines operation: AWS Control Tower could not complete the operation because it could not assume the 'AWSControlTowerAdmin' role. Check the configuration for this role and try again.\n2025-12-13 18:34:57 INFO [1/1] \u2713 Account-588989875114 (588989875114): 0 checks\nINFO:compliance_scan_scan_20251213_130440:[1/1] \u2713 Account-588989875114 (588989875114): 0 checks\n2025-12-13 18:34:57 INFO \n================================================================================\nINFO:compliance_scan_scan_20251213_130440:\n================================================================================\n2025-12-13 18:34:57 INFO SCAN COMPLETE\nINFO:compliance_scan_scan_20251213_130440:SCAN COMPLETE\n2025-12-13 18:34:57 INFO ================================================================================\nINFO:compliance_scan_scan_20251213_130440:================================================================================\n2025-12-13 18:34:57 INFO Total checks: 0\nINFO:compliance_scan_scan_20251213_130440:Total checks: 0\n2025-12-13 18:34:57 INFO   PASS: 0\nINFO:compliance_scan_scan_20251213_130440:  PASS: 0\n2025-12-13 18:34:57 INFO   FAIL: 0\nINFO:compliance_scan_scan_20251213_130440:  FAIL: 0\n2025-12-13 18:34:57 INFO \nReport: /Users/apple/Desktop/threat-engine/aws_compliance_python_engine/output/scan_20251213_130440\nINFO:compliance_scan_scan_20251213_130440:\nReport: /Users/apple/Desktop/threat-engine/aws_compliance_python_engine/output/scan_20251213_130440\n"
  },
  "datasync": {
    "success": true,
    "checks_count": 34,
    "errors": [],
    "output": "l\n2025-12-13 18:34:57 INFO \nParallelism:\nINFO:compliance_scan_scan_20251213_130457:\nParallelism:\n2025-12-13 18:34:57 INFO   Account workers: 3\nINFO:compliance_scan_scan_20251213_130457:  Account workers: 3\n2025-12-13 18:34:57 INFO   Service/region workers: 10\nINFO:compliance_scan_scan_20251213_130457:  Service/region workers: 10\n2025-12-13 18:34:57 INFO   Max concurrent tasks: 30\nINFO:compliance_scan_scan_20251213_130457:  Max concurrent tasks: 30\n2025-12-13 18:34:57 INFO \nScanning 1 accounts in parallel (max 3)...\nINFO:compliance_scan_scan_20251213_130457:\nScanning 1 accounts in parallel (max 3)...\nINFO:__main__:  Scan tasks: 1\nINFO:botocore.credentials:Found credentials in shared credentials file: ~/.aws/credentials\n2025-12-13 18:34:58 INFO [1/1] \u2713 Account-588989875114 (588989875114): 0 checks\nINFO:compliance_scan_scan_20251213_130457:[1/1] \u2713 Account-588989875114 (588989875114): 0 checks\n2025-12-13 18:34:58 INFO \n================================================================================\nINFO:compliance_scan_scan_20251213_130457:\n================================================================================\n2025-12-13 18:34:58 INFO SCAN COMPLETE\nINFO:compliance_scan_scan_20251213_130457:SCAN COMPLETE\n2025-12-13 18:34:58 INFO ================================================================================\nINFO:compliance_scan_scan_20251213_130457:================================================================================\n2025-12-13 18:34:58 INFO Total checks: 0\nINFO:compliance_scan_scan_20251213_130457:Total checks: 0\n2025-12-13 18:34:58 INFO   PASS: 0\nINFO:compliance_scan_scan_20251213_130457:  PASS: 0\n2025-12-13 18:34:58 INFO   FAIL: 0\nINFO:compliance_scan_scan_20251213_130457:  FAIL: 0\n2025-12-13 18:34:58 INFO \nReport: /Users/apple/Desktop/threat-engine/aws_compliance_python_engine/output/scan_20251213_130457\nINFO:compliance_scan_scan_20251213_130457:\nReport: /Users/apple/Desktop/threat-engine/aws_compliance_python_engine/output/scan_20251213_130457\n"
  },
  "detective": {
    "success": true,
    "checks_count": 35,
    "errors": [],
    "output": "l\n2025-12-13 18:34:59 INFO \nParallelism:\nINFO:compliance_scan_scan_20251213_130459:\nParallelism:\n2025-12-13 18:34:59 INFO   Account workers: 3\nINFO:compliance_scan_scan_20251213_130459:  Account workers: 3\n2025-12-13 18:34:59 INFO   Service/region workers: 10\nINFO:compliance_scan_scan_20251213_130459:  Service/region workers: 10\n2025-12-13 18:34:59 INFO   Max concurrent tasks: 30\nINFO:compliance_scan_scan_20251213_130459:  Max concurrent tasks: 30\n2025-12-13 18:34:59 INFO \nScanning 1 accounts in parallel (max 3)...\nINFO:compliance_scan_scan_20251213_130459:\nScanning 1 accounts in parallel (max 3)...\nINFO:__main__:  Scan tasks: 1\nINFO:botocore.credentials:Found credentials in shared credentials file: ~/.aws/credentials\n2025-12-13 18:35:00 INFO [1/1] \u2713 Account-588989875114 (588989875114): 0 checks\nINFO:compliance_scan_scan_20251213_130459:[1/1] \u2713 Account-588989875114 (588989875114): 0 checks\n2025-12-13 18:35:00 INFO \n================================================================================\nINFO:compliance_scan_scan_20251213_130459:\n================================================================================\n2025-12-13 18:35:00 INFO SCAN COMPLETE\nINFO:compliance_scan_scan_20251213_130459:SCAN COMPLETE\n2025-12-13 18:35:00 INFO ================================================================================\nINFO:compliance_scan_scan_20251213_130459:================================================================================\n2025-12-13 18:35:00 INFO Total checks: 0\nINFO:compliance_scan_scan_20251213_130459:Total checks: 0\n2025-12-13 18:35:00 INFO   PASS: 0\nINFO:compliance_scan_scan_20251213_130459:  PASS: 0\n2025-12-13 18:35:00 INFO   FAIL: 0\nINFO:compliance_scan_scan_20251213_130459:  FAIL: 0\n2025-12-13 18:35:00 INFO \nReport: /Users/apple/Desktop/threat-engine/aws_compliance_python_engine/output/scan_20251213_130459\nINFO:compliance_scan_scan_20251213_130459:\nReport: /Users/apple/Desktop/threat-engine/aws_compliance_python_engine/output/scan_20251213_130459\n"
  },
  "drs": {
    "success": true,
    "checks_count": 35,
    "errors": [
      "2025-12-13 18:35:16 WARNING Failed create_launch_configuration_template: An error occurred (UninitializedAccountException) when calling the CreateLaunchConfigurationTemplate operation: Account not initialized",
      "WARNING:compliance-boto3:Failed create_launch_configuration_template: An error occurred (UninitializedAccountException) when calling the CreateLaunchConfigurationTemplate operation: Account not initialized"
    ],
    "output": "13_130500:  Max concurrent tasks: 30\n2025-12-13 18:35:01 INFO \nScanning 1 accounts in parallel (max 3)...\nINFO:compliance_scan_scan_20251213_130500:\nScanning 1 accounts in parallel (max 3)...\nINFO:__main__:  Scan tasks: 1\nINFO:botocore.credentials:Found credentials in shared credentials file: ~/.aws/credentials\n2025-12-13 18:35:16 WARNING Failed create_launch_configuration_template: An error occurred (UninitializedAccountException) when calling the CreateLaunchConfigurationTemplate operation: Account not initialized\nWARNING:compliance-boto3:Failed create_launch_configuration_template: An error occurred (UninitializedAccountException) when calling the CreateLaunchConfigurationTemplate operation: Account not initialized\n2025-12-13 18:35:16 INFO [1/1] \u2713 Account-588989875114 (588989875114): 0 checks\nINFO:compliance_scan_scan_20251213_130500:[1/1] \u2713 Account-588989875114 (588989875114): 0 checks\n2025-12-13 18:35:16 INFO \n================================================================================\nINFO:compliance_scan_scan_20251213_130500:\n================================================================================\n2025-12-13 18:35:16 INFO SCAN COMPLETE\nINFO:compliance_scan_scan_20251213_130500:SCAN COMPLETE\n2025-12-13 18:35:16 INFO ================================================================================\nINFO:compliance_scan_scan_20251213_130500:================================================================================\n2025-12-13 18:35:16 INFO Total checks: 0\nINFO:compliance_scan_scan_20251213_130500:Total checks: 0\n2025-12-13 18:35:16 INFO   PASS: 0\nINFO:compliance_scan_scan_20251213_130500:  PASS: 0\n2025-12-13 18:35:16 INFO   FAIL: 0\nINFO:compliance_scan_scan_20251213_130500:  FAIL: 0\n2025-12-13 18:35:16 INFO \nReport: /Users/apple/Desktop/threat-engine/aws_compliance_python_engine/output/scan_20251213_130500\nINFO:compliance_scan_scan_20251213_130500:\nReport: /Users/apple/Desktop/threat-engine/aws_compliance_python_engine/output/scan_20251213_130500\n"
  },
  "ec2": {
    "success": false,
    "checks_count": 0,
    "errors": [
      "Timeout after 300 seconds"
    ],
    "output": ""
  },
  "eip": {
    "success": true,
    "checks_count": 40,
    "errors": [],
    "output": "l\n2025-12-13 18:40:17 INFO \nParallelism:\nINFO:compliance_scan_scan_20251213_131017:\nParallelism:\n2025-12-13 18:40:17 INFO   Account workers: 3\nINFO:compliance_scan_scan_20251213_131017:  Account workers: 3\n2025-12-13 18:40:17 INFO   Service/region workers: 10\nINFO:compliance_scan_scan_20251213_131017:  Service/region workers: 10\n2025-12-13 18:40:17 INFO   Max concurrent tasks: 30\nINFO:compliance_scan_scan_20251213_131017:  Max concurrent tasks: 30\n2025-12-13 18:40:17 INFO \nScanning 1 accounts in parallel (max 3)...\nINFO:compliance_scan_scan_20251213_131017:\nScanning 1 accounts in parallel (max 3)...\nINFO:__main__:  Scan tasks: 1\nINFO:botocore.credentials:Found credentials in shared credentials file: ~/.aws/credentials\n2025-12-13 18:40:19 INFO [1/1] \u2713 Account-588989875114 (588989875114): 0 checks\nINFO:compliance_scan_scan_20251213_131017:[1/1] \u2713 Account-588989875114 (588989875114): 0 checks\n2025-12-13 18:40:19 INFO \n================================================================================\nINFO:compliance_scan_scan_20251213_131017:\n================================================================================\n2025-12-13 18:40:19 INFO SCAN COMPLETE\nINFO:compliance_scan_scan_20251213_131017:SCAN COMPLETE\n2025-12-13 18:40:19 INFO ================================================================================\nINFO:compliance_scan_scan_20251213_131017:================================================================================\n2025-12-13 18:40:19 INFO Total checks: 0\nINFO:compliance_scan_scan_20251213_131017:Total checks: 0\n2025-12-13 18:40:19 INFO   PASS: 0\nINFO:compliance_scan_scan_20251213_131017:  PASS: 0\n2025-12-13 18:40:19 INFO   FAIL: 0\nINFO:compliance_scan_scan_20251213_131017:  FAIL: 0\n2025-12-13 18:40:19 INFO \nReport: /Users/apple/Desktop/threat-engine/aws_compliance_python_engine/output/scan_20251213_131017\nINFO:compliance_scan_scan_20251213_131017:\nReport: /Users/apple/Desktop/threat-engine/aws_compliance_python_engine/output/scan_20251213_131017\n"
  },
  "elb": {
    "success": true,
    "checks_count": 40,
    "errors": [
      "2025-12-13 18:40:47 WARNING Failed describe_load_balancer_attributes: An error occurred (ValidationError) when calling the DescribeLoadBalancerAttributes operation: LoadBalancer name cannot contain characters that are not letters, or digits or the dash.",
      "WARNING:compliance-boto3:Failed describe_load_balancer_attributes: An error occurred (ValidationError) when calling the DescribeLoadBalancerAttributes operation: LoadBalancer name cannot contain characters that are not letters, or digits or the dash."
    ],
    "output": "max 3)...\nINFO:compliance_scan_scan_20251213_131020:\nScanning 1 accounts in parallel (max 3)...\nINFO:__main__:  Scan tasks: 1\nINFO:botocore.credentials:Found credentials in shared credentials file: ~/.aws/credentials\n2025-12-13 18:40:47 WARNING Failed describe_load_balancer_attributes: An error occurred (ValidationError) when calling the DescribeLoadBalancerAttributes operation: LoadBalancer name cannot contain characters that are not letters, or digits or the dash.\nWARNING:compliance-boto3:Failed describe_load_balancer_attributes: An error occurred (ValidationError) when calling the DescribeLoadBalancerAttributes operation: LoadBalancer name cannot contain characters that are not letters, or digits or the dash.\n2025-12-13 18:40:47 INFO [1/1] \u2713 Account-588989875114 (588989875114): 27 checks\nINFO:compliance_scan_scan_20251213_131020:[1/1] \u2713 Account-588989875114 (588989875114): 27 checks\n2025-12-13 18:40:47 INFO \n================================================================================\nINFO:compliance_scan_scan_20251213_131020:\n================================================================================\n2025-12-13 18:40:47 INFO SCAN COMPLETE\nINFO:compliance_scan_scan_20251213_131020:SCAN COMPLETE\n2025-12-13 18:40:47 INFO ================================================================================\nINFO:compliance_scan_scan_20251213_131020:================================================================================\n2025-12-13 18:40:47 INFO Total checks: 27\nINFO:compliance_scan_scan_20251213_131020:Total checks: 27\n2025-12-13 18:40:47 INFO   PASS: 9\nINFO:compliance_scan_scan_20251213_131020:  PASS: 9\n2025-12-13 18:40:47 INFO   FAIL: 18\nINFO:compliance_scan_scan_20251213_131020:  FAIL: 18\n2025-12-13 18:40:47 INFO \nReport: /Users/apple/Desktop/threat-engine/aws_compliance_python_engine/output/scan_20251213_131020\nINFO:compliance_scan_scan_20251213_131020:\nReport: /Users/apple/Desktop/threat-engine/aws_compliance_python_engine/output/scan_20251213_131020\n"
  },
  "glacier": {
    "success": true,
    "checks_count": 41,
    "errors": [
      "2025-12-13 18:41:02 WARNING Failed get_vault_access_policy: An error occurred (ResourceNotFoundException) when calling the GetVaultAccessPolicy operation: Vault not found for ARN: {{ item.FIELD_NAME }}",
      "WARNING:compliance-boto3:Failed get_vault_access_policy: An error occurred (ResourceNotFoundException) when calling the GetVaultAccessPolicy operation: Vault not found for ARN: {{ item.FIELD_NAME }}",
      "2025-12-13 18:41:16 WARNING Failed list_provisioned_capacity: An error occurred (AccessDeniedException) when calling the ListProvisionedCapacity operation: User: arn:aws:iam::588989875114:user/administrator is not authorized to perform: glacier:ListProvisionedCapacity on resource: arn:aws:glacier:us-east-1:{{ item.FIELD_NAME }}:priority-capacity/",
      "WARNING:compliance-boto3:Failed list_provisioned_capacity: An error occurred (AccessDeniedException) when calling the ListProvisionedCapacity operation: User: arn:aws:iam::588989875114:user/administrator is not authorized to perform: glacier:ListProvisionedCapacity on resource: arn:aws:glacier:us-east-1:{{ item.FIELD_NAME }}:priority-capacity/",
      "2025-12-13 18:41:30 WARNING Failed get_vault_notifications: An error occurred (ResourceNotFoundException) when calling the GetVaultNotifications operation: Vault not found for ARN: {{ item.FIELD_NAME }}",
      "WARNING:compliance-boto3:Failed get_vault_notifications: An error occurred (ResourceNotFoundException) when calling the GetVaultNotifications operation: Vault not found for ARN: {{ item.FIELD_NAME }}"
    ],
    "output": "iled list_provisioned_capacity: An error occurred (AccessDeniedException) when calling the ListProvisionedCapacity operation: User: arn:aws:iam::588989875114:user/administrator is not authorized to perform: glacier:ListProvisionedCapacity on resource: arn:aws:glacier:us-east-1:{{ item.FIELD_NAME }}:priority-capacity/\n2025-12-13 18:41:30 WARNING Failed get_vault_notifications: An error occurred (ResourceNotFoundException) when calling the GetVaultNotifications operation: Vault not found for ARN: {{ item.FIELD_NAME }}\nWARNING:compliance-boto3:Failed get_vault_notifications: An error occurred (ResourceNotFoundException) when calling the GetVaultNotifications operation: Vault not found for ARN: {{ item.FIELD_NAME }}\n2025-12-13 18:41:30 INFO [1/1] \u2713 Account-588989875114 (588989875114): 11 checks\nINFO:compliance_scan_scan_20251213_131047:[1/1] \u2713 Account-588989875114 (588989875114): 11 checks\n2025-12-13 18:41:30 INFO \n================================================================================\nINFO:compliance_scan_scan_20251213_131047:\n================================================================================\n2025-12-13 18:41:30 INFO SCAN COMPLETE\nINFO:compliance_scan_scan_20251213_131047:SCAN COMPLETE\n2025-12-13 18:41:30 INFO ================================================================================\nINFO:compliance_scan_scan_20251213_131047:================================================================================\n2025-12-13 18:41:30 INFO Total checks: 11\nINFO:compliance_scan_scan_20251213_131047:Total checks: 11\n2025-12-13 18:41:30 INFO   PASS: 0\nINFO:compliance_scan_scan_20251213_131047:  PASS: 0\n2025-12-13 18:41:30 INFO   FAIL: 11\nINFO:compliance_scan_scan_20251213_131047:  FAIL: 11\n2025-12-13 18:41:30 INFO \nReport: /Users/apple/Desktop/threat-engine/aws_compliance_python_engine/output/scan_20251213_131047\nINFO:compliance_scan_scan_20251213_131047:\nReport: /Users/apple/Desktop/threat-engine/aws_compliance_python_engine/output/scan_20251213_131047\n"
  },
  "inspector": {
    "success": true,
    "checks_count": 59,
    "errors": [
      "2025-12-13 18:59:28 WARNING Failed get_exclusions_preview: An error occurred (InvalidInputException) when calling the GetExclusionsPreview operation: Invalid Assessment ARN: {{ item.id }} (Reason: Invalid format ARN: {{ item.id }})",
      "WARNING:compliance-boto3:Failed get_exclusions_preview: An error occurred (InvalidInputException) when calling the GetExclusionsPreview operation: Invalid Assessment ARN: {{ item.id }} (Reason: Invalid format ARN: {{ item.id }})",
      "2025-12-13 18:59:40 WARNING Failed describe_assessment_runs: Parameter validation failed:",
      "WARNING:compliance-boto3:Failed describe_assessment_runs: Parameter validation failed:",
      "2025-12-13 18:59:52 WARNING Failed describe_assessment_targets: Parameter validation failed:",
      "WARNING:compliance-boto3:Failed describe_assessment_targets: Parameter validation failed:"
    ],
    "output": "r'>, valid types: <class 'list'>, <class 'tuple'>\nWARNING:compliance-boto3:Failed describe_assessment_runs: Parameter validation failed:\nInvalid type for parameter assessmentRunArns, value: {{ item.id }}, type: <class 'str'>, valid types: <class 'list'>, <class 'tuple'>\n2025-12-13 18:59:52 WARNING Failed describe_assessment_targets: Parameter validation failed:\nInvalid type for parameter assessmentTargetArns, value: {{ item.id }}, type: <class 'str'>, valid types: <class 'list'>, <class 'tuple'>\nWARNING:compliance-boto3:Failed describe_assessment_targets: Parameter validation failed:\nInvalid type for parameter assessmentTargetArns, value: {{ item.id }}, type: <class 'str'>, valid types: <class 'list'>, <class 'tuple'>\n2025-12-13 18:59:52 INFO [1/1] \u2713 Account-588989875114 (588989875114): 7 checks\nINFO:compliance_scan_scan_20251213_131130:[1/1] \u2713 Account-588989875114 (588989875114): 7 checks\n2025-12-13 18:59:52 INFO \n================================================================================\nINFO:compliance_scan_scan_20251213_131130:\n================================================================================\n2025-12-13 18:59:52 INFO SCAN COMPLETE\nINFO:compliance_scan_scan_20251213_131130:SCAN COMPLETE\n2025-12-13 18:59:52 INFO ================================================================================\nINFO:compliance_scan_scan_20251213_131130:================================================================================\n2025-12-13 18:59:52 INFO Total checks: 7\nINFO:compliance_scan_scan_20251213_131130:Total checks: 7\n2025-12-13 18:59:52 INFO   PASS: 0\nINFO:compliance_scan_scan_20251213_131130:  PASS: 0\n2025-12-13 18:59:52 INFO   FAIL: 7\nINFO:compliance_scan_scan_20251213_131130:  FAIL: 7\n2025-12-13 18:59:52 INFO \nReport: /Users/apple/Desktop/threat-engine/aws_compliance_python_engine/output/scan_20251213_131130\nINFO:compliance_scan_scan_20251213_131130:\nReport: /Users/apple/Desktop/threat-engine/aws_compliance_python_engine/output/scan_20251213_131130\n"
  },
  "kafka": {
    "success": true,
    "checks_count": 59,
    "errors": [],
    "output": "l\n2025-12-13 18:59:52 INFO \nParallelism:\nINFO:compliance_scan_scan_20251213_132952:\nParallelism:\n2025-12-13 18:59:52 INFO   Account workers: 3\nINFO:compliance_scan_scan_20251213_132952:  Account workers: 3\n2025-12-13 18:59:52 INFO   Service/region workers: 10\nINFO:compliance_scan_scan_20251213_132952:  Service/region workers: 10\n2025-12-13 18:59:52 INFO   Max concurrent tasks: 30\nINFO:compliance_scan_scan_20251213_132952:  Max concurrent tasks: 30\n2025-12-13 18:59:52 INFO \nScanning 1 accounts in parallel (max 3)...\nINFO:compliance_scan_scan_20251213_132952:\nScanning 1 accounts in parallel (max 3)...\nINFO:__main__:  Scan tasks: 1\nINFO:botocore.credentials:Found credentials in shared credentials file: ~/.aws/credentials\n2025-12-13 18:59:53 INFO [1/1] \u2713 Account-588989875114 (588989875114): 0 checks\nINFO:compliance_scan_scan_20251213_132952:[1/1] \u2713 Account-588989875114 (588989875114): 0 checks\n2025-12-13 18:59:53 INFO \n================================================================================\nINFO:compliance_scan_scan_20251213_132952:\n================================================================================\n2025-12-13 18:59:53 INFO SCAN COMPLETE\nINFO:compliance_scan_scan_20251213_132952:SCAN COMPLETE\n2025-12-13 18:59:53 INFO ================================================================================\nINFO:compliance_scan_scan_20251213_132952:================================================================================\n2025-12-13 18:59:53 INFO Total checks: 0\nINFO:compliance_scan_scan_20251213_132952:Total checks: 0\n2025-12-13 18:59:53 INFO   PASS: 0\nINFO:compliance_scan_scan_20251213_132952:  PASS: 0\n2025-12-13 18:59:53 INFO   FAIL: 0\nINFO:compliance_scan_scan_20251213_132952:  FAIL: 0\n2025-12-13 18:59:53 INFO \nReport: /Users/apple/Desktop/threat-engine/aws_compliance_python_engine/output/scan_20251213_132952\nINFO:compliance_scan_scan_20251213_132952:\nReport: /Users/apple/Desktop/threat-engine/aws_compliance_python_engine/output/scan_20251213_132952\n"
  },
  "kinesisanalytics": {
    "success": true,
    "checks_count": 0,
    "errors": [
      "2025-12-13 19:00:13 WARNING Failed describe_application: An error occurred (ValidationException) when calling the DescribeApplication operation: 1 validation error detected: Value '{{ item.application_name }}' at 'applicationName' failed to satisfy constraint: Member must satisfy regular expression pattern: [a-zA-Z0-9_.-]+",
      "WARNING:compliance-boto3:Failed describe_application: An error occurred (ValidationException) when calling the DescribeApplication operation: 1 validation error detected: Value '{{ item.application_name }}' at 'applicationName' failed to satisfy constraint: Member must satisfy regular expression pattern: [a-zA-Z0-9_.-]+"
    ],
    "output": "ore.credentials:Found credentials in shared credentials file: ~/.aws/credentials\n2025-12-13 19:00:13 WARNING Failed describe_application: An error occurred (ValidationException) when calling the DescribeApplication operation: 1 validation error detected: Value '{{ item.application_name }}' at 'applicationName' failed to satisfy constraint: Member must satisfy regular expression pattern: [a-zA-Z0-9_.-]+\nWARNING:compliance-boto3:Failed describe_application: An error occurred (ValidationException) when calling the DescribeApplication operation: 1 validation error detected: Value '{{ item.application_name }}' at 'applicationName' failed to satisfy constraint: Member must satisfy regular expression pattern: [a-zA-Z0-9_.-]+\n2025-12-13 19:00:13 INFO [1/1] \u2713 Account-588989875114 (588989875114): 2 checks\nINFO:compliance_scan_scan_20251213_132954:[1/1] \u2713 Account-588989875114 (588989875114): 2 checks\n2025-12-13 19:00:13 INFO \n================================================================================\nINFO:compliance_scan_scan_20251213_132954:\n================================================================================\n2025-12-13 19:00:13 INFO SCAN COMPLETE\nINFO:compliance_scan_scan_20251213_132954:SCAN COMPLETE\n2025-12-13 19:00:13 INFO ================================================================================\nINFO:compliance_scan_scan_20251213_132954:================================================================================\n2025-12-13 19:00:13 INFO Total checks: 2\nINFO:compliance_scan_scan_20251213_132954:Total checks: 2\n2025-12-13 19:00:13 INFO   PASS: 0\nINFO:compliance_scan_scan_20251213_132954:  PASS: 0\n2025-12-13 19:00:13 INFO   FAIL: 2\nINFO:compliance_scan_scan_20251213_132954:  FAIL: 2\n2025-12-13 19:00:13 INFO \nReport: /Users/apple/Desktop/threat-engine/aws_compliance_python_engine/output/scan_20251213_132954\nINFO:compliance_scan_scan_20251213_132954:\nReport: /Users/apple/Desktop/threat-engine/aws_compliance_python_engine/output/scan_20251213_132954\n"
  },
  "lakeformation": {
    "success": true,
    "checks_count": 0,
    "errors": [],
    "output": "-12-13 19:00:14 INFO \nParallelism:\nINFO:compliance_scan_scan_20251213_133014:\nParallelism:\n2025-12-13 19:00:14 INFO   Account workers: 3\nINFO:compliance_scan_scan_20251213_133014:  Account workers: 3\n2025-12-13 19:00:14 INFO   Service/region workers: 10\nINFO:compliance_scan_scan_20251213_133014:  Service/region workers: 10\n2025-12-13 19:00:14 INFO   Max concurrent tasks: 30\nINFO:compliance_scan_scan_20251213_133014:  Max concurrent tasks: 30\n2025-12-13 19:00:14 INFO \nScanning 1 accounts in parallel (max 3)...\nINFO:compliance_scan_scan_20251213_133014:\nScanning 1 accounts in parallel (max 3)...\nINFO:__main__:  Scan tasks: 1\nINFO:botocore.credentials:Found credentials in shared credentials file: ~/.aws/credentials\n2025-12-13 19:00:15 INFO [1/1] \u2713 Account-588989875114 (588989875114): 24 checks\nINFO:compliance_scan_scan_20251213_133014:[1/1] \u2713 Account-588989875114 (588989875114): 24 checks\n2025-12-13 19:00:15 INFO \n================================================================================\nINFO:compliance_scan_scan_20251213_133014:\n================================================================================\n2025-12-13 19:00:15 INFO SCAN COMPLETE\nINFO:compliance_scan_scan_20251213_133014:SCAN COMPLETE\n2025-12-13 19:00:15 INFO ================================================================================\nINFO:compliance_scan_scan_20251213_133014:================================================================================\n2025-12-13 19:00:15 INFO Total checks: 24\nINFO:compliance_scan_scan_20251213_133014:Total checks: 24\n2025-12-13 19:00:15 INFO   PASS: 0\nINFO:compliance_scan_scan_20251213_133014:  PASS: 0\n2025-12-13 19:00:15 INFO   FAIL: 24\nINFO:compliance_scan_scan_20251213_133014:  FAIL: 24\n2025-12-13 19:00:15 INFO \nReport: /Users/apple/Desktop/threat-engine/aws_compliance_python_engine/output/scan_20251213_133014\nINFO:compliance_scan_scan_20251213_133014:\nReport: /Users/apple/Desktop/threat-engine/aws_compliance_python_engine/output/scan_20251213_133014\n"
  },
  "mq": {
    "success": true,
    "checks_count": 0,
    "errors": [],
    "output": "l\n2025-12-13 19:00:16 INFO \nParallelism:\nINFO:compliance_scan_scan_20251213_133016:\nParallelism:\n2025-12-13 19:00:16 INFO   Account workers: 3\nINFO:compliance_scan_scan_20251213_133016:  Account workers: 3\n2025-12-13 19:00:16 INFO   Service/region workers: 10\nINFO:compliance_scan_scan_20251213_133016:  Service/region workers: 10\n2025-12-13 19:00:16 INFO   Max concurrent tasks: 30\nINFO:compliance_scan_scan_20251213_133016:  Max concurrent tasks: 30\n2025-12-13 19:00:16 INFO \nScanning 1 accounts in parallel (max 3)...\nINFO:compliance_scan_scan_20251213_133016:\nScanning 1 accounts in parallel (max 3)...\nINFO:__main__:  Scan tasks: 1\nINFO:botocore.credentials:Found credentials in shared credentials file: ~/.aws/credentials\n2025-12-13 19:00:17 INFO [1/1] \u2713 Account-588989875114 (588989875114): 0 checks\nINFO:compliance_scan_scan_20251213_133016:[1/1] \u2713 Account-588989875114 (588989875114): 0 checks\n2025-12-13 19:00:17 INFO \n================================================================================\nINFO:compliance_scan_scan_20251213_133016:\n================================================================================\n2025-12-13 19:00:17 INFO SCAN COMPLETE\nINFO:compliance_scan_scan_20251213_133016:SCAN COMPLETE\n2025-12-13 19:00:17 INFO ================================================================================\nINFO:compliance_scan_scan_20251213_133016:================================================================================\n2025-12-13 19:00:17 INFO Total checks: 0\nINFO:compliance_scan_scan_20251213_133016:Total checks: 0\n2025-12-13 19:00:17 INFO   PASS: 0\nINFO:compliance_scan_scan_20251213_133016:  PASS: 0\n2025-12-13 19:00:17 INFO   FAIL: 0\nINFO:compliance_scan_scan_20251213_133016:  FAIL: 0\n2025-12-13 19:00:17 INFO \nReport: /Users/apple/Desktop/threat-engine/aws_compliance_python_engine/output/scan_20251213_133016\nINFO:compliance_scan_scan_20251213_133016:\nReport: /Users/apple/Desktop/threat-engine/aws_compliance_python_engine/output/scan_20251213_133016\n"
  },
  "organizations": {
    "success": true,
    "checks_count": 1,
    "errors": [
      "2025-12-13 19:00:38 WARNING Failed create_organization: An error occurred (AlreadyInOrganizationException) when calling the CreateOrganization operation: The AWS account is already a member of an organization.",
      "WARNING:compliance-boto3:Failed create_organization: An error occurred (AlreadyInOrganizationException) when calling the CreateOrganization operation: The AWS account is already a member of an organization.",
      "2025-12-13 19:00:59 WARNING Failed describe_resource_policy: An error occurred (ResourcePolicyNotFoundException) when calling the DescribeResourcePolicy operation: No resource-based policy found.",
      "WARNING:compliance-boto3:Failed describe_resource_policy: An error occurred (ResourcePolicyNotFoundException) when calling the DescribeResourcePolicy operation: No resource-based policy found.",
      "2025-12-13 19:01:19 WARNING Failed enable_all_features: An error occurred (HandshakeConstraintViolationException) when calling the EnableAllFeatures operation: All features are already enabled on this organization.",
      "WARNING:compliance-boto3:Failed enable_all_features: An error occurred (HandshakeConstraintViolationException) when calling the EnableAllFeatures operation: All features are already enabled on this organization."
    ],
    "output": "ations.organization.organizations_max_age_90_days_or_less_configured: could not convert string to float: '2022-11-18 16:17:51.627000+05:30'\nWARNING:compliance-boto3:Error evaluating aws.organizations.organization.organizations_max_age_90_days_or_less_configured: could not convert string to float: '2022-11-18 16:17:51.627000+05:30'\n2025-12-13 19:01:19 WARNING Error evaluating aws.organizations.organization.organizations_max_age_90_days_or_less_configured: could not convert string to float: '2024-10-26 18:27:39.357000+05:30'\nWARNING:compliance-boto3:Error evaluating aws.organizations.organization.organizations_max_age_90_days_or_less_configured: could not convert string to float: '2024-10-26 18:27:39.357000+05:30'\n2025-12-13 19:01:19 INFO [1/1] \u2713 Account-588989875114 (588989875114): 36 checks\nINFO:compliance_scan_scan_20251213_133017:[1/1] \u2713 Account-588989875114 (588989875114): 36 checks\n2025-12-13 19:01:19 INFO \n================================================================================\nINFO:compliance_scan_scan_20251213_133017:\n================================================================================\n2025-12-13 19:01:19 INFO SCAN COMPLETE\nINFO:compliance_scan_scan_20251213_133017:SCAN COMPLETE\n2025-12-13 19:01:19 INFO ================================================================================\nINFO:compliance_scan_scan_20251213_133017:================================================================================\n2025-12-13 19:01:19 INFO Total checks: 36\nINFO:compliance_scan_scan_20251213_133017:Total checks: 36\n2025-12-13 19:01:19 INFO   PASS: 20\nINFO:compliance_scan_scan_20251213_133017:  PASS: 20\n2025-12-13 19:01:19 INFO   FAIL: 6\nINFO:compliance_scan_scan_20251213_133017:  FAIL: 6\n2025-12-13 19:01:19 INFO \nReport: /Users/apple/Desktop/threat-engine/aws_compliance_python_engine/output/scan_20251213_133017\nINFO:compliance_scan_scan_20251213_133017:\nReport: /Users/apple/Desktop/threat-engine/aws_compliance_python_engine/output/scan_20251213_133017\n"
  },
  "parameterstore": {
    "success": true,
    "checks_count": 1,
    "errors": [],
    "output": "l\n2025-12-13 19:01:20 INFO \nParallelism:\nINFO:compliance_scan_scan_20251213_133120:\nParallelism:\n2025-12-13 19:01:20 INFO   Account workers: 3\nINFO:compliance_scan_scan_20251213_133120:  Account workers: 3\n2025-12-13 19:01:20 INFO   Service/region workers: 10\nINFO:compliance_scan_scan_20251213_133120:  Service/region workers: 10\n2025-12-13 19:01:20 INFO   Max concurrent tasks: 30\nINFO:compliance_scan_scan_20251213_133120:  Max concurrent tasks: 30\n2025-12-13 19:01:20 INFO \nScanning 1 accounts in parallel (max 3)...\nINFO:compliance_scan_scan_20251213_133120:\nScanning 1 accounts in parallel (max 3)...\nINFO:__main__:  Scan tasks: 1\nINFO:botocore.credentials:Found credentials in shared credentials file: ~/.aws/credentials\n2025-12-13 19:01:21 INFO [1/1] \u2713 Account-588989875114 (588989875114): 0 checks\nINFO:compliance_scan_scan_20251213_133120:[1/1] \u2713 Account-588989875114 (588989875114): 0 checks\n2025-12-13 19:01:21 INFO \n================================================================================\nINFO:compliance_scan_scan_20251213_133120:\n================================================================================\n2025-12-13 19:01:21 INFO SCAN COMPLETE\nINFO:compliance_scan_scan_20251213_133120:SCAN COMPLETE\n2025-12-13 19:01:21 INFO ================================================================================\nINFO:compliance_scan_scan_20251213_133120:================================================================================\n2025-12-13 19:01:21 INFO Total checks: 0\nINFO:compliance_scan_scan_20251213_133120:Total checks: 0\n2025-12-13 19:01:21 INFO   PASS: 0\nINFO:compliance_scan_scan_20251213_133120:  PASS: 0\n2025-12-13 19:01:21 INFO   FAIL: 0\nINFO:compliance_scan_scan_20251213_133120:  FAIL: 0\n2025-12-13 19:01:21 INFO \nReport: /Users/apple/Desktop/threat-engine/aws_compliance_python_engine/output/scan_20251213_133120\nINFO:compliance_scan_scan_20251213_133120:\nReport: /Users/apple/Desktop/threat-engine/aws_compliance_python_engine/output/scan_20251213_133120\n"
  },
  "quicksight": {
    "success": true,
    "checks_count": 3,
    "errors": [
      "2025-12-13 19:01:37 WARNING Failed describe_account_settings: An error occurred (ValidationException) when calling the DescribeAccountSettings operation: 2 validation errors detected: Value '{{ item.FIELD_NAME }}' at 'awsAccountId' failed to satisfy constraint: AWS account ID is a 12-digit number, such as 123456789012. Value '{{ item.FIELD_NAME }}' at 'awsAccountId' failed to satisfy constraint: AWS account ID is a 12-digit number, such as 123456789012. ",
      "WARNING:compliance-boto3:Failed describe_account_settings: An error occurred (ValidationException) when calling the DescribeAccountSettings operation: 2 validation errors detected: Value '{{ item.FIELD_NAME }}' at 'awsAccountId' failed to satisfy constraint: AWS account ID is a 12-digit number, such as 123456789012. Value '{{ item.FIELD_NAME }}' at 'awsAccountId' failed to satisfy constraint: AWS account ID is a 12-digit number, such as 123456789012. ",
      "2025-12-13 19:01:51 WARNING Failed describe_account_subscription: An error occurred (AccessDeniedException) when calling the DescribeAccountSubscription operation: User: arn:aws:iam::588989875114:user/administrator is not authorized to perform: quicksight:DescribeAccountSubscription on resource: arn:aws:quicksight:us-east-1:{{ item.FIELD_NAME }}:*",
      "WARNING:compliance-boto3:Failed describe_account_subscription: An error occurred (AccessDeniedException) when calling the DescribeAccountSubscription operation: User: arn:aws:iam::588989875114:user/administrator is not authorized to perform: quicksight:DescribeAccountSubscription on resource: arn:aws:quicksight:us-east-1:{{ item.FIELD_NAME }}:*",
      "2025-12-13 19:02:05 WARNING Failed create_group: An error occurred (AccessDeniedException) when calling the CreateGroup operation: User: arn:aws:iam::588989875114:user/administrator is not authorized to perform: quicksight:CreateGroup on resource: arn:aws:quicksight:us-east-1:{{ item.FIELD_NAME }}:group/{{ item.FIELD_NAME }}/{{ item.FIELD_NAME }}",
      "WARNING:compliance-boto3:Failed create_group: An error occurred (AccessDeniedException) when calling the CreateGroup operation: User: arn:aws:iam::588989875114:user/administrator is not authorized to perform: quicksight:CreateGroup on resource: arn:aws:quicksight:us-east-1:{{ item.FIELD_NAME }}:group/{{ item.FIELD_NAME }}/{{ item.FIELD_NAME }}",
      "2025-12-13 19:02:19 WARNING Failed describe_data_set: An error occurred (ValidationException) when calling the DescribeDataSet operation: 2 validation errors detected: Value '{{ item.FIELD_NAME }}' at 'awsAccountId' failed to satisfy constraint: Member must have length less than or equal to 12; Value '{{ item.FIELD_NAME }}' at 'awsAccountId' failed to satisfy constraint: Member must satisfy regular expression pattern: ^[0-9]{12}$",
      "WARNING:compliance-boto3:Failed describe_data_set: An error occurred (ValidationException) when calling the DescribeDataSet operation: 2 validation errors detected: Value '{{ item.FIELD_NAME }}' at 'awsAccountId' failed to satisfy constraint: Member must have length less than or equal to 12; Value '{{ item.FIELD_NAME }}' at 'awsAccountId' failed to satisfy constraint: Member must satisfy regular expression pattern: ^[0-9]{12}$",
      "2025-12-13 19:02:33 WARNING Failed describe_action_connector: An error occurred (InvalidParameterValueException) when calling the DescribeActionConnector operation: One or more parameters are invalid. Please review your input",
      "WARNING:compliance-boto3:Failed describe_action_connector: An error occurred (InvalidParameterValueException) when calling the DescribeActionConnector operation: One or more parameters are invalid. Please review your input",
      "2025-12-13 19:02:46 WARNING Failed describe_action_connector_permissions: An error occurred (InvalidParameterValueException) when calling the DescribeActionConnectorPermissions operation: One or more parameters are invalid. Please review your input",
      "WARNING:compliance-boto3:Failed describe_action_connector_permissions: An error occurred (InvalidParameterValueException) when calling the DescribeActionConnectorPermissions operation: One or more parameters are invalid. Please review your input",
      "2025-12-13 19:03:00 WARNING Failed describe_user: An error occurred (AccessDeniedException) when calling the DescribeUser operation: User: arn:aws:iam::588989875114:user/administrator is not authorized to perform: quicksight:DescribeUser on resource: arn:aws:quicksight:us-east-1:{{ item.FIELD_NAME }}:user/{{ item.FIELD_NAME }}/{{ item.FIELD_NAME }}",
      "WARNING:compliance-boto3:Failed describe_user: An error occurred (AccessDeniedException) when calling the DescribeUser operation: User: arn:aws:iam::588989875114:user/administrator is not authorized to perform: quicksight:DescribeUser on resource: arn:aws:quicksight:us-east-1:{{ item.FIELD_NAME }}:user/{{ item.FIELD_NAME }}/{{ item.FIELD_NAME }}"
    ],
    "output": "ease review your input\n2025-12-13 19:03:00 WARNING Failed describe_user: An error occurred (AccessDeniedException) when calling the DescribeUser operation: User: arn:aws:iam::588989875114:user/administrator is not authorized to perform: quicksight:DescribeUser on resource: arn:aws:quicksight:us-east-1:{{ item.FIELD_NAME }}:user/{{ item.FIELD_NAME }}/{{ item.FIELD_NAME }}\nWARNING:compliance-boto3:Failed describe_user: An error occurred (AccessDeniedException) when calling the DescribeUser operation: User: arn:aws:iam::588989875114:user/administrator is not authorized to perform: quicksight:DescribeUser on resource: arn:aws:quicksight:us-east-1:{{ item.FIELD_NAME }}:user/{{ item.FIELD_NAME }}/{{ item.FIELD_NAME }}\n2025-12-13 19:03:00 INFO [1/1] \u2713 Account-588989875114 (588989875114): 15 checks\nINFO:compliance_scan_scan_20251213_133122:[1/1] \u2713 Account-588989875114 (588989875114): 15 checks\n2025-12-13 19:03:00 INFO \n================================================================================\nINFO:compliance_scan_scan_20251213_133122:\n================================================================================\n2025-12-13 19:03:00 INFO SCAN COMPLETE\nINFO:compliance_scan_scan_20251213_133122:SCAN COMPLETE\n2025-12-13 19:03:00 INFO ================================================================================\nINFO:compliance_scan_scan_20251213_133122:================================================================================\n2025-12-13 19:03:00 INFO Total checks: 15\nINFO:compliance_scan_scan_20251213_133122:Total checks: 15\n2025-12-13 19:03:00 INFO   PASS: 0\nINFO:compliance_scan_scan_20251213_133122:  PASS: 0\n2025-12-13 19:03:00 INFO   FAIL: 15\nINFO:compliance_scan_scan_20251213_133122:  FAIL: 15\n2025-12-13 19:03:00 INFO \nReport: /Users/apple/Desktop/threat-engine/aws_compliance_python_engine/output/scan_20251213_133122\nINFO:compliance_scan_scan_20251213_133122:\nReport: /Users/apple/Desktop/threat-engine/aws_compliance_python_engine/output/scan_20251213_133122\n"
  },
  "sagemaker": {
    "success": true,
    "checks_count": 6,
    "errors": [
      "2025-12-13 19:03:25 WARNING Failed describe_hyper_parameter_tuning_job: An error occurred (ValidationException) when calling the DescribeHyperParameterTuningJob operation: 2 validation errors detected: Value '{{ item.hyper_parameter_tuning_job_name }}' at 'hyperParameterTuningJobName' failed to satisfy constraint: Member must have length less than or equal to 32; Value '{{ item.hyper_parameter_tuning_job_name }}' at 'hyperParameterTuningJobName' failed to satisfy constraint: Member must satisfy regular expression pattern: [a-zA-Z0-9](-*[a-zA-Z0-9]){0,31}",
      "WARNING:compliance-boto3:Failed describe_hyper_parameter_tuning_job: An error occurred (ValidationException) when calling the DescribeHyperParameterTuningJob operation: 2 validation errors detected: Value '{{ item.hyper_parameter_tuning_job_name }}' at 'hyperParameterTuningJobName' failed to satisfy constraint: Member must have length less than or equal to 32; Value '{{ item.hyper_parameter_tuning_job_name }}' at 'hyperParameterTuningJobName' failed to satisfy constraint: Member must satisfy regular expression pattern: [a-zA-Z0-9](-*[a-zA-Z0-9]){0,31}",
      "2025-12-13 19:05:35 WARNING Failed describe_device_fleet: An error occurred (ThrottlingException) when calling the DescribeDeviceFleet operation (reached max retries: 5): Rate exceeded",
      "WARNING:compliance-boto3:Failed describe_device_fleet: An error occurred (ThrottlingException) when calling the DescribeDeviceFleet operation (reached max retries: 5): Rate exceeded",
      "2025-12-13 19:05:53 WARNING Failed describe_endpoint_config: An error occurred (ValidationException) when calling the DescribeEndpointConfig operation: 1 validation error detected: Value '{{ item.name }}' at 'endpointConfigName' failed to satisfy constraint: Member must satisfy regular expression pattern: [a-zA-Z0-9](-*[a-zA-Z0-9]){0,62}",
      "WARNING:compliance-boto3:Failed describe_endpoint_config: An error occurred (ValidationException) when calling the DescribeEndpointConfig operation: 1 validation error detected: Value '{{ item.name }}' at 'endpointConfigName' failed to satisfy constraint: Member must satisfy regular expression pattern: [a-zA-Z0-9](-*[a-zA-Z0-9]){0,62}",
      "2025-12-13 19:06:12 WARNING Failed describe_cluster: An error occurred (ValidationException) when calling the DescribeCluster operation: 1 validation error detected: Value '{{ item.name }}' at 'clusterName' failed to satisfy constraint: Member must satisfy regular expression pattern: (arn:aws[a-z\\-]*:sagemaker:[a-z0-9\\-]*:[0-9]{12}:cluster/[a-z0-9]{12})|([a-zA-Z0-9](-*[a-zA-Z0-9]){0,62})",
      "WARNING:compliance-boto3:Failed describe_cluster: An error occurred (ValidationException) when calling the DescribeCluster operation: 1 validation error detected: Value '{{ item.name }}' at 'clusterName' failed to satisfy constraint: Member must satisfy regular expression pattern: (arn:aws[a-z\\-]*:sagemaker:[a-z0-9\\-]*:[0-9]{12}:cluster/[a-z0-9]{12})|([a-zA-Z0-9](-*[a-zA-Z0-9]){0,62})",
      "2025-12-13 19:06:30 WARNING Failed describe_model_package: An error occurred (ValidationException) when calling the DescribeModelPackage operation: 1 validation error detected: Value '{{ item.model_package_name }}' at 'modelPackageName' failed to satisfy constraint: Member must satisfy regular expression pattern: (arn:aws[a-z\\-]*:sagemaker:[a-z0-9\\-]*:[0-9]{12}:[a-z\\-]*\\/)?([a-zA-Z0-9]([a-zA-Z0-9-]){0,62})(?<!-)(\\/[0-9]{1,9})?",
      "WARNING:compliance-boto3:Failed describe_model_package: An error occurred (ValidationException) when calling the DescribeModelPackage operation: 1 validation error detected: Value '{{ item.model_package_name }}' at 'modelPackageName' failed to satisfy constraint: Member must satisfy regular expression pattern: (arn:aws[a-z\\-]*:sagemaker:[a-z0-9\\-]*:[0-9]{12}:[a-z\\-]*\\/)?([a-zA-Z0-9]([a-zA-Z0-9-]){0,62})(?<!-)(\\/[0-9]{1,9})?"
    ],
    "output": "operation: 1 validation error detected: Value '{{ item.model_package_name }}' at 'modelPackageName' failed to satisfy constraint: Member must satisfy regular expression pattern: (arn:aws[a-z\\-]*:sagemaker:[a-z0-9\\-]*:[0-9]{12}:[a-z\\-]*\\/)?([a-zA-Z0-9]([a-zA-Z0-9-]){0,62})(?<!-)(\\/[0-9]{1,9})?\nWARNING:compliance-boto3:Failed describe_model_package: An error occurred (ValidationException) when calling the DescribeModelPackage operation: 1 validation error detected: Value '{{ item.model_package_name }}' at 'modelPackageName' failed to satisfy constraint: Member must satisfy regular expression pattern: (arn:aws[a-z\\-]*:sagemaker:[a-z0-9\\-]*:[0-9]{12}:[a-z\\-]*\\/)?([a-zA-Z0-9]([a-zA-Z0-9-]){0,62})(?<!-)(\\/[0-9]{1,9})?\n2025-12-13 19:06:30 INFO [1/1] \u2713 Account-588989875114 (588989875114): 26 checks\nINFO:compliance_scan_scan_20251213_133301:[1/1] \u2713 Account-588989875114 (588989875114): 26 checks\n2025-12-13 19:06:30 INFO \n================================================================================\nINFO:compliance_scan_scan_20251213_133301:\n================================================================================\n2025-12-13 19:06:30 INFO SCAN COMPLETE\nINFO:compliance_scan_scan_20251213_133301:SCAN COMPLETE\n2025-12-13 19:06:30 INFO ================================================================================\nINFO:compliance_scan_scan_20251213_133301:================================================================================\n2025-12-13 19:06:30 INFO Total checks: 26\nINFO:compliance_scan_scan_20251213_133301:Total checks: 26\n2025-12-13 19:06:30 INFO   PASS: 0\nINFO:compliance_scan_scan_20251213_133301:  PASS: 0\n2025-12-13 19:06:30 INFO   FAIL: 26\nINFO:compliance_scan_scan_20251213_133301:  FAIL: 26\n2025-12-13 19:06:30 INFO \nReport: /Users/apple/Desktop/threat-engine/aws_compliance_python_engine/output/scan_20251213_133301\nINFO:compliance_scan_scan_20251213_133301:\nReport: /Users/apple/Desktop/threat-engine/aws_compliance_python_engine/output/scan_20251213_133301\n"
  },
  "savingsplans": {
    "success": true,
    "checks_count": 6,
    "errors": [],
    "output": "l\n2025-12-13 19:06:31 INFO \nParallelism:\nINFO:compliance_scan_scan_20251213_133631:\nParallelism:\n2025-12-13 19:06:31 INFO   Account workers: 3\nINFO:compliance_scan_scan_20251213_133631:  Account workers: 3\n2025-12-13 19:06:31 INFO   Service/region workers: 10\nINFO:compliance_scan_scan_20251213_133631:  Service/region workers: 10\n2025-12-13 19:06:31 INFO   Max concurrent tasks: 30\nINFO:compliance_scan_scan_20251213_133631:  Max concurrent tasks: 30\n2025-12-13 19:06:31 INFO \nScanning 1 accounts in parallel (max 3)...\nINFO:compliance_scan_scan_20251213_133631:\nScanning 1 accounts in parallel (max 3)...\nINFO:__main__:  Scan tasks: 1\nINFO:botocore.credentials:Found credentials in shared credentials file: ~/.aws/credentials\n2025-12-13 19:06:32 INFO [1/1] \u2713 Account-588989875114 (588989875114): 0 checks\nINFO:compliance_scan_scan_20251213_133631:[1/1] \u2713 Account-588989875114 (588989875114): 0 checks\n2025-12-13 19:06:32 INFO \n================================================================================\nINFO:compliance_scan_scan_20251213_133631:\n================================================================================\n2025-12-13 19:06:32 INFO SCAN COMPLETE\nINFO:compliance_scan_scan_20251213_133631:SCAN COMPLETE\n2025-12-13 19:06:32 INFO ================================================================================\nINFO:compliance_scan_scan_20251213_133631:================================================================================\n2025-12-13 19:06:32 INFO Total checks: 0\nINFO:compliance_scan_scan_20251213_133631:Total checks: 0\n2025-12-13 19:06:32 INFO   PASS: 0\nINFO:compliance_scan_scan_20251213_133631:  PASS: 0\n2025-12-13 19:06:32 INFO   FAIL: 0\nINFO:compliance_scan_scan_20251213_133631:  FAIL: 0\n2025-12-13 19:06:32 INFO \nReport: /Users/apple/Desktop/threat-engine/aws_compliance_python_engine/output/scan_20251213_133631\nINFO:compliance_scan_scan_20251213_133631:\nReport: /Users/apple/Desktop/threat-engine/aws_compliance_python_engine/output/scan_20251213_133631\n"
  },
  "securityhub": {
    "success": true,
    "checks_count": 7,
    "errors": [
      "2025-12-13 19:06:49 WARNING Failed describe_organization_configuration: An error occurred (InvalidAccessException) when calling the DescribeOrganizationConfiguration operation: Account 588989875114 is not an administrator for this organization",
      "WARNING:compliance-boto3:Failed describe_organization_configuration: An error occurred (InvalidAccessException) when calling the DescribeOrganizationConfiguration operation: Account 588989875114 is not an administrator for this organization",
      "2025-12-13 19:07:03 WARNING Failed list_configuration_policies: An error occurred (AccessDeniedException) when calling the ListConfigurationPolicies operation: Must be a Security Hub delegated administrator with Central Configuration enabled",
      "WARNING:compliance-boto3:Failed list_configuration_policies: An error occurred (AccessDeniedException) when calling the ListConfigurationPolicies operation: Must be a Security Hub delegated administrator with Central Configuration enabled",
      "2025-12-13 19:07:15 WARNING Failed create_configuration_policy: Parameter validation failed:",
      "WARNING:compliance-boto3:Failed create_configuration_policy: Parameter validation failed:"
    ],
    "output": "rity Hub delegated administrator with Central Configuration enabled\nWARNING:compliance-boto3:Failed list_configuration_policies: An error occurred (AccessDeniedException) when calling the ListConfigurationPolicies operation: Must be a Security Hub delegated administrator with Central Configuration enabled\n2025-12-13 19:07:15 WARNING Failed create_configuration_policy: Parameter validation failed:\nInvalid type for parameter ConfigurationPolicy, value: {{ item.id }}, type: <class 'str'>, valid types: <class 'dict'>\nWARNING:compliance-boto3:Failed create_configuration_policy: Parameter validation failed:\nInvalid type for parameter ConfigurationPolicy, value: {{ item.id }}, type: <class 'str'>, valid types: <class 'dict'>\n2025-12-13 19:07:15 INFO [1/1] \u2713 Account-588989875114 (588989875114): 1 checks\nINFO:compliance_scan_scan_20251213_133633:[1/1] \u2713 Account-588989875114 (588989875114): 1 checks\n2025-12-13 19:07:15 INFO \n================================================================================\nINFO:compliance_scan_scan_20251213_133633:\n================================================================================\n2025-12-13 19:07:15 INFO SCAN COMPLETE\nINFO:compliance_scan_scan_20251213_133633:SCAN COMPLETE\n2025-12-13 19:07:15 INFO ================================================================================\nINFO:compliance_scan_scan_20251213_133633:================================================================================\n2025-12-13 19:07:15 INFO Total checks: 1\nINFO:compliance_scan_scan_20251213_133633:Total checks: 1\n2025-12-13 19:07:15 INFO   PASS: 0\nINFO:compliance_scan_scan_20251213_133633:  PASS: 0\n2025-12-13 19:07:15 INFO   FAIL: 1\nINFO:compliance_scan_scan_20251213_133633:  FAIL: 1\n2025-12-13 19:07:15 INFO \nReport: /Users/apple/Desktop/threat-engine/aws_compliance_python_engine/output/scan_20251213_133633\nINFO:compliance_scan_scan_20251213_133633:\nReport: /Users/apple/Desktop/threat-engine/aws_compliance_python_engine/output/scan_20251213_133633\n"
  },
  "servicecatalog": {
    "success": true,
    "checks_count": 7,
    "errors": [],
    "output": "l\n2025-12-13 19:07:16 INFO \nParallelism:\nINFO:compliance_scan_scan_20251213_133716:\nParallelism:\n2025-12-13 19:07:16 INFO   Account workers: 3\nINFO:compliance_scan_scan_20251213_133716:  Account workers: 3\n2025-12-13 19:07:16 INFO   Service/region workers: 10\nINFO:compliance_scan_scan_20251213_133716:  Service/region workers: 10\n2025-12-13 19:07:16 INFO   Max concurrent tasks: 30\nINFO:compliance_scan_scan_20251213_133716:  Max concurrent tasks: 30\n2025-12-13 19:07:16 INFO \nScanning 1 accounts in parallel (max 3)...\nINFO:compliance_scan_scan_20251213_133716:\nScanning 1 accounts in parallel (max 3)...\nINFO:__main__:  Scan tasks: 1\nINFO:botocore.credentials:Found credentials in shared credentials file: ~/.aws/credentials\n2025-12-13 19:07:17 INFO [1/1] \u2713 Account-588989875114 (588989875114): 0 checks\nINFO:compliance_scan_scan_20251213_133716:[1/1] \u2713 Account-588989875114 (588989875114): 0 checks\n2025-12-13 19:07:17 INFO \n================================================================================\nINFO:compliance_scan_scan_20251213_133716:\n================================================================================\n2025-12-13 19:07:17 INFO SCAN COMPLETE\nINFO:compliance_scan_scan_20251213_133716:SCAN COMPLETE\n2025-12-13 19:07:17 INFO ================================================================================\nINFO:compliance_scan_scan_20251213_133716:================================================================================\n2025-12-13 19:07:17 INFO Total checks: 0\nINFO:compliance_scan_scan_20251213_133716:Total checks: 0\n2025-12-13 19:07:17 INFO   PASS: 0\nINFO:compliance_scan_scan_20251213_133716:  PASS: 0\n2025-12-13 19:07:17 INFO   FAIL: 0\nINFO:compliance_scan_scan_20251213_133716:  FAIL: 0\n2025-12-13 19:07:17 INFO \nReport: /Users/apple/Desktop/threat-engine/aws_compliance_python_engine/output/scan_20251213_133716\nINFO:compliance_scan_scan_20251213_133716:\nReport: /Users/apple/Desktop/threat-engine/aws_compliance_python_engine/output/scan_20251213_133716\n"
  },
  "ses": {
    "success": true,
    "checks_count": 7,
    "errors": [],
    "output": "l\n2025-12-13 19:07:18 INFO \nParallelism:\nINFO:compliance_scan_scan_20251213_133718:\nParallelism:\n2025-12-13 19:07:18 INFO   Account workers: 3\nINFO:compliance_scan_scan_20251213_133718:  Account workers: 3\n2025-12-13 19:07:18 INFO   Service/region workers: 10\nINFO:compliance_scan_scan_20251213_133718:  Service/region workers: 10\n2025-12-13 19:07:18 INFO   Max concurrent tasks: 30\nINFO:compliance_scan_scan_20251213_133718:  Max concurrent tasks: 30\n2025-12-13 19:07:18 INFO \nScanning 1 accounts in parallel (max 3)...\nINFO:compliance_scan_scan_20251213_133718:\nScanning 1 accounts in parallel (max 3)...\nINFO:__main__:  Scan tasks: 1\nINFO:botocore.credentials:Found credentials in shared credentials file: ~/.aws/credentials\n2025-12-13 19:07:19 INFO [1/1] \u2713 Account-588989875114 (588989875114): 0 checks\nINFO:compliance_scan_scan_20251213_133718:[1/1] \u2713 Account-588989875114 (588989875114): 0 checks\n2025-12-13 19:07:19 INFO \n================================================================================\nINFO:compliance_scan_scan_20251213_133718:\n================================================================================\n2025-12-13 19:07:19 INFO SCAN COMPLETE\nINFO:compliance_scan_scan_20251213_133718:SCAN COMPLETE\n2025-12-13 19:07:19 INFO ================================================================================\nINFO:compliance_scan_scan_20251213_133718:================================================================================\n2025-12-13 19:07:19 INFO Total checks: 0\nINFO:compliance_scan_scan_20251213_133718:Total checks: 0\n2025-12-13 19:07:19 INFO   PASS: 0\nINFO:compliance_scan_scan_20251213_133718:  PASS: 0\n2025-12-13 19:07:19 INFO   FAIL: 0\nINFO:compliance_scan_scan_20251213_133718:  FAIL: 0\n2025-12-13 19:07:19 INFO \nReport: /Users/apple/Desktop/threat-engine/aws_compliance_python_engine/output/scan_20251213_133718\nINFO:compliance_scan_scan_20251213_133718:\nReport: /Users/apple/Desktop/threat-engine/aws_compliance_python_engine/output/scan_20251213_133718\n"
  },
  "shield": {
    "success": true,
    "checks_count": 7,
    "errors": [
      "2025-12-13 19:07:39 WARNING Failed describe_protection: An error occurred (InvalidParameterException) when calling the DescribeProtection operation: Invalid parameter. You must provide one value, either protectionId or resourceArn, but not both.",
      "WARNING:compliance-boto3:Failed describe_protection: An error occurred (InvalidParameterException) when calling the DescribeProtection operation: Invalid parameter. You must provide one value, either protectionId or resourceArn, but not both.",
      "2025-12-13 19:07:59 WARNING Failed describe_subscription: An error occurred (ResourceNotFoundException) when calling the DescribeSubscription operation: The subscription does not exist.",
      "WARNING:compliance-boto3:Failed describe_subscription: An error occurred (ResourceNotFoundException) when calling the DescribeSubscription operation: The subscription does not exist."
    ],
    "output": "tection operation: Invalid parameter. You must provide one value, either protectionId or resourceArn, but not both.\nWARNING:compliance-boto3:Failed describe_protection: An error occurred (InvalidParameterException) when calling the DescribeProtection operation: Invalid parameter. You must provide one value, either protectionId or resourceArn, but not both.\n2025-12-13 19:07:59 WARNING Failed describe_subscription: An error occurred (ResourceNotFoundException) when calling the DescribeSubscription operation: The subscription does not exist.\nWARNING:compliance-boto3:Failed describe_subscription: An error occurred (ResourceNotFoundException) when calling the DescribeSubscription operation: The subscription does not exist.\n2025-12-13 19:07:59 INFO [1/1] \u2713 Account-588989875114 (588989875114): 0 checks\nINFO:compliance_scan_scan_20251213_133719:[1/1] \u2713 Account-588989875114 (588989875114): 0 checks\n2025-12-13 19:07:59 INFO \n================================================================================\nINFO:compliance_scan_scan_20251213_133719:\n================================================================================\n2025-12-13 19:07:59 INFO SCAN COMPLETE\nINFO:compliance_scan_scan_20251213_133719:SCAN COMPLETE\n2025-12-13 19:07:59 INFO ================================================================================\nINFO:compliance_scan_scan_20251213_133719:================================================================================\n2025-12-13 19:07:59 INFO Total checks: 0\nINFO:compliance_scan_scan_20251213_133719:Total checks: 0\n2025-12-13 19:07:59 INFO   PASS: 0\nINFO:compliance_scan_scan_20251213_133719:  PASS: 0\n2025-12-13 19:07:59 INFO   FAIL: 0\nINFO:compliance_scan_scan_20251213_133719:  FAIL: 0\n2025-12-13 19:07:59 INFO \nReport: /Users/apple/Desktop/threat-engine/aws_compliance_python_engine/output/scan_20251213_133719\nINFO:compliance_scan_scan_20251213_133719:\nReport: /Users/apple/Desktop/threat-engine/aws_compliance_python_engine/output/scan_20251213_133719\n"
  },
  "sns": {
    "success": true,
    "checks_count": 8,
    "errors": [],
    "output": "l\n2025-12-13 19:07:59 INFO \nParallelism:\nINFO:compliance_scan_scan_20251213_133759:\nParallelism:\n2025-12-13 19:07:59 INFO   Account workers: 3\nINFO:compliance_scan_scan_20251213_133759:  Account workers: 3\n2025-12-13 19:07:59 INFO   Service/region workers: 10\nINFO:compliance_scan_scan_20251213_133759:  Service/region workers: 10\n2025-12-13 19:07:59 INFO   Max concurrent tasks: 30\nINFO:compliance_scan_scan_20251213_133759:  Max concurrent tasks: 30\n2025-12-13 19:07:59 INFO \nScanning 1 accounts in parallel (max 3)...\nINFO:compliance_scan_scan_20251213_133759:\nScanning 1 accounts in parallel (max 3)...\nINFO:__main__:  Scan tasks: 1\nINFO:botocore.credentials:Found credentials in shared credentials file: ~/.aws/credentials\n2025-12-13 19:08:02 INFO [1/1] \u2713 Account-588989875114 (588989875114): 0 checks\nINFO:compliance_scan_scan_20251213_133759:[1/1] \u2713 Account-588989875114 (588989875114): 0 checks\n2025-12-13 19:08:02 INFO \n================================================================================\nINFO:compliance_scan_scan_20251213_133759:\n================================================================================\n2025-12-13 19:08:02 INFO SCAN COMPLETE\nINFO:compliance_scan_scan_20251213_133759:SCAN COMPLETE\n2025-12-13 19:08:02 INFO ================================================================================\nINFO:compliance_scan_scan_20251213_133759:================================================================================\n2025-12-13 19:08:02 INFO Total checks: 0\nINFO:compliance_scan_scan_20251213_133759:Total checks: 0\n2025-12-13 19:08:02 INFO   PASS: 0\nINFO:compliance_scan_scan_20251213_133759:  PASS: 0\n2025-12-13 19:08:02 INFO   FAIL: 0\nINFO:compliance_scan_scan_20251213_133759:  FAIL: 0\n2025-12-13 19:08:02 INFO \nReport: /Users/apple/Desktop/threat-engine/aws_compliance_python_engine/output/scan_20251213_133759\nINFO:compliance_scan_scan_20251213_133759:\nReport: /Users/apple/Desktop/threat-engine/aws_compliance_python_engine/output/scan_20251213_133759\n"
  },
  "sqs": {
    "success": true,
    "checks_count": 8,
    "errors": [
      "2025-12-13 19:08:17 WARNING Failed list_message_move_tasks: An error occurred (InvalidParameterValue) when calling the ListMessageMoveTasks operation: You must use this format to specify the SourceArn: arn:<partition>:<service>:<region>:<account-id>:<resource-id>",
      "WARNING:compliance-boto3:Failed list_message_move_tasks: An error occurred (InvalidParameterValue) when calling the ListMessageMoveTasks operation: You must use this format to specify the SourceArn: arn:<partition>:<service>:<region>:<account-id>:<resource-id>",
      "2025-12-13 19:08:31 WARNING Failed receive_message: An error occurred (InvalidAddress) when calling the ReceiveMessage operation: The address {{ item.api_id }} is not valid for this endpoint.",
      "WARNING:compliance-boto3:Failed receive_message: An error occurred (InvalidAddress) when calling the ReceiveMessage operation: The address {{ item.api_id }} is not valid for this endpoint."
    ],
    "output": " specify the SourceArn: arn:<partition>:<service>:<region>:<account-id>:<resource-id>\nWARNING:compliance-boto3:Failed list_message_move_tasks: An error occurred (InvalidParameterValue) when calling the ListMessageMoveTasks operation: You must use this format to specify the SourceArn: arn:<partition>:<service>:<region>:<account-id>:<resource-id>\n2025-12-13 19:08:31 WARNING Failed receive_message: An error occurred (InvalidAddress) when calling the ReceiveMessage operation: The address {{ item.api_id }} is not valid for this endpoint.\nWARNING:compliance-boto3:Failed receive_message: An error occurred (InvalidAddress) when calling the ReceiveMessage operation: The address {{ item.api_id }} is not valid for this endpoint.\n2025-12-13 19:08:31 INFO [1/1] \u2713 Account-588989875114 (588989875114): 5 checks\nINFO:compliance_scan_scan_20251213_133802:[1/1] \u2713 Account-588989875114 (588989875114): 5 checks\n2025-12-13 19:08:31 INFO \n================================================================================\nINFO:compliance_scan_scan_20251213_133802:\n================================================================================\n2025-12-13 19:08:31 INFO SCAN COMPLETE\nINFO:compliance_scan_scan_20251213_133802:SCAN COMPLETE\n2025-12-13 19:08:31 INFO ================================================================================\nINFO:compliance_scan_scan_20251213_133802:================================================================================\n2025-12-13 19:08:31 INFO Total checks: 5\nINFO:compliance_scan_scan_20251213_133802:Total checks: 5\n2025-12-13 19:08:31 INFO   PASS: 0\nINFO:compliance_scan_scan_20251213_133802:  PASS: 0\n2025-12-13 19:08:31 INFO   FAIL: 5\nINFO:compliance_scan_scan_20251213_133802:  FAIL: 5\n2025-12-13 19:08:31 INFO \nReport: /Users/apple/Desktop/threat-engine/aws_compliance_python_engine/output/scan_20251213_133802\nINFO:compliance_scan_scan_20251213_133802:\nReport: /Users/apple/Desktop/threat-engine/aws_compliance_python_engine/output/scan_20251213_133802\n"
  },
  "ssm": {
    "success": true,
    "checks_count": 9,
    "errors": [
      "2025-12-13 19:08:48 WARNING Failed describe_association: An error occurred (ValidationException) when calling the DescribeAssociation operation: Must either provide instance id + document name, or provide association id ",
      "WARNING:compliance-boto3:Failed describe_association: An error occurred (ValidationException) when calling the DescribeAssociation operation: Must either provide instance id + document name, or provide association id ",
      "2025-12-13 19:09:03 WARNING Failed describe_maintenance_window_tasks: An error occurred (ValidationException) when calling the DescribeMaintenanceWindowTasks operation: 1 validation error detected: Value at 'windowId' failed to satisfy constraint: Member must satisfy regular expression pattern: ^mw-[0-9a-f]{17}$",
      "WARNING:compliance-boto3:Failed describe_maintenance_window_tasks: An error occurred (ValidationException) when calling the DescribeMaintenanceWindowTasks operation: 1 validation error detected: Value at 'windowId' failed to satisfy constraint: Member must satisfy regular expression pattern: ^mw-[0-9a-f]{17}$"
    ],
    "output": "ciation operation: Must either provide instance id + document name, or provide association id \n2025-12-13 19:09:03 WARNING Failed describe_maintenance_window_tasks: An error occurred (ValidationException) when calling the DescribeMaintenanceWindowTasks operation: 1 validation error detected: Value at 'windowId' failed to satisfy constraint: Member must satisfy regular expression pattern: ^mw-[0-9a-f]{17}$\nWARNING:compliance-boto3:Failed describe_maintenance_window_tasks: An error occurred (ValidationException) when calling the DescribeMaintenanceWindowTasks operation: 1 validation error detected: Value at 'windowId' failed to satisfy constraint: Member must satisfy regular expression pattern: ^mw-[0-9a-f]{17}$\n2025-12-13 19:09:03 INFO [1/1] \u2713 Account-588989875114 (588989875114): 79 checks\nINFO:compliance_scan_scan_20251213_133831:[1/1] \u2713 Account-588989875114 (588989875114): 79 checks\n2025-12-13 19:09:03 INFO \n================================================================================\nINFO:compliance_scan_scan_20251213_133831:\n================================================================================\n2025-12-13 19:09:03 INFO SCAN COMPLETE\nINFO:compliance_scan_scan_20251213_133831:SCAN COMPLETE\n2025-12-13 19:09:03 INFO ================================================================================\nINFO:compliance_scan_scan_20251213_133831:================================================================================\n2025-12-13 19:09:03 INFO Total checks: 79\nINFO:compliance_scan_scan_20251213_133831:Total checks: 79\n2025-12-13 19:09:03 INFO   PASS: 64\nINFO:compliance_scan_scan_20251213_133831:  PASS: 64\n2025-12-13 19:09:03 INFO   FAIL: 15\nINFO:compliance_scan_scan_20251213_133831:  FAIL: 15\n2025-12-13 19:09:03 INFO \nReport: /Users/apple/Desktop/threat-engine/aws_compliance_python_engine/output/scan_20251213_133831\nINFO:compliance_scan_scan_20251213_133831:\nReport: /Users/apple/Desktop/threat-engine/aws_compliance_python_engine/output/scan_20251213_133831\n"
  },
  "stepfunctions": {
    "success": true,
    "checks_count": 10,
    "errors": [
      "2025-12-13 19:09:19 WARNING Failed list_executions: An error occurred (ValidationException) when calling the ListExecutions operation: Must provide a StateMachine ARN or MapRun ARN",
      "WARNING:compliance-boto3:Failed list_executions: An error occurred (ValidationException) when calling the ListExecutions operation: Must provide a StateMachine ARN or MapRun ARN",
      "2025-12-13 19:09:33 WARNING Failed describe_state_machine: An error occurred (InvalidArn) when calling the DescribeStateMachine operation: Invalid Arn: 'Invalid ARN prefix: {{ item.state_machine_arn }}'",
      "WARNING:compliance-boto3:Failed describe_state_machine: An error occurred (InvalidArn) when calling the DescribeStateMachine operation: Invalid Arn: 'Invalid ARN prefix: {{ item.state_machine_arn }}'",
      "2025-12-13 19:09:47 WARNING Failed describe_activity: An error occurred (InvalidArn) when calling the DescribeActivity operation: Invalid Arn: 'Invalid ARN prefix: {{ item.api_id }}'",
      "WARNING:compliance-boto3:Failed describe_activity: An error occurred (InvalidArn) when calling the DescribeActivity operation: Invalid Arn: 'Invalid ARN prefix: {{ item.api_id }}'",
      "2025-12-13 19:10:00 WARNING Failed list_tags_for_resource: An error occurred (InvalidArn) when calling the ListTagsForResource operation: Invalid Arn: 'Invalid ARN prefix: {{ item.api_id }}'",
      "WARNING:compliance-boto3:Failed list_tags_for_resource: An error occurred (InvalidArn) when calling the ListTagsForResource operation: Invalid Arn: 'Invalid ARN prefix: {{ item.api_id }}'"
    ],
    "output": ".api_id }}'\n2025-12-13 19:10:00 WARNING Failed list_tags_for_resource: An error occurred (InvalidArn) when calling the ListTagsForResource operation: Invalid Arn: 'Invalid ARN prefix: {{ item.api_id }}'\nWARNING:compliance-boto3:Failed list_tags_for_resource: An error occurred (InvalidArn) when calling the ListTagsForResource operation: Invalid Arn: 'Invalid ARN prefix: {{ item.api_id }}'\n2025-12-13 19:10:00 WARNING Error evaluating aws.stepfunctions.statemachine.disallowed_attribute_keys_blocked: 'in <string>' requires string as left operand, not list\nWARNING:compliance-boto3:Error evaluating aws.stepfunctions.statemachine.disallowed_attribute_keys_blocked: 'in <string>' requires string as left operand, not list\n2025-12-13 19:10:00 INFO [1/1] \u2713 Account-588989875114 (588989875114): 33 checks\nINFO:compliance_scan_scan_20251213_133904:[1/1] \u2713 Account-588989875114 (588989875114): 33 checks\n2025-12-13 19:10:00 INFO \n================================================================================\nINFO:compliance_scan_scan_20251213_133904:\n================================================================================\n2025-12-13 19:10:00 INFO SCAN COMPLETE\nINFO:compliance_scan_scan_20251213_133904:SCAN COMPLETE\n2025-12-13 19:10:00 INFO ================================================================================\nINFO:compliance_scan_scan_20251213_133904:================================================================================\n2025-12-13 19:10:00 INFO Total checks: 33\nINFO:compliance_scan_scan_20251213_133904:Total checks: 33\n2025-12-13 19:10:00 INFO   PASS: 0\nINFO:compliance_scan_scan_20251213_133904:  PASS: 0\n2025-12-13 19:10:00 INFO   FAIL: 32\nINFO:compliance_scan_scan_20251213_133904:  FAIL: 32\n2025-12-13 19:10:00 INFO \nReport: /Users/apple/Desktop/threat-engine/aws_compliance_python_engine/output/scan_20251213_133904\nINFO:compliance_scan_scan_20251213_133904:\nReport: /Users/apple/Desktop/threat-engine/aws_compliance_python_engine/output/scan_20251213_133904\n"
  },
  "storagegateway": {
    "success": true,
    "checks_count": 10,
    "errors": [
      "2025-12-13 19:10:02 WARNING Failed describe_cachedi_scsi_volumes: 'StorageGateway' object has no attribute 'describe_cachedi_scsi_volumes'",
      "WARNING:compliance-boto3:Failed describe_cachedi_scsi_volumes: 'StorageGateway' object has no attribute 'describe_cachedi_scsi_volumes'",
      "2025-12-13 19:10:14 WARNING Failed describe_gateway_information: Parameter validation failed:",
      "WARNING:compliance-boto3:Failed describe_gateway_information: Parameter validation failed:",
      "2025-12-13 19:10:26 WARNING Failed describe_nfs_file_shares: Parameter validation failed:",
      "WARNING:compliance-boto3:Failed describe_nfs_file_shares: Parameter validation failed:",
      "2025-12-13 19:10:38 WARNING Failed describe_file_system_associations: Parameter validation failed:",
      "WARNING:compliance-boto3:Failed describe_file_system_associations: Parameter validation failed:"
    ],
    "output": "ist'>, <class 'tuple'>\nWARNING:compliance-boto3:Failed describe_nfs_file_shares: Parameter validation failed:\nInvalid type for parameter FileShareARNList, value: {{ item.id }}, type: <class 'str'>, valid types: <class 'list'>, <class 'tuple'>\n2025-12-13 19:10:38 WARNING Failed describe_file_system_associations: Parameter validation failed:\nInvalid type for parameter FileSystemAssociationARNList, value: {{ item.id }}, type: <class 'str'>, valid types: <class 'list'>, <class 'tuple'>\nWARNING:compliance-boto3:Failed describe_file_system_associations: Parameter validation failed:\nInvalid type for parameter FileSystemAssociationARNList, value: {{ item.id }}, type: <class 'str'>, valid types: <class 'list'>, <class 'tuple'>\n2025-12-13 19:10:38 INFO [1/1] \u2713 Account-588989875114 (588989875114): 5 checks\nINFO:compliance_scan_scan_20251213_134001:[1/1] \u2713 Account-588989875114 (588989875114): 5 checks\n2025-12-13 19:10:38 INFO \n================================================================================\nINFO:compliance_scan_scan_20251213_134001:\n================================================================================\n2025-12-13 19:10:38 INFO SCAN COMPLETE\nINFO:compliance_scan_scan_20251213_134001:SCAN COMPLETE\n2025-12-13 19:10:38 INFO ================================================================================\nINFO:compliance_scan_scan_20251213_134001:================================================================================\n2025-12-13 19:10:38 INFO Total checks: 5\nINFO:compliance_scan_scan_20251213_134001:Total checks: 5\n2025-12-13 19:10:38 INFO   PASS: 0\nINFO:compliance_scan_scan_20251213_134001:  PASS: 0\n2025-12-13 19:10:38 INFO   FAIL: 5\nINFO:compliance_scan_scan_20251213_134001:  FAIL: 5\n2025-12-13 19:10:38 INFO \nReport: /Users/apple/Desktop/threat-engine/aws_compliance_python_engine/output/scan_20251213_134001\nINFO:compliance_scan_scan_20251213_134001:\nReport: /Users/apple/Desktop/threat-engine/aws_compliance_python_engine/output/scan_20251213_134001\n"
  },
  "transfer": {
    "success": true,
    "checks_count": 10,
    "errors": [
      "2025-12-13 19:10:53 WARNING Failed describe_security_policy: An error occurred (ValidationException) when calling the DescribeSecurityPolicy operation: 1 validation error detected: Value at 'securityPolicyName' failed to satisfy constraint: Member must satisfy regular expression pattern: Transfer[A-Za-z0-9]*SecurityPolicy-[A-Za-z0-9-]+",
      "WARNING:compliance-boto3:Failed describe_security_policy: An error occurred (ValidationException) when calling the DescribeSecurityPolicy operation: 1 validation error detected: Value at 'securityPolicyName' failed to satisfy constraint: Member must satisfy regular expression pattern: Transfer[A-Za-z0-9]*SecurityPolicy-[A-Za-z0-9-]+"
    ],
    "output": "entials in shared credentials file: ~/.aws/credentials\n2025-12-13 19:10:53 WARNING Failed describe_security_policy: An error occurred (ValidationException) when calling the DescribeSecurityPolicy operation: 1 validation error detected: Value at 'securityPolicyName' failed to satisfy constraint: Member must satisfy regular expression pattern: Transfer[A-Za-z0-9]*SecurityPolicy-[A-Za-z0-9-]+\nWARNING:compliance-boto3:Failed describe_security_policy: An error occurred (ValidationException) when calling the DescribeSecurityPolicy operation: 1 validation error detected: Value at 'securityPolicyName' failed to satisfy constraint: Member must satisfy regular expression pattern: Transfer[A-Za-z0-9]*SecurityPolicy-[A-Za-z0-9-]+\n2025-12-13 19:10:53 INFO [1/1] \u2713 Account-588989875114 (588989875114): 1 checks\nINFO:compliance_scan_scan_20251213_134039:[1/1] \u2713 Account-588989875114 (588989875114): 1 checks\n2025-12-13 19:10:53 INFO \n================================================================================\nINFO:compliance_scan_scan_20251213_134039:\n================================================================================\n2025-12-13 19:10:53 INFO SCAN COMPLETE\nINFO:compliance_scan_scan_20251213_134039:SCAN COMPLETE\n2025-12-13 19:10:53 INFO ================================================================================\nINFO:compliance_scan_scan_20251213_134039:================================================================================\n2025-12-13 19:10:53 INFO Total checks: 1\nINFO:compliance_scan_scan_20251213_134039:Total checks: 1\n2025-12-13 19:10:53 INFO   PASS: 0\nINFO:compliance_scan_scan_20251213_134039:  PASS: 0\n2025-12-13 19:10:53 INFO   FAIL: 1\nINFO:compliance_scan_scan_20251213_134039:  FAIL: 1\n2025-12-13 19:10:53 INFO \nReport: /Users/apple/Desktop/threat-engine/aws_compliance_python_engine/output/scan_20251213_134039\nINFO:compliance_scan_scan_20251213_134039:\nReport: /Users/apple/Desktop/threat-engine/aws_compliance_python_engine/output/scan_20251213_134039\n"
  },
  "vpcflowlogs": {
    "success": false,
    "checks_count": 0,
    "errors": [
      "Traceback (most recent call last):\n  File \"<frozen runpy>\", line 198, in _run_module_as_main\n  File \"<frozen runpy>\", line 88, in _run_code\n  File \"/Users/apple/Desktop/threat-engine/aws_compliance_python_engine/engine/main_scanner.py\", line 589, in <module>\n    main()\n    ~~~~^^\n  File \"/Users/apple/Desktop/threat-engine/aws_compliance_python_engine/engine/main_scanner.py\", line 565, in main\n    results = scan(\n        account=args.account,\n    ...<15 lines>...\n        save_report=not args.no_save\n    )\n  File \"/Users/apple/Desktop/threat-engine/aws_compliance_python_engine/engine/main_scanner.py\", line 309, in scan\n    services_to_scan = resolve_services(service, include_services, exclude_services)\n  File \"/Users/apple/Desktop/threat-engine/aws_compliance_python_engine/engine/main_scanner.py\", line 135, in resolve_services\n    raise ValueError(f\"Service '{service}' not found or not enabled\")\nValueError: Service 'vpcflowlogs' not found or not enabled"
    ],
    "output": "an_scan_20251213_134054:Log file: /Users/apple/Desktop/threat-engine/aws_compliance_python_engine/output/scan_20251213_134054/logs/scan.log\n2025-12-13 19:10:54 INFO Error log: /Users/apple/Desktop/threat-engine/aws_compliance_python_engine/output/scan_20251213_134054/logs/errors.log\nINFO:compliance_scan_scan_20251213_134054:Error log: /Users/apple/Desktop/threat-engine/aws_compliance_python_engine/output/scan_20251213_134054/logs/errors.log\n2025-12-13 19:10:54 INFO ================================================================================\nINFO:compliance_scan_scan_20251213_134054:================================================================================\n2025-12-13 19:10:54 INFO AWS FLEXIBLE COMPLIANCE SCANNER\nINFO:compliance_scan_scan_20251213_134054:AWS FLEXIBLE COMPLIANCE SCANNER\n2025-12-13 19:10:54 INFO ================================================================================\nINFO:compliance_scan_scan_20251213_134054:================================================================================\nTraceback (most recent call last):\n  File \"<frozen runpy>\", line 198, in _run_module_as_main\n  File \"<frozen runpy>\", line 88, in _run_code\n  File \"/Users/apple/Desktop/threat-engine/aws_compliance_python_engine/engine/main_scanner.py\", line 589, in <module>\n    main()\n    ~~~~^^\n  File \"/Users/apple/Desktop/threat-engine/aws_compliance_python_engine/engine/main_scanner.py\", line 565, in main\n    results = scan(\n        account=args.account,\n    ...<15 lines>...\n        save_report=not args.no_save\n    )\n  File \"/Users/apple/Desktop/threat-engine/aws_compliance_python_engine/engine/main_scanner.py\", line 309, in scan\n    services_to_scan = resolve_services(service, include_services, exclude_services)\n  File \"/Users/apple/Desktop/threat-engine/aws_compliance_python_engine/engine/main_scanner.py\", line 135, in resolve_services\n    raise ValueError(f\"Service '{service}' not found or not enabled\")\nValueError: Service 'vpcflowlogs' not found or not enabled\n"
  },
  "wellarchitected": {
    "success": true,
    "checks_count": 10,
    "errors": [],
    "output": "l\n2025-12-13 19:10:54 INFO \nParallelism:\nINFO:compliance_scan_scan_20251213_134054:\nParallelism:\n2025-12-13 19:10:54 INFO   Account workers: 3\nINFO:compliance_scan_scan_20251213_134054:  Account workers: 3\n2025-12-13 19:10:54 INFO   Service/region workers: 10\nINFO:compliance_scan_scan_20251213_134054:  Service/region workers: 10\n2025-12-13 19:10:54 INFO   Max concurrent tasks: 30\nINFO:compliance_scan_scan_20251213_134054:  Max concurrent tasks: 30\n2025-12-13 19:10:54 INFO \nScanning 1 accounts in parallel (max 3)...\nINFO:compliance_scan_scan_20251213_134054:\nScanning 1 accounts in parallel (max 3)...\nINFO:__main__:  Scan tasks: 1\nINFO:botocore.credentials:Found credentials in shared credentials file: ~/.aws/credentials\n2025-12-13 19:10:55 INFO [1/1] \u2713 Account-588989875114 (588989875114): 2 checks\nINFO:compliance_scan_scan_20251213_134054:[1/1] \u2713 Account-588989875114 (588989875114): 2 checks\n2025-12-13 19:10:55 INFO \n================================================================================\nINFO:compliance_scan_scan_20251213_134054:\n================================================================================\n2025-12-13 19:10:55 INFO SCAN COMPLETE\nINFO:compliance_scan_scan_20251213_134054:SCAN COMPLETE\n2025-12-13 19:10:55 INFO ================================================================================\nINFO:compliance_scan_scan_20251213_134054:================================================================================\n2025-12-13 19:10:55 INFO Total checks: 2\nINFO:compliance_scan_scan_20251213_134054:Total checks: 2\n2025-12-13 19:10:55 INFO   PASS: 0\nINFO:compliance_scan_scan_20251213_134054:  PASS: 0\n2025-12-13 19:10:55 INFO   FAIL: 2\nINFO:compliance_scan_scan_20251213_134054:  FAIL: 2\n2025-12-13 19:10:55 INFO \nReport: /Users/apple/Desktop/threat-engine/aws_compliance_python_engine/output/scan_20251213_134054\nINFO:compliance_scan_scan_20251213_134054:\nReport: /Users/apple/Desktop/threat-engine/aws_compliance_python_engine/output/scan_20251213_134054\n"
  },
  "workflows": {
    "success": true,
    "checks_count": 11,
    "errors": [
      "2025-12-13 19:11:11 WARNING Failed describe_activity: An error occurred (InvalidArn) when calling the DescribeActivity operation: Invalid Arn: 'Invalid ARN prefix: {{ item.api_id }}'",
      "WARNING:compliance-boto3:Failed describe_activity: An error occurred (InvalidArn) when calling the DescribeActivity operation: Invalid Arn: 'Invalid ARN prefix: {{ item.api_id }}'",
      "2025-12-13 19:11:24 WARNING Failed describe_execution: An error occurred (InvalidArn) when calling the DescribeExecution operation: Invalid Arn: 'Invalid ARN prefix: {{ item.api_id }}'",
      "WARNING:compliance-boto3:Failed describe_execution: An error occurred (InvalidArn) when calling the DescribeExecution operation: Invalid Arn: 'Invalid ARN prefix: {{ item.api_id }}'"
    ],
    "output": "25-12-13 19:11:11 WARNING Failed describe_activity: An error occurred (InvalidArn) when calling the DescribeActivity operation: Invalid Arn: 'Invalid ARN prefix: {{ item.api_id }}'\nWARNING:compliance-boto3:Failed describe_activity: An error occurred (InvalidArn) when calling the DescribeActivity operation: Invalid Arn: 'Invalid ARN prefix: {{ item.api_id }}'\n2025-12-13 19:11:24 WARNING Failed describe_execution: An error occurred (InvalidArn) when calling the DescribeExecution operation: Invalid Arn: 'Invalid ARN prefix: {{ item.api_id }}'\nWARNING:compliance-boto3:Failed describe_execution: An error occurred (InvalidArn) when calling the DescribeExecution operation: Invalid Arn: 'Invalid ARN prefix: {{ item.api_id }}'\n2025-12-13 19:11:24 INFO [1/1] \u2713 Account-588989875114 (588989875114): 3 checks\nINFO:compliance_scan_scan_20251213_134056:[1/1] \u2713 Account-588989875114 (588989875114): 3 checks\n2025-12-13 19:11:24 INFO \n================================================================================\nINFO:compliance_scan_scan_20251213_134056:\n================================================================================\n2025-12-13 19:11:24 INFO SCAN COMPLETE\nINFO:compliance_scan_scan_20251213_134056:SCAN COMPLETE\n2025-12-13 19:11:24 INFO ================================================================================\nINFO:compliance_scan_scan_20251213_134056:================================================================================\n2025-12-13 19:11:24 INFO Total checks: 3\nINFO:compliance_scan_scan_20251213_134056:Total checks: 3\n2025-12-13 19:11:24 INFO   PASS: 0\nINFO:compliance_scan_scan_20251213_134056:  PASS: 0\n2025-12-13 19:11:24 INFO   FAIL: 3\nINFO:compliance_scan_scan_20251213_134056:  FAIL: 3\n2025-12-13 19:11:24 INFO \nReport: /Users/apple/Desktop/threat-engine/aws_compliance_python_engine/output/scan_20251213_134056\nINFO:compliance_scan_scan_20251213_134056:\nReport: /Users/apple/Desktop/threat-engine/aws_compliance_python_engine/output/scan_20251213_134056\n"
  },
  "xray": {
    "success": true,
    "checks_count": 11,
    "errors": [
      "2025-12-13 19:11:39 WARNING Failed delete_sampling_rule: An error occurred (InvalidRequestException) when calling the DeleteSamplingRule operation: Request must contain either sampling rule name or sampling rule ARN",
      "WARNING:compliance-boto3:Failed delete_sampling_rule: An error occurred (InvalidRequestException) when calling the DeleteSamplingRule operation: Request must contain either sampling rule name or sampling rule ARN",
      "2025-12-13 19:11:51 WARNING Failed batch_get_traces: Parameter validation failed:",
      "WARNING:compliance-boto3:Failed batch_get_traces: Parameter validation failed:"
    ],
    "output": "ration: Request must contain either sampling rule name or sampling rule ARN\n2025-12-13 19:11:51 WARNING Failed batch_get_traces: Parameter validation failed:\nInvalid type for parameter TraceIds, value: {{ item.id }}, type: <class 'str'>, valid types: <class 'list'>, <class 'tuple'>\nWARNING:compliance-boto3:Failed batch_get_traces: Parameter validation failed:\nInvalid type for parameter TraceIds, value: {{ item.id }}, type: <class 'str'>, valid types: <class 'list'>, <class 'tuple'>\n2025-12-13 19:11:51 WARNING Error evaluating aws.xray.trace.retention_days_minimum: could not convert string to float: ''\nWARNING:compliance-boto3:Error evaluating aws.xray.trace.retention_days_minimum: could not convert string to float: ''\n2025-12-13 19:11:51 INFO [1/1] \u2713 Account-588989875114 (588989875114): 5 checks\nINFO:compliance_scan_scan_20251213_134125:[1/1] \u2713 Account-588989875114 (588989875114): 5 checks\n2025-12-13 19:11:51 INFO \n================================================================================\nINFO:compliance_scan_scan_20251213_134125:\n================================================================================\n2025-12-13 19:11:51 INFO SCAN COMPLETE\nINFO:compliance_scan_scan_20251213_134125:SCAN COMPLETE\n2025-12-13 19:11:51 INFO ================================================================================\nINFO:compliance_scan_scan_20251213_134125:================================================================================\n2025-12-13 19:11:51 INFO Total checks: 5\nINFO:compliance_scan_scan_20251213_134125:Total checks: 5\n2025-12-13 19:11:51 INFO   PASS: 0\nINFO:compliance_scan_scan_20251213_134125:  PASS: 0\n2025-12-13 19:11:51 INFO   FAIL: 4\nINFO:compliance_scan_scan_20251213_134125:  FAIL: 4\n2025-12-13 19:11:51 INFO \nReport: /Users/apple/Desktop/threat-engine/aws_compliance_python_engine/output/scan_20251213_134125\nINFO:compliance_scan_scan_20251213_134125:\nReport: /Users/apple/Desktop/threat-engine/aws_compliance_python_engine/output/scan_20251213_134125\n"
  }
}