{
  "accessanalyzer": [
    {
      "error_type": "unknown",
      "error_text": "2025-12-13 14:40:28 WARNING Failed get_access_preview: An error occurred (ValidationException) when calling the GetAccessPreview operation: Invalid analyzerArn",
      "fix": "Needs manual review"
    },
    {
      "error_type": "unknown",
      "error_text": "WARNING:compliance-boto3:Failed get_access_preview: An error occurred (ValidationException) when calling the GetAccessPreview operation: Invalid analyzerArn",
      "fix": "Needs manual review"
    }
  ],
  "acm": [
    {
      "error_type": "unknown",
      "error_text": "2025-12-13 14:40:47 WARNING Failed describe_certificate: An error occurred (ValidationException) when calling the DescribeCertificate operation: 1 validation error detected: Value of the input at 'cer",
      "fix": "Needs manual review"
    },
    {
      "error_type": "unknown",
      "error_text": "WARNING:compliance-boto3:Failed describe_certificate: An error occurred (ValidationException) when calling the DescribeCertificate operation: 1 validation error detected: Value of the input at 'certif",
      "fix": "Needs manual review"
    }
  ],
  "apigateway": [
    {
      "error_type": "template_not_resolved",
      "fix": "Template variable not resolving - check for_each linkage"
    },
    {
      "error_type": "template_not_resolved",
      "fix": "Template variable not resolving - check for_each linkage"
    },
    {
      "error_type": "template_not_resolved",
      "fix": "Template variable not resolving - check for_each linkage"
    },
    {
      "error_type": "template_not_resolved",
      "fix": "Template variable not resolving - check for_each linkage"
    },
    {
      "error_type": "template_not_resolved",
      "fix": "Template variable not resolving - check for_each linkage"
    },
    {
      "error_type": "template_not_resolved",
      "fix": "Template variable not resolving - check for_each linkage"
    },
    {
      "error_type": "template_not_resolved",
      "fix": "Template variable not resolving - check for_each linkage"
    },
    {
      "error_type": "template_not_resolved",
      "fix": "Template variable not resolving - check for_each linkage"
    }
  ],
  "apigatewayv2": [
    {
      "error_type": "template_not_resolved",
      "fix": "Template variable not resolving - check for_each linkage"
    },
    {
      "error_type": "template_not_resolved",
      "fix": "Template variable not resolving - check for_each linkage"
    },
    {
      "error_type": "template_not_resolved",
      "fix": "Template variable not resolving - check for_each linkage"
    },
    {
      "error_type": "template_not_resolved",
      "fix": "Template variable not resolving - check for_each linkage"
    }
  ],
  "appstream": [
    {
      "error_type": "unknown",
      "error_text": "Traceback (most recent call last):",
      "fix": "Needs manual review"
    }
  ],
  "appsync": [
    {
      "error_type": "unknown",
      "error_text": "Traceback (most recent call last):",
      "fix": "Needs manual review"
    }
  ],
  "athena": [
    {
      "error_type": "template_not_resolved",
      "fix": "Template variable not resolving - check for_each linkage"
    },
    {
      "error_type": "template_not_resolved",
      "fix": "Template variable not resolving - check for_each linkage"
    }
  ],
  "backup": [
    {
      "error_type": "unknown",
      "error_text": "Traceback (most recent call last):",
      "fix": "Needs manual review"
    }
  ],
  "bedrock": [
    {
      "error_type": "unknown",
      "error_text": "2025-12-13 14:42:58 WARNING Failed list_automated_reasoning_policy_build_workflows: An error occurred (ValidationException) when calling the ListAutomatedReasoningPolicyBuildWorkflows operation: The p",
      "fix": "Needs manual review"
    },
    {
      "error_type": "unknown",
      "error_text": "WARNING:compliance-boto3:Failed list_automated_reasoning_policy_build_workflows: An error occurred (ValidationException) when calling the ListAutomatedReasoningPolicyBuildWorkflows operation: The prov",
      "fix": "Needs manual review"
    }
  ],
  "budgets": [
    {
      "error_type": "unknown",
      "error_text": "Traceback (most recent call last):",
      "fix": "Needs manual review"
    }
  ],
  "cloudfront": [
    {
      "error_type": "unknown",
      "error_text": "2025-12-13 14:43:19 WARNING Failed get_distribution_config: An error occurred (NoSuchDistribution) when calling the GetDistributionConfig operation: The specified distribution does not exist.",
      "fix": "Needs manual review"
    },
    {
      "error_type": "unknown",
      "error_text": "WARNING:compliance-boto3:Failed get_distribution_config: An error occurred (NoSuchDistribution) when calling the GetDistributionConfig operation: The specified distribution does not exist.",
      "fix": "Needs manual review"
    },
    {
      "error_type": "unknown",
      "error_text": "2025-12-13 14:43:34 WARNING Failed get_origin_request_policy_config: An error occurred (NoSuchOriginRequestPolicy) when calling the GetOriginRequestPolicyConfig operation: The specified origin request",
      "fix": "Needs manual review"
    },
    {
      "error_type": "unknown",
      "error_text": "WARNING:compliance-boto3:Failed get_origin_request_policy_config: An error occurred (NoSuchOriginRequestPolicy) when calling the GetOriginRequestPolicyConfig operation: The specified origin request po",
      "fix": "Needs manual review"
    },
    {
      "error_type": "unknown",
      "error_text": "2025-12-13 14:43:50 WARNING Failed get_cache_policy_config: An error occurred (NoSuchCachePolicy) when calling the GetCachePolicyConfig operation: The specified cache policy does not exist.",
      "fix": "Needs manual review"
    },
    {
      "error_type": "unknown",
      "error_text": "WARNING:compliance-boto3:Failed get_cache_policy_config: An error occurred (NoSuchCachePolicy) when calling the GetCachePolicyConfig operation: The specified cache policy does not exist.",
      "fix": "Needs manual review"
    },
    {
      "error_type": "unknown",
      "error_text": "2025-12-13 14:44:05 WARNING Failed get_response_headers_policy_config: An error occurred (NoSuchResponseHeadersPolicy) when calling the GetResponseHeadersPolicyConfig operation: The specified response",
      "fix": "Needs manual review"
    },
    {
      "error_type": "unknown",
      "error_text": "WARNING:compliance-boto3:Failed get_response_headers_policy_config: An error occurred (NoSuchResponseHeadersPolicy) when calling the GetResponseHeadersPolicyConfig operation: The specified response he",
      "fix": "Needs manual review"
    },
    {
      "error_type": "unknown",
      "error_text": "2025-12-13 14:44:21 WARNING Failed copy_distribution: An error occurred (NoSuchDistribution) when calling the CopyDistribution operation: The specified distribution does not exist.",
      "fix": "Needs manual review"
    },
    {
      "error_type": "unknown",
      "error_text": "WARNING:compliance-boto3:Failed copy_distribution: An error occurred (NoSuchDistribution) when calling the CopyDistribution operation: The specified distribution does not exist.",
      "fix": "Needs manual review"
    },
    {
      "error_type": "invalid_parameter",
      "parameter": "validation",
      "fix": "Check validation parameter value/format"
    },
    {
      "error_type": "invalid_parameter",
      "parameter": "validation",
      "fix": "Check validation parameter value/format"
    }
  ],
  "cloudtrail": [
    {
      "error_type": "unknown",
      "error_text": "Traceback (most recent call last):",
      "fix": "Needs manual review"
    }
  ],
  "cloudwatch": [
    {
      "error_type": "unknown",
      "error_text": "Traceback (most recent call last):",
      "fix": "Needs manual review"
    }
  ],
  "codeartifact": [
    {
      "error_type": "unknown",
      "error_text": "Traceback (most recent call last):",
      "fix": "Needs manual review"
    }
  ],
  "codebuild": [
    {
      "error_type": "unknown",
      "error_text": "Traceback (most recent call last):",
      "fix": "Needs manual review"
    }
  ],
  "cognito": [
    {
      "error_type": "unknown",
      "error_text": "Traceback (most recent call last):",
      "fix": "Needs manual review"
    }
  ],
  "config": [
    {
      "error_type": "unknown",
      "error_text": "Traceback (most recent call last):",
      "fix": "Needs manual review"
    }
  ],
  "controltower": [
    {
      "error_type": "unknown",
      "error_text": "Traceback (most recent call last):",
      "fix": "Needs manual review"
    }
  ],
  "datasync": [
    {
      "error_type": "unknown",
      "error_text": "Traceback (most recent call last):",
      "fix": "Needs manual review"
    }
  ],
  "detective": [
    {
      "error_type": "unknown",
      "error_text": "Traceback (most recent call last):",
      "fix": "Needs manual review"
    }
  ],
  "directconnect": [
    {
      "error_type": "unknown",
      "error_text": "2025-12-13 14:44:58 WARNING Failed create_bgp_peer: An error occurred (DirectConnectClientException) when calling the CreateBGPPeer operation: VirtualInterfaceId cannot be empty",
      "fix": "Needs manual review"
    },
    {
      "error_type": "unknown",
      "error_text": "WARNING:compliance-boto3:Failed create_bgp_peer: An error occurred (DirectConnectClientException) when calling the CreateBGPPeer operation: VirtualInterfaceId cannot be empty",
      "fix": "Needs manual review"
    }
  ],
  "dms": [
    {
      "error_type": "unknown",
      "error_text": "2025-12-13 14:45:22 WARNING Failed create_instance_profile: An error occurred (AccessDeniedFault) when calling the CreateInstanceProfile operation: The IAM Role arn:aws:iam::588989875114:role/dms-vpc-",
      "fix": "Needs manual review"
    },
    {
      "error_type": "unknown",
      "error_text": "WARNING:compliance-boto3:Failed create_instance_profile: An error occurred (AccessDeniedFault) when calling the CreateInstanceProfile operation: The IAM Role arn:aws:iam::588989875114:role/dms-vpc-rol",
      "fix": "Needs manual review"
    }
  ],
  "drs": [
    {
      "error_type": "unknown",
      "error_text": "Traceback (most recent call last):",
      "fix": "Needs manual review"
    }
  ],
  "dynamodb": [
    {
      "error_type": "template_not_resolved",
      "fix": "Template variable not resolving - check for_each linkage"
    },
    {
      "error_type": "template_not_resolved",
      "fix": "Template variable not resolving - check for_each linkage"
    },
    {
      "error_type": "invalid_parameter",
      "parameter": "validation",
      "fix": "Check validation parameter value/format"
    },
    {
      "error_type": "invalid_parameter",
      "parameter": "validation",
      "fix": "Check validation parameter value/format"
    },
    {
      "error_type": "invalid_parameter",
      "parameter": "validation",
      "fix": "Check validation parameter value/format"
    },
    {
      "error_type": "invalid_parameter",
      "parameter": "validation",
      "fix": "Check validation parameter value/format"
    },
    {
      "error_type": "template_not_resolved",
      "fix": "Template variable not resolving - check for_each linkage"
    },
    {
      "error_type": "template_not_resolved",
      "fix": "Template variable not resolving - check for_each linkage"
    },
    {
      "error_type": "invalid_parameter",
      "parameter": "validation",
      "fix": "Check validation parameter value/format"
    },
    {
      "error_type": "invalid_parameter",
      "parameter": "validation",
      "fix": "Check validation parameter value/format"
    },
    {
      "error_type": "template_not_resolved",
      "fix": "Template variable not resolving - check for_each linkage"
    },
    {
      "error_type": "template_not_resolved",
      "fix": "Template variable not resolving - check for_each linkage"
    }
  ],
  "ebs": [
    {
      "error_type": "template_not_resolved",
      "fix": "Template variable not resolving - check for_each linkage"
    },
    {
      "error_type": "template_not_resolved",
      "fix": "Template variable not resolving - check for_each linkage"
    },
    {
      "error_type": "invalid_parameter",
      "parameter": "validation",
      "fix": "Check validation parameter value/format"
    },
    {
      "error_type": "invalid_parameter",
      "parameter": "validation",
      "fix": "Check validation parameter value/format"
    },
    {
      "error_type": "template_not_resolved",
      "fix": "Template variable not resolving - check for_each linkage"
    },
    {
      "error_type": "template_not_resolved",
      "fix": "Template variable not resolving - check for_each linkage"
    }
  ],
  "ec2": [
    {
      "error_type": "unknown",
      "error_text": "Timeout after 120 seconds",
      "fix": "Needs manual review"
    }
  ],
  "ecr": [
    {
      "error_type": "unknown",
      "error_text": "2025-12-13 14:53:09 WARNING Failed delete_signing_configuration: An error occurred (SigningConfigurationNotFoundException) when calling the DeleteSigningConfiguration operation: The signing configurat",
      "fix": "Needs manual review"
    },
    {
      "error_type": "unknown",
      "error_text": "WARNING:compliance-boto3:Failed delete_signing_configuration: An error occurred (SigningConfigurationNotFoundException) when calling the DeleteSigningConfiguration operation: The signing configuration",
      "fix": "Needs manual review"
    },
    {
      "error_type": "invalid_parameter",
      "parameter": "validation",
      "fix": "Check validation parameter value/format"
    },
    {
      "error_type": "invalid_parameter",
      "parameter": "validation",
      "fix": "Check validation parameter value/format"
    }
  ],
  "ecs": [
    {
      "error_type": "unknown",
      "error_text": "2025-12-13 14:53:42 WARNING Failed register_container_instance: An error occurred (InvalidParameterException) when calling the RegisterContainerInstance operation: Cluster can not be blank.",
      "fix": "Needs manual review"
    },
    {
      "error_type": "unknown",
      "error_text": "WARNING:compliance-boto3:Failed register_container_instance: An error occurred (InvalidParameterException) when calling the RegisterContainerInstance operation: Cluster can not be blank.",
      "fix": "Needs manual review"
    },
    {
      "error_type": "unknown",
      "error_text": "2025-12-13 14:54:03 WARNING Failed create_service: An error occurred (InvalidParameterException) when calling the CreateService operation: TaskDefinition can not be blank.",
      "fix": "Needs manual review"
    },
    {
      "error_type": "unknown",
      "error_text": "WARNING:compliance-boto3:Failed create_service: An error occurred (InvalidParameterException) when calling the CreateService operation: TaskDefinition can not be blank.",
      "fix": "Needs manual review"
    }
  ],
  "efs": [
    {
      "error_type": "unknown",
      "error_text": "2025-12-13 14:54:19 WARNING Failed describe_mount_targets: An error occurred (BadRequest) when calling the DescribeMountTargets operation: Must specify exactly one mutually exclusive parameter.",
      "fix": "Needs manual review"
    },
    {
      "error_type": "unknown",
      "error_text": "WARNING:compliance-boto3:Failed describe_mount_targets: An error occurred (BadRequest) when calling the DescribeMountTargets operation: Must specify exactly one mutually exclusive parameter.",
      "fix": "Needs manual review"
    },
    {
      "error_type": "invalid_parameter",
      "parameter": "validation",
      "fix": "Check validation parameter value/format"
    },
    {
      "error_type": "invalid_parameter",
      "parameter": "validation",
      "fix": "Check validation parameter value/format"
    }
  ],
  "eip": [
    {
      "error_type": "unknown",
      "error_text": "Traceback (most recent call last):",
      "fix": "Needs manual review"
    }
  ],
  "eks": [
    {
      "error_type": "invalid_parameter",
      "parameter": "validation",
      "fix": "Check validation parameter value/format"
    },
    {
      "error_type": "invalid_parameter",
      "parameter": "validation",
      "fix": "Check validation parameter value/format"
    },
    {
      "error_type": "invalid_parameter",
      "parameter": "validation",
      "fix": "Check validation parameter value/format"
    },
    {
      "error_type": "invalid_parameter",
      "parameter": "validation",
      "fix": "Check validation parameter value/format"
    },
    {
      "error_type": "invalid_parameter",
      "parameter": "validation",
      "fix": "Check validation parameter value/format"
    },
    {
      "error_type": "invalid_parameter",
      "parameter": "validation",
      "fix": "Check validation parameter value/format"
    },
    {
      "error_type": "unknown",
      "error_text": "2025-12-13 14:55:34 WARNING Failed create_pod_identity_association: An error occurred (AccessDeniedException) when calling the CreatePodIdentityAssociation operation: Cross-account pass role is not al",
      "fix": "Needs manual review"
    },
    {
      "error_type": "unknown",
      "error_text": "WARNING:compliance-boto3:Failed create_pod_identity_association: An error occurred (AccessDeniedException) when calling the CreatePodIdentityAssociation operation: Cross-account pass role is not allow",
      "fix": "Needs manual review"
    },
    {
      "error_type": "unknown",
      "error_text": "2025-12-13 14:55:48 WARNING Failed create_access_entry: An error occurred (InvalidParameterException) when calling the CreateAccessEntry operation: The parameter name contains invalid characters. It s",
      "fix": "Needs manual review"
    },
    {
      "error_type": "unknown",
      "error_text": "WARNING:compliance-boto3:Failed create_access_entry: An error occurred (InvalidParameterException) when calling the CreateAccessEntry operation: The parameter name contains invalid characters. It shou",
      "fix": "Needs manual review"
    },
    {
      "error_type": "unknown",
      "error_text": "2025-12-13 14:56:02 WARNING Failed create_addon: An error occurred (InvalidParameterException) when calling the CreateAddon operation: The parameter clusterName contains invalid characters. It should ",
      "fix": "Needs manual review"
    },
    {
      "error_type": "unknown",
      "error_text": "WARNING:compliance-boto3:Failed create_addon: An error occurred (InvalidParameterException) when calling the CreateAddon operation: The parameter clusterName contains invalid characters. It should con",
      "fix": "Needs manual review"
    },
    {
      "error_type": "unknown",
      "error_text": "2025-12-13 14:56:16 WARNING Failed create_fargate_profile: An error occurred (AccessDeniedException) when calling the CreateFargateProfile operation: Cross-account pass role is not allowed.",
      "fix": "Needs manual review"
    },
    {
      "error_type": "unknown",
      "error_text": "WARNING:compliance-boto3:Failed create_fargate_profile: An error occurred (AccessDeniedException) when calling the CreateFargateProfile operation: Cross-account pass role is not allowed.",
      "fix": "Needs manual review"
    },
    {
      "error_type": "template_not_resolved",
      "fix": "Template variable not resolving - check for_each linkage"
    },
    {
      "error_type": "template_not_resolved",
      "fix": "Template variable not resolving - check for_each linkage"
    }
  ],
  "elasticbeanstalk": [
    {
      "error_type": "unknown",
      "error_text": "2025-12-13 14:56:51 WARNING Failed describe_configuration_options: An error occurred (InvalidParameterValue) when calling the DescribeConfigurationOptions operation: Starting August 1 2017, you won't ",
      "fix": "Needs manual review"
    },
    {
      "error_type": "unknown",
      "error_text": "WARNING:compliance-boto3:Failed describe_configuration_options: An error occurred (InvalidParameterValue) when calling the DescribeConfigurationOptions operation: Starting August 1 2017, you won't be ",
      "fix": "Needs manual review"
    },
    {
      "error_type": "unknown",
      "error_text": "2025-12-13 14:57:05 WARNING Failed compose_environments: An error occurred (MissingParameter) when calling the ComposeEnvironments operation: ApplicationName must be specified",
      "fix": "Needs manual review"
    },
    {
      "error_type": "unknown",
      "error_text": "WARNING:compliance-boto3:Failed compose_environments: An error occurred (MissingParameter) when calling the ComposeEnvironments operation: ApplicationName must be specified",
      "fix": "Needs manual review"
    },
    {
      "error_type": "unknown",
      "error_text": "2025-12-13 14:57:20 WARNING Failed describe_configuration_settings: An error occurred (MissingParameter) when calling the DescribeConfigurationSettings operation: You must specify either Configuration",
      "fix": "Needs manual review"
    },
    {
      "error_type": "unknown",
      "error_text": "WARNING:compliance-boto3:Failed describe_configuration_settings: An error occurred (MissingParameter) when calling the DescribeConfigurationSettings operation: You must specify either Configuration Te",
      "fix": "Needs manual review"
    }
  ],
  "elb": [
    {
      "error_type": "unknown",
      "error_text": "Traceback (most recent call last):",
      "fix": "Needs manual review"
    }
  ],
  "elbv2": [
    {
      "error_type": "unknown",
      "error_text": "2025-12-13 14:57:42 WARNING Failed describe_listeners: An error occurred (ValidationError) when calling the DescribeListeners operation: You must specify either listener ARNs or a load balancer ARN",
      "fix": "Needs manual review"
    },
    {
      "error_type": "unknown",
      "error_text": "WARNING:compliance-boto3:Failed describe_listeners: An error occurred (ValidationError) when calling the DescribeListeners operation: You must specify either listener ARNs or a load balancer ARN",
      "fix": "Needs manual review"
    },
    {
      "error_type": "template_not_resolved",
      "fix": "Template variable not resolving - check for_each linkage"
    },
    {
      "error_type": "template_not_resolved",
      "fix": "Template variable not resolving - check for_each linkage"
    },
    {
      "error_type": "invalid_parameter",
      "parameter": "validation",
      "fix": "Check validation parameter value/format"
    },
    {
      "error_type": "invalid_parameter",
      "parameter": "validation",
      "fix": "Check validation parameter value/format"
    }
  ],
  "emr": [
    {
      "error_type": "template_not_resolved",
      "fix": "Template variable not resolving - check for_each linkage"
    },
    {
      "error_type": "template_not_resolved",
      "fix": "Template variable not resolving - check for_each linkage"
    }
  ],
  "firehose": [
    {
      "error_type": "unknown",
      "error_text": "2025-12-13 14:58:58 WARNING Failed describe_delivery_stream: An error occurred (ValidationException) when calling the DescribeDeliveryStream operation: 1 validation error detected: Value at 'deliveryS",
      "fix": "Needs manual review"
    },
    {
      "error_type": "unknown",
      "error_text": "WARNING:compliance-boto3:Failed describe_delivery_stream: An error occurred (ValidationException) when calling the DescribeDeliveryStream operation: 1 validation error detected: Value at 'deliveryStre",
      "fix": "Needs manual review"
    }
  ],
  "fsx": [
    {
      "error_type": "unknown",
      "error_text": "2025-12-13 14:59:15 WARNING Failed create_backup: An error occurred (BadRequest) when calling the CreateBackup operation: 1 validation error detected: Value null at 'fileSystemId' failed to satisfy co",
      "fix": "Needs manual review"
    },
    {
      "error_type": "unknown",
      "error_text": "WARNING:compliance-boto3:Failed create_backup: An error occurred (BadRequest) when calling the CreateBackup operation: 1 validation error detected: Value null at 'fileSystemId' failed to satisfy const",
      "fix": "Needs manual review"
    }
  ],
  "glacier": [
    {
      "error_type": "unknown",
      "error_text": "Traceback (most recent call last):",
      "fix": "Needs manual review"
    }
  ],
  "globalaccelerator": [
    {
      "error_type": "unknown",
      "error_text": "2025-12-13 15:00:45 WARNING Failed list_accelerators: Could not connect to the endpoint URL: \"https://globalaccelerator.us-east-1.amazonaws.com/\"",
      "fix": "Needs manual review"
    },
    {
      "error_type": "unknown",
      "error_text": "WARNING:compliance-boto3:Failed list_accelerators: Could not connect to the endpoint URL: \"https://globalaccelerator.us-east-1.amazonaws.com/\"",
      "fix": "Needs manual review"
    },
    {
      "error_type": "unknown",
      "error_text": "2025-12-13 15:02:32 WARNING Failed describe_accelerator_attributes: Could not connect to the endpoint URL: \"https://globalaccelerator.us-east-1.amazonaws.com/\"",
      "fix": "Needs manual review"
    },
    {
      "error_type": "unknown",
      "error_text": "WARNING:compliance-boto3:Failed describe_accelerator_attributes: Could not connect to the endpoint URL: \"https://globalaccelerator.us-east-1.amazonaws.com/\"",
      "fix": "Needs manual review"
    },
    {
      "error_type": "invalid_parameter",
      "parameter": "validation",
      "fix": "Check validation parameter value/format"
    },
    {
      "error_type": "invalid_parameter",
      "parameter": "validation",
      "fix": "Check validation parameter value/format"
    }
  ],
  "guardduty": [
    {
      "error_type": "unknown",
      "error_text": "2025-12-13 15:03:07 WARNING Failed describe_organization_configuration: An error occurred (BadRequestException) when calling the DescribeOrganizationConfiguration operation: The request is rejected be",
      "fix": "Needs manual review"
    },
    {
      "error_type": "unknown",
      "error_text": "WARNING:compliance-boto3:Failed describe_organization_configuration: An error occurred (BadRequestException) when calling the DescribeOrganizationConfiguration operation: The request is rejected becau",
      "fix": "Needs manual review"
    },
    {
      "error_type": "unknown",
      "error_text": "2025-12-13 15:03:21 WARNING Failed describe_publishing_destination: An error occurred (BadRequestException) when calling the DescribePublishingDestination operation: The request is rejected because th",
      "fix": "Needs manual review"
    },
    {
      "error_type": "unknown",
      "error_text": "WARNING:compliance-boto3:Failed describe_publishing_destination: An error occurred (BadRequestException) when calling the DescribePublishingDestination operation: The request is rejected because the p",
      "fix": "Needs manual review"
    },
    {
      "error_type": "unknown",
      "error_text": "2025-12-13 15:03:36 WARNING Failed get_findings_statistics: An error occurred (BadRequestException) when calling the GetFindingsStatistics operation: The request is rejected because the parameter dete",
      "fix": "Needs manual review"
    },
    {
      "error_type": "unknown",
      "error_text": "WARNING:compliance-boto3:Failed get_findings_statistics: An error occurred (BadRequestException) when calling the GetFindingsStatistics operation: The request is rejected because the parameter detecto",
      "fix": "Needs manual review"
    },
    {
      "error_type": "unknown",
      "error_text": "2025-12-13 15:03:51 WARNING Failed get_detector: An error occurred (BadRequestException) when calling the GetDetector operation: The request is rejected because the parameter detectorId has an invalid",
      "fix": "Needs manual review"
    },
    {
      "error_type": "unknown",
      "error_text": "WARNING:compliance-boto3:Failed get_detector: An error occurred (BadRequestException) when calling the GetDetector operation: The request is rejected because the parameter detectorId has an invalid va",
      "fix": "Needs manual review"
    },
    {
      "error_type": "unknown",
      "error_text": "2025-12-13 15:04:05 WARNING Failed list_publishing_destinations: An error occurred (BadRequestException) when calling the ListPublishingDestinations operation: The request is rejected because the para",
      "fix": "Needs manual review"
    },
    {
      "error_type": "unknown",
      "error_text": "WARNING:compliance-boto3:Failed list_publishing_destinations: An error occurred (BadRequestException) when calling the ListPublishingDestinations operation: The request is rejected because the paramet",
      "fix": "Needs manual review"
    }
  ],
  "iam": [
    {
      "error_type": "unknown",
      "error_text": "2025-12-13 15:04:26 WARNING Failed create_access_key: An error occurred (LimitExceeded) when calling the CreateAccessKey operation: Cannot exceed quota for AccessKeysPerUser: 2",
      "fix": "Needs manual review"
    },
    {
      "error_type": "unknown",
      "error_text": "WARNING:compliance-boto3:Failed create_access_key: An error occurred (LimitExceeded) when calling the CreateAccessKey operation: Cannot exceed quota for AccessKeysPerUser: 2",
      "fix": "Needs manual review"
    },
    {
      "error_type": "invalid_parameter",
      "parameter": "validation",
      "fix": "Check validation parameter value/format"
    },
    {
      "error_type": "invalid_parameter",
      "parameter": "validation",
      "fix": "Check validation parameter value/format"
    },
    {
      "error_type": "invalid_parameter",
      "parameter": "validation",
      "fix": "Check validation parameter value/format"
    },
    {
      "error_type": "invalid_parameter",
      "parameter": "validation",
      "fix": "Check validation parameter value/format"
    },
    {
      "error_type": "unknown",
      "error_text": "2025-12-13 15:05:10 WARNING Failed get_access_key_last_used: An error occurred (ValidationError) when calling the GetAccessKeyLastUsed operation: The specified value for accessKeyId is invalid. It mus",
      "fix": "Needs manual review"
    },
    {
      "error_type": "unknown",
      "error_text": "WARNING:compliance-boto3:Failed get_access_key_last_used: An error occurred (ValidationError) when calling the GetAccessKeyLastUsed operation: The specified value for accessKeyId is invalid. It must c",
      "fix": "Needs manual review"
    }
  ],
  "inspector": [
    {
      "error_type": "unknown",
      "error_text": "Traceback (most recent call last):",
      "fix": "Needs manual review"
    }
  ],
  "kafka": [
    {
      "error_type": "unknown",
      "error_text": "Traceback (most recent call last):",
      "fix": "Needs manual review"
    }
  ],
  "kinesis": [
    {
      "error_type": "unknown",
      "error_text": "2025-12-13 15:05:37 WARNING Failed describe_stream: An error occurred (InvalidArgumentException) when calling the DescribeStream operation: Stream arn and stream name can't be empty at the same time",
      "fix": "Needs manual review"
    },
    {
      "error_type": "unknown",
      "error_text": "WARNING:compliance-boto3:Failed describe_stream: An error occurred (InvalidArgumentException) when calling the DescribeStream operation: Stream arn and stream name can't be empty at the same time",
      "fix": "Needs manual review"
    },
    {
      "error_type": "unknown",
      "error_text": "2025-12-13 15:05:57 WARNING Failed describe_stream_consumer: An error occurred (InvalidArgumentException) when calling the DescribeStreamConsumer operation: Both streamARN and consumer name must be pr",
      "fix": "Needs manual review"
    },
    {
      "error_type": "unknown",
      "error_text": "WARNING:compliance-boto3:Failed describe_stream_consumer: An error occurred (InvalidArgumentException) when calling the DescribeStreamConsumer operation: Both streamARN and consumer name must be provi",
      "fix": "Needs manual review"
    }
  ],
  "kinesisanalytics": [
    {
      "error_type": "unknown",
      "error_text": "Traceback (most recent call last):",
      "fix": "Needs manual review"
    }
  ],
  "kms": [
    {
      "error_type": "template_not_resolved",
      "fix": "Template variable not resolving - check for_each linkage"
    },
    {
      "error_type": "template_not_resolved",
      "fix": "Template variable not resolving - check for_each linkage"
    }
  ],
  "lakeformation": [
    {
      "error_type": "unknown",
      "error_text": "Traceback (most recent call last):",
      "fix": "Needs manual review"
    }
  ],
  "lambda": [
    {
      "error_type": "template_not_resolved",
      "fix": "Template variable not resolving - check for_each linkage"
    },
    {
      "error_type": "template_not_resolved",
      "fix": "Template variable not resolving - check for_each linkage"
    },
    {
      "error_type": "template_not_resolved",
      "fix": "Template variable not resolving - check for_each linkage"
    },
    {
      "error_type": "template_not_resolved",
      "fix": "Template variable not resolving - check for_each linkage"
    }
  ],
  "lightsail": [
    {
      "error_type": "unknown",
      "error_text": "2025-12-13 15:07:09 WARNING Failed create_container_service_registry_login: An error occurred (InvalidInputException) when calling the CreateContainerServiceRegistryLogin operation: You must create a ",
      "fix": "Needs manual review"
    },
    {
      "error_type": "unknown",
      "error_text": "WARNING:compliance-boto3:Failed create_container_service_registry_login: An error occurred (InvalidInputException) when calling the CreateContainerServiceRegistryLogin operation: You must create a con",
      "fix": "Needs manual review"
    }
  ],
  "mq": [
    {
      "error_type": "unknown",
      "error_text": "Traceback (most recent call last):",
      "fix": "Needs manual review"
    }
  ],
  "neptune": [
    {
      "error_type": "unknown",
      "error_text": "2025-12-13 15:07:44 WARNING Failed describe_orderable_db_instance_options: An error occurred (InvalidParameterValue) when calling the DescribeOrderableDBInstanceOptions operation: Invalid DB engine",
      "fix": "Needs manual review"
    },
    {
      "error_type": "unknown",
      "error_text": "WARNING:compliance-boto3:Failed describe_orderable_db_instance_options: An error occurred (InvalidParameterValue) when calling the DescribeOrderableDBInstanceOptions operation: Invalid DB engine",
      "fix": "Needs manual review"
    }
  ],
  "opensearch": [
    {
      "error_type": "template_not_resolved",
      "fix": "Template variable not resolving - check for_each linkage"
    },
    {
      "error_type": "template_not_resolved",
      "fix": "Template variable not resolving - check for_each linkage"
    }
  ],
  "organizations": [
    {
      "error_type": "unknown",
      "error_text": "Traceback (most recent call last):",
      "fix": "Needs manual review"
    }
  ],
  "parameterstore": [
    {
      "error_type": "unknown",
      "error_text": "Traceback (most recent call last):",
      "fix": "Needs manual review"
    }
  ],
  "quicksight": [
    {
      "error_type": "unknown",
      "error_text": "Traceback (most recent call last):",
      "fix": "Needs manual review"
    }
  ],
  "rds": [
    {
      "error_type": "unknown",
      "error_text": "2025-12-13 15:08:31 WARNING Failed delete_db_instance_automated_backup: An error occurred (InvalidParameterValue) when calling the DeleteDBInstanceAutomatedBackup operation: You must enter either DbIn",
      "fix": "Needs manual review"
    },
    {
      "error_type": "unknown",
      "error_text": "WARNING:compliance-boto3:Failed delete_db_instance_automated_backup: An error occurred (InvalidParameterValue) when calling the DeleteDBInstanceAutomatedBackup operation: You must enter either DbInsta",
      "fix": "Needs manual review"
    },
    {
      "error_type": "template_not_resolved",
      "fix": "Template variable not resolving - check for_each linkage"
    },
    {
      "error_type": "template_not_resolved",
      "fix": "Template variable not resolving - check for_each linkage"
    },
    {
      "error_type": "unknown",
      "error_text": "2025-12-13 15:09:17 WARNING Failed describe_orderable_db_instance_options: An error occurred (InvalidParameterValue) when calling the DescribeOrderableDBInstanceOptions operation: Invalid DB engine",
      "fix": "Needs manual review"
    },
    {
      "error_type": "unknown",
      "error_text": "WARNING:compliance-boto3:Failed describe_orderable_db_instance_options: An error occurred (InvalidParameterValue) when calling the DescribeOrderableDBInstanceOptions operation: Invalid DB engine",
      "fix": "Needs manual review"
    },
    {
      "error_type": "template_not_resolved",
      "fix": "Template variable not resolving - check for_each linkage"
    },
    {
      "error_type": "template_not_resolved",
      "fix": "Template variable not resolving - check for_each linkage"
    }
  ],
  "redshift": [
    {
      "error_type": "unknown",
      "error_text": "2025-12-13 15:10:03 WARNING Failed describe_cluster_security_groups: An error occurred (InvalidParameterValue) when calling the DescribeClusterSecurityGroups operation: Amazon Redshift has discontinue",
      "fix": "Needs manual review"
    },
    {
      "error_type": "unknown",
      "error_text": "WARNING:compliance-boto3:Failed describe_cluster_security_groups: An error occurred (InvalidParameterValue) when calling the DescribeClusterSecurityGroups operation: Amazon Redshift has discontinued c",
      "fix": "Needs manual review"
    },
    {
      "error_type": "unknown",
      "error_text": "2025-12-13 15:10:29 WARNING Failed describe_cluster_parameters: An error occurred (InvalidParameterValue) when calling the DescribeClusterParameters operation: The parameter DBParameterGroupName is no",
      "fix": "Needs manual review"
    },
    {
      "error_type": "unknown",
      "error_text": "WARNING:compliance-boto3:Failed describe_cluster_parameters: An error occurred (InvalidParameterValue) when calling the DescribeClusterParameters operation: The parameter DBParameterGroupName is not a",
      "fix": "Needs manual review"
    }
  ],
  "route53": [
    {
      "error_type": "template_not_resolved",
      "fix": "Template variable not resolving - check for_each linkage"
    },
    {
      "error_type": "template_not_resolved",
      "fix": "Template variable not resolving - check for_each linkage"
    },
    {
      "error_type": "template_not_resolved",
      "fix": "Template variable not resolving - check for_each linkage"
    },
    {
      "error_type": "template_not_resolved",
      "fix": "Template variable not resolving - check for_each linkage"
    },
    {
      "error_type": "unknown",
      "error_text": "2025-12-13 15:11:22 WARNING Failed create_traffic_policy: An error occurred (InvalidTrafficPolicyDocument) when calling the CreateTrafficPolicy operation: The document is not in valid JSON format at l",
      "fix": "Needs manual review"
    },
    {
      "error_type": "unknown",
      "error_text": "WARNING:compliance-boto3:Failed create_traffic_policy: An error occurred (InvalidTrafficPolicyDocument) when calling the CreateTrafficPolicy operation: The document is not in valid JSON format at line",
      "fix": "Needs manual review"
    }
  ],
  "s3": [
    {
      "error_type": "invalid_parameter",
      "parameter": "validation",
      "fix": "Check validation parameter value/format"
    },
    {
      "error_type": "invalid_parameter",
      "parameter": "validation",
      "fix": "Check validation parameter value/format"
    },
    {
      "error_type": "invalid_parameter",
      "parameter": "validation",
      "fix": "Check validation parameter value/format"
    },
    {
      "error_type": "invalid_parameter",
      "parameter": "validation",
      "fix": "Check validation parameter value/format"
    },
    {
      "error_type": "invalid_parameter",
      "parameter": "validation",
      "fix": "Check validation parameter value/format"
    },
    {
      "error_type": "invalid_parameter",
      "parameter": "validation",
      "fix": "Check validation parameter value/format"
    },
    {
      "error_type": "invalid_parameter",
      "parameter": "validation",
      "fix": "Check validation parameter value/format"
    },
    {
      "error_type": "invalid_parameter",
      "parameter": "validation",
      "fix": "Check validation parameter value/format"
    },
    {
      "error_type": "invalid_parameter",
      "parameter": "validation",
      "fix": "Check validation parameter value/format"
    },
    {
      "error_type": "invalid_parameter",
      "parameter": "validation",
      "fix": "Check validation parameter value/format"
    },
    {
      "error_type": "invalid_parameter",
      "parameter": "validation",
      "fix": "Check validation parameter value/format"
    },
    {
      "error_type": "invalid_parameter",
      "parameter": "validation",
      "fix": "Check validation parameter value/format"
    },
    {
      "error_type": "invalid_parameter",
      "parameter": "validation",
      "fix": "Check validation parameter value/format"
    },
    {
      "error_type": "invalid_parameter",
      "parameter": "validation",
      "fix": "Check validation parameter value/format"
    },
    {
      "error_type": "invalid_parameter",
      "parameter": "validation",
      "fix": "Check validation parameter value/format"
    },
    {
      "error_type": "invalid_parameter",
      "parameter": "validation",
      "fix": "Check validation parameter value/format"
    },
    {
      "error_type": "invalid_parameter",
      "parameter": "validation",
      "fix": "Check validation parameter value/format"
    },
    {
      "error_type": "invalid_parameter",
      "parameter": "validation",
      "fix": "Check validation parameter value/format"
    },
    {
      "error_type": "invalid_parameter",
      "parameter": "validation",
      "fix": "Check validation parameter value/format"
    },
    {
      "error_type": "invalid_parameter",
      "parameter": "validation",
      "fix": "Check validation parameter value/format"
    }
  ],
  "sagemaker": [
    {
      "error_type": "unknown",
      "error_text": "Traceback (most recent call last):",
      "fix": "Needs manual review"
    }
  ],
  "savingsplans": [
    {
      "error_type": "unknown",
      "error_text": "Traceback (most recent call last):",
      "fix": "Needs manual review"
    }
  ],
  "securityhub": [
    {
      "error_type": "unknown",
      "error_text": "Traceback (most recent call last):",
      "fix": "Needs manual review"
    }
  ],
  "servicecatalog": [
    {
      "error_type": "unknown",
      "error_text": "Traceback (most recent call last):",
      "fix": "Needs manual review"
    }
  ],
  "ses": [
    {
      "error_type": "unknown",
      "error_text": "Traceback (most recent call last):",
      "fix": "Needs manual review"
    }
  ],
  "shield": [
    {
      "error_type": "unknown",
      "error_text": "Traceback (most recent call last):",
      "fix": "Needs manual review"
    }
  ],
  "sns": [
    {
      "error_type": "unknown",
      "error_text": "Traceback (most recent call last):",
      "fix": "Needs manual review"
    }
  ],
  "sqs": [
    {
      "error_type": "unknown",
      "error_text": "Traceback (most recent call last):",
      "fix": "Needs manual review"
    }
  ],
  "ssm": [
    {
      "error_type": "unknown",
      "error_text": "Traceback (most recent call last):",
      "fix": "Needs manual review"
    }
  ],
  "stepfunctions": [
    {
      "error_type": "unknown",
      "error_text": "Traceback (most recent call last):",
      "fix": "Needs manual review"
    }
  ],
  "storagegateway": [
    {
      "error_type": "unknown",
      "error_text": "Traceback (most recent call last):",
      "fix": "Needs manual review"
    }
  ],
  "transfer": [
    {
      "error_type": "unknown",
      "error_text": "Traceback (most recent call last):",
      "fix": "Needs manual review"
    }
  ],
  "vpc": [
    {
      "error_type": "unknown",
      "error_text": "2025-12-13 15:14:05 WARNING Failed create_default_subnet: An error occurred (MissingParameter) when calling the CreateDefaultSubnet operation: Either 'AvailabilityZone' or 'AvailabilityZoneId' should ",
      "fix": "Needs manual review"
    },
    {
      "error_type": "unknown",
      "error_text": "WARNING:compliance-boto3:Failed create_default_subnet: An error occurred (MissingParameter) when calling the CreateDefaultSubnet operation: Either 'AvailabilityZone' or 'AvailabilityZoneId' should be ",
      "fix": "Needs manual review"
    },
    {
      "error_type": "unknown",
      "error_text": "2025-12-13 15:14:31 WARNING Failed authorize_security_group_ingress: An error occurred (MissingParameter) when calling the AuthorizeSecurityGroupIngress operation: The request must contain the paramet",
      "fix": "Needs manual review"
    },
    {
      "error_type": "unknown",
      "error_text": "WARNING:compliance-boto3:Failed authorize_security_group_ingress: An error occurred (MissingParameter) when calling the AuthorizeSecurityGroupIngress operation: The request must contain the parameter ",
      "fix": "Needs manual review"
    },
    {
      "error_type": "unknown",
      "error_text": "2025-12-13 15:14:53 WARNING Failed create_vpc_endpoint_service_configuration: An error occurred (InvalidParameter) when calling the CreateVpcEndpointServiceConfiguration operation: exactly one of netw",
      "fix": "Needs manual review"
    },
    {
      "error_type": "unknown",
      "error_text": "WARNING:compliance-boto3:Failed create_vpc_endpoint_service_configuration: An error occurred (InvalidParameter) when calling the CreateVpcEndpointServiceConfiguration operation: exactly one of network",
      "fix": "Needs manual review"
    },
    {
      "error_type": "unknown",
      "error_text": "2025-12-13 15:15:15 WARNING Failed create_default_vpc: An error occurred (DefaultVpcAlreadyExists) when calling the CreateDefaultVpc operation: A Default VPC already exists for this account in this re",
      "fix": "Needs manual review"
    },
    {
      "error_type": "unknown",
      "error_text": "WARNING:compliance-boto3:Failed create_default_vpc: An error occurred (DefaultVpcAlreadyExists) when calling the CreateDefaultVpc operation: A Default VPC already exists for this account in this regio",
      "fix": "Needs manual review"
    },
    {
      "error_type": "unknown",
      "error_text": "2025-12-13 15:15:38 WARNING Failed create_nat_gateway: An error occurred (MissingParameter) when calling the CreateNatGateway operation: The request must include the SubnetId parameter. Add the requir",
      "fix": "Needs manual review"
    },
    {
      "error_type": "unknown",
      "error_text": "WARNING:compliance-boto3:Failed create_nat_gateway: An error occurred (MissingParameter) when calling the CreateNatGateway operation: The request must include the SubnetId parameter. Add the required ",
      "fix": "Needs manual review"
    }
  ],
  "vpcflowlogs": [
    {
      "error_type": "unknown",
      "error_text": "Traceback (most recent call last):",
      "fix": "Needs manual review"
    }
  ],
  "waf": [
    {
      "error_type": "unknown",
      "error_text": "2025-12-13 15:16:54 WARNING Failed list_activated_rules_in_rule_group: An error occurred (ValidationException) when calling the ListActivatedRulesInRuleGroup operation: RuleGroupId could not be empty.",
      "fix": "Needs manual review"
    },
    {
      "error_type": "unknown",
      "error_text": "WARNING:compliance-boto3:Failed list_activated_rules_in_rule_group: An error occurred (ValidationException) when calling the ListActivatedRulesInRuleGroup operation: RuleGroupId could not be empty.",
      "fix": "Needs manual review"
    },
    {
      "error_type": "unknown",
      "error_text": "2025-12-13 15:17:14 WARNING Failed list_logging_configurations: An error occurred (ValidationException) when calling the ListLoggingConfigurations operation: 1 validation error detected: Value '0' at ",
      "fix": "Needs manual review"
    },
    {
      "error_type": "unknown",
      "error_text": "WARNING:compliance-boto3:Failed list_logging_configurations: An error occurred (ValidationException) when calling the ListLoggingConfigurations operation: 1 validation error detected: Value '0' at 'li",
      "fix": "Needs manual review"
    },
    {
      "error_type": "unknown",
      "error_text": "2025-12-13 15:17:16 WARNING Failed list_web_ac_ls: 'WAF' object has no attribute 'list_web_ac_ls'",
      "fix": "Needs manual review"
    },
    {
      "error_type": "unknown",
      "error_text": "WARNING:compliance-boto3:Failed list_web_ac_ls: 'WAF' object has no attribute 'list_web_ac_ls'",
      "fix": "Needs manual review"
    },
    {
      "error_type": "unknown",
      "error_text": "2025-12-13 15:17:36 WARNING Failed create_regex_pattern_set: An error occurred (WAFStaleDataException) when calling the CreateRegexPatternSet operation: The input token is no longer current.",
      "fix": "Needs manual review"
    },
    {
      "error_type": "unknown",
      "error_text": "WARNING:compliance-boto3:Failed create_regex_pattern_set: An error occurred (WAFStaleDataException) when calling the CreateRegexPatternSet operation: The input token is no longer current.",
      "fix": "Needs manual review"
    },
    {
      "error_type": "unknown",
      "error_text": "2025-12-13 15:17:56 WARNING Failed create_ip_set: An error occurred (WAFStaleDataException) when calling the CreateIPSet operation: The input token is no longer current.",
      "fix": "Needs manual review"
    },
    {
      "error_type": "unknown",
      "error_text": "WARNING:compliance-boto3:Failed create_ip_set: An error occurred (WAFStaleDataException) when calling the CreateIPSet operation: The input token is no longer current.",
      "fix": "Needs manual review"
    },
    {
      "error_type": "invalid_parameter",
      "parameter": "validation",
      "fix": "Check validation parameter value/format"
    },
    {
      "error_type": "invalid_parameter",
      "parameter": "validation",
      "fix": "Check validation parameter value/format"
    },
    {
      "error_type": "template_not_resolved",
      "fix": "Template variable not resolving - check for_each linkage"
    },
    {
      "error_type": "template_not_resolved",
      "fix": "Template variable not resolving - check for_each linkage"
    }
  ],
  "wafv2": [
    {
      "error_type": "unknown",
      "error_text": "2025-12-13 15:18:48 WARNING Failed get_rule_group: An error occurred (AccessDeniedException) when calling the GetRuleGroup operation: Critical information is missing in your request: GetRuleGroupReque",
      "fix": "Needs manual review"
    },
    {
      "error_type": "unknown",
      "error_text": "WARNING:compliance-boto3:Failed get_rule_group: An error occurred (AccessDeniedException) when calling the GetRuleGroup operation: Critical information is missing in your request: GetRuleGroupRequest(",
      "fix": "Needs manual review"
    },
    {
      "error_type": "unknown",
      "error_text": "2025-12-13 15:19:09 WARNING Failed get_web_acl: An error occurred (AccessDeniedException) when calling the GetWebACL operation: Critical information is missing in your request: GetWebACLRequest(name=n",
      "fix": "Needs manual review"
    },
    {
      "error_type": "unknown",
      "error_text": "WARNING:compliance-boto3:Failed get_web_acl: An error occurred (AccessDeniedException) when calling the GetWebACL operation: Critical information is missing in your request: GetWebACLRequest(name=null",
      "fix": "Needs manual review"
    },
    {
      "error_type": "template_not_resolved",
      "fix": "Template variable not resolving - check for_each linkage"
    },
    {
      "error_type": "template_not_resolved",
      "fix": "Template variable not resolving - check for_each linkage"
    },
    {
      "error_type": "invalid_parameter",
      "parameter": "validation",
      "fix": "Check validation parameter value/format"
    },
    {
      "error_type": "invalid_parameter",
      "parameter": "validation",
      "fix": "Check validation parameter value/format"
    },
    {
      "error_type": "template_not_resolved",
      "fix": "Template variable not resolving - check for_each linkage"
    },
    {
      "error_type": "template_not_resolved",
      "fix": "Template variable not resolving - check for_each linkage"
    },
    {
      "error_type": "template_not_resolved",
      "fix": "Template variable not resolving - check for_each linkage"
    },
    {
      "error_type": "template_not_resolved",
      "fix": "Template variable not resolving - check for_each linkage"
    },
    {
      "error_type": "invalid_parameter",
      "parameter": "validation",
      "fix": "Check validation parameter value/format"
    },
    {
      "error_type": "invalid_parameter",
      "parameter": "validation",
      "fix": "Check validation parameter value/format"
    }
  ],
  "wellarchitected": [
    {
      "error_type": "unknown",
      "error_text": "Traceback (most recent call last):",
      "fix": "Needs manual review"
    }
  ],
  "workflows": [
    {
      "error_type": "unknown",
      "error_text": "Traceback (most recent call last):",
      "fix": "Needs manual review"
    }
  ],
  "xray": [
    {
      "error_type": "unknown",
      "error_text": "Traceback (most recent call last):",
      "fix": "Needs manual review"
    }
  ]
}